<?xml version="1.0" encoding="UTF-8"?>
<testsuite name="ru.egalvi.problem.persistance.integration.EntityMappingIntegrationTests" tests="4" skipped="0" failures="0" errors="0" timestamp="2014-09-16T13:49:49" hostname="EPRUPETW0419" time="2.083">
  <properties/>
  <testcase name="solutionMapping" classname="ru.egalvi.problem.persistance.integration.EntityMappingIntegrationTests" time="2.051"/>
  <testcase name="problemMapping" classname="ru.egalvi.problem.persistance.integration.EntityMappingIntegrationTests" time="0.011"/>
  <testcase name="categoryMapping" classname="ru.egalvi.problem.persistance.integration.EntityMappingIntegrationTests" time="0.012"/>
  <testcase name="disciplineMapping" classname="ru.egalvi.problem.persistance.integration.EntityMappingIntegrationTests" time="0.009"/>
  <system-out><![CDATA[DEBUG - SpringJUnit4ClassRunner    - SpringJUnit4ClassRunner constructor called with [class ru.egalvi.problem.persistance.integration.EntityMappingIntegrationTests].
DEBUG - legatingSmartContextLoader - Delegating to AnnotationConfigContextLoader to process context configuration [ContextConfigurationAttributes@492c04b1 declaringClass = 'ru.egalvi.problem.persistance.integration.EntityMappingIntegrationTests', locations = '{}', classes = '{class ru.egalvi.problem.config.JPAConfiguration}', inheritLocations = true, initializers = '{}', inheritInitializers = true, name = [null], contextLoaderClass = 'org.springframework.test.context.ContextLoader'].
DEBUG - ContextLoaderUtils         - Could not find an 'annotation declaring class' for annotation type [org.springframework.test.context.ActiveProfiles] and class [ru.egalvi.problem.persistance.integration.EntityMappingIntegrationTests]
DEBUG - TestContextManager         - @TestExecutionListeners is not present for class [class ru.egalvi.problem.persistance.integration.EntityMappingIntegrationTests]: using defaults.
DEBUG - ProfileValueUtils          - Retrieved @ProfileValueSourceConfiguration [null] for test class [ru.egalvi.problem.persistance.integration.EntityMappingIntegrationTests]
DEBUG - ProfileValueUtils          - Retrieved ProfileValueSource type [class org.springframework.test.annotation.SystemProfileValueSource] for class [ru.egalvi.problem.persistance.integration.EntityMappingIntegrationTests]
DEBUG - ProfileValueUtils          - Retrieved @ProfileValueSourceConfiguration [null] for test class [ru.egalvi.problem.persistance.integration.EntityMappingIntegrationTests]
DEBUG - ProfileValueUtils          - Retrieved ProfileValueSource type [class org.springframework.test.annotation.SystemProfileValueSource] for class [ru.egalvi.problem.persistance.integration.EntityMappingIntegrationTests]
DEBUG - ProfileValueUtils          - Retrieved @ProfileValueSourceConfiguration [null] for test class [ru.egalvi.problem.persistance.integration.EntityMappingIntegrationTests]
DEBUG - ProfileValueUtils          - Retrieved ProfileValueSource type [class org.springframework.test.annotation.SystemProfileValueSource] for class [ru.egalvi.problem.persistance.integration.EntityMappingIntegrationTests]
DEBUG - ProfileValueUtils          - Retrieved @ProfileValueSourceConfiguration [null] for test class [ru.egalvi.problem.persistance.integration.EntityMappingIntegrationTests]
DEBUG - ProfileValueUtils          - Retrieved ProfileValueSource type [class org.springframework.test.annotation.SystemProfileValueSource] for class [ru.egalvi.problem.persistance.integration.EntityMappingIntegrationTests]
DEBUG - legatingSmartContextLoader - Delegating to AnnotationConfigContextLoader to load context from [MergedContextConfiguration@7d651733 testClass = EntityMappingIntegrationTests, locations = '{}', classes = '{class ru.egalvi.problem.config.JPAConfiguration}', contextInitializerClasses = '[]', activeProfiles = '{}', contextLoader = 'org.springframework.test.context.support.DelegatingSmartContextLoader', parent = [null]].
DEBUG - stractGenericContextLoader - Loading ApplicationContext for merged context configuration [[MergedContextConfiguration@7d651733 testClass = EntityMappingIntegrationTests, locations = '{}', classes = '{class ru.egalvi.problem.config.JPAConfiguration}', contextInitializerClasses = '[]', activeProfiles = '{}', contextLoader = 'org.springframework.test.context.support.DelegatingSmartContextLoader', parent = [null]]].
DEBUG - StandardEnvironment        - Initializing new StandardEnvironment
DEBUG - StandardEnvironment        - Adding [systemProperties] PropertySource with lowest search precedence
DEBUG - StandardEnvironment        - Adding [systemEnvironment] PropertySource with lowest search precedence
DEBUG - StandardEnvironment        - Initialized StandardEnvironment with PropertySources [systemProperties,systemEnvironment]
DEBUG - otationConfigContextLoader - Registering annotated classes: {class ru.egalvi.problem.config.JPAConfiguration}
INFO  - GenericApplicationContext  - Refreshing org.springframework.context.support.GenericApplicationContext@47dce809: startup date [Tue Sep 16 17:49:49 MSK 2014]; root of context hierarchy
DEBUG - GenericApplicationContext  - Bean factory for org.springframework.context.support.GenericApplicationContext@47dce809: org.springframework.beans.factory.support.DefaultListableBeanFactory@7066e9c0: defining beans [org.springframework.context.annotation.internalConfigurationAnnotationProcessor,org.springframework.context.annotation.internalAutowiredAnnotationProcessor,org.springframework.context.annotation.internalRequiredAnnotationProcessor,org.springframework.context.annotation.internalCommonAnnotationProcessor,org.springframework.context.annotation.internalPersistenceAnnotationProcessor,JPAConfiguration]; root of factory hierarchy
DEBUG - DefaultListableBeanFactory - Creating shared instance of singleton bean 'org.springframework.context.annotation.internalConfigurationAnnotationProcessor'
DEBUG - DefaultListableBeanFactory - Creating instance of bean 'org.springframework.context.annotation.internalConfigurationAnnotationProcessor'
DEBUG - DefaultListableBeanFactory - Eagerly caching bean 'org.springframework.context.annotation.internalConfigurationAnnotationProcessor' to allow for resolving potential circular references
DEBUG - DefaultListableBeanFactory - Finished creating instance of bean 'org.springframework.context.annotation.internalConfigurationAnnotationProcessor'
DEBUG - StandardEnvironment        - Initializing new StandardEnvironment
DEBUG - StandardEnvironment        - Adding [systemProperties] PropertySource with lowest search precedence
DEBUG - StandardEnvironment        - Adding [systemEnvironment] PropertySource with lowest search precedence
DEBUG - StandardEnvironment        - Initialized StandardEnvironment with PropertySources [systemProperties,systemEnvironment]
DEBUG - ingResourcePatternResolver - Looking for matching resources in directory tree [D:\Aleksandr_Egorov\Study\StudyProjects\problems_database\problems_app\build\classes\main\ru\egalvi\problem\persistence\repository]
DEBUG - ingResourcePatternResolver - Searching directory [D:\Aleksandr_Egorov\Study\StudyProjects\problems_database\problems_app\build\classes\main\ru\egalvi\problem\persistence\repository] for files matching pattern [D:/Aleksandr_Egorov/Study/StudyProjects/problems_database/problems_app/build/classes/main/ru/egalvi/problem/persistence/repository/**/*.class]
DEBUG - ingResourcePatternResolver - Resolved location pattern [classpath*:ru/egalvi/problem/persistence/repository/**/*.class] to resources [file [D:\Aleksandr_Egorov\Study\StudyProjects\problems_database\problems_app\build\classes\main\ru\egalvi\problem\persistence\repository\CategoryRepository.class], file [D:\Aleksandr_Egorov\Study\StudyProjects\problems_database\problems_app\build\classes\main\ru\egalvi\problem\persistence\repository\DisciplineRepository.class], file [D:\Aleksandr_Egorov\Study\StudyProjects\problems_database\problems_app\build\classes\main\ru\egalvi\problem\persistence\repository\ProblemRepository.class], file [D:\Aleksandr_Egorov\Study\StudyProjects\problems_database\problems_app\build\classes\main\ru\egalvi\problem\persistence\repository\SolutionRepository.class]]
DEBUG - ingResourcePatternResolver - Looking for matching resources in directory tree [D:\Aleksandr_Egorov\Study\StudyProjects\problems_database\problems_app\build\classes\test\ru\egalvi\problem\persistence\service]
DEBUG - ingResourcePatternResolver - Searching directory [D:\Aleksandr_Egorov\Study\StudyProjects\problems_database\problems_app\build\classes\test\ru\egalvi\problem\persistence\service] for files matching pattern [D:/Aleksandr_Egorov/Study/StudyProjects/problems_database/problems_app/build/classes/test/ru/egalvi/problem/persistence/service/**/*.class]
DEBUG - ingResourcePatternResolver - Searching directory [D:\Aleksandr_Egorov\Study\StudyProjects\problems_database\problems_app\build\classes\test\ru\egalvi\problem\persistence\service\impl] for files matching pattern [D:/Aleksandr_Egorov/Study/StudyProjects/problems_database/problems_app/build/classes/test/ru/egalvi/problem/persistence/service/**/*.class]
DEBUG - ingResourcePatternResolver - Looking for matching resources in directory tree [D:\Aleksandr_Egorov\Study\StudyProjects\problems_database\problems_app\build\classes\main\ru\egalvi\problem\persistence\service]
DEBUG - ingResourcePatternResolver - Searching directory [D:\Aleksandr_Egorov\Study\StudyProjects\problems_database\problems_app\build\classes\main\ru\egalvi\problem\persistence\service] for files matching pattern [D:/Aleksandr_Egorov/Study/StudyProjects/problems_database/problems_app/build/classes/main/ru/egalvi/problem/persistence/service/**/*.class]
DEBUG - ingResourcePatternResolver - Searching directory [D:\Aleksandr_Egorov\Study\StudyProjects\problems_database\problems_app\build\classes\main\ru\egalvi\problem\persistence\service\impl] for files matching pattern [D:/Aleksandr_Egorov/Study/StudyProjects/problems_database/problems_app/build/classes/main/ru/egalvi/problem/persistence/service/**/*.class]
DEBUG - ingResourcePatternResolver - Resolved location pattern [classpath*:ru/egalvi/problem/persistence/service/**/*.class] to resources [file [D:\Aleksandr_Egorov\Study\StudyProjects\problems_database\problems_app\build\classes\test\ru\egalvi\problem\persistence\service\impl\RepositoryDisciplineServiceTest$1.class], file [D:\Aleksandr_Egorov\Study\StudyProjects\problems_database\problems_app\build\classes\test\ru\egalvi\problem\persistence\service\impl\RepositoryDisciplineServiceTest.class], file [D:\Aleksandr_Egorov\Study\StudyProjects\problems_database\problems_app\build\classes\main\ru\egalvi\problem\persistence\service\CategoryService.class], file [D:\Aleksandr_Egorov\Study\StudyProjects\problems_database\problems_app\build\classes\main\ru\egalvi\problem\persistence\service\DisciplineService.class], file [D:\Aleksandr_Egorov\Study\StudyProjects\problems_database\problems_app\build\classes\main\ru\egalvi\problem\persistence\service\EntityNotFoundException.class], file [D:\Aleksandr_Egorov\Study\StudyProjects\problems_database\problems_app\build\classes\main\ru\egalvi\problem\persistence\service\impl\RepositoryCategoryService.class], file [D:\Aleksandr_Egorov\Study\StudyProjects\problems_database\problems_app\build\classes\main\ru\egalvi\problem\persistence\service\impl\RepositoryDisciplineService.class], file [D:\Aleksandr_Egorov\Study\StudyProjects\problems_database\problems_app\build\classes\main\ru\egalvi\problem\persistence\service\ProblemService.class], file [D:\Aleksandr_Egorov\Study\StudyProjects\problems_database\problems_app\build\classes\main\ru\egalvi\problem\persistence\service\SolutionService.class]]
DEBUG - sPathBeanDefinitionScanner - Identified candidate component class: file [D:\Aleksandr_Egorov\Study\StudyProjects\problems_database\problems_app\build\classes\main\ru\egalvi\problem\persistence\service\impl\RepositoryDisciplineService.class]
DEBUG - ingResourcePatternResolver - Looking for matching resources in directory tree [D:\Aleksandr_Egorov\Study\StudyProjects\problems_database\problems_app\build\classes\main\ru\egalvi\problem\config]
DEBUG - ingResourcePatternResolver - Searching directory [D:\Aleksandr_Egorov\Study\StudyProjects\problems_database\problems_app\build\classes\main\ru\egalvi\problem\config] for files matching pattern [D:/Aleksandr_Egorov/Study/StudyProjects/problems_database/problems_app/build/classes/main/ru/egalvi/problem/config/**/*.class]
DEBUG - ingResourcePatternResolver - Resolved location pattern [classpath*:ru/egalvi/problem/config/**/*.class] to resources [file [D:\Aleksandr_Egorov\Study\StudyProjects\problems_database\problems_app\build\classes\main\ru\egalvi\problem\config\JPAConfiguration.class], file [D:\Aleksandr_Egorov\Study\StudyProjects\problems_database\problems_app\build\classes\main\ru\egalvi\problem\config\OrikaMappings.class]]
DEBUG - sPathBeanDefinitionScanner - Identified candidate component class: file [D:\Aleksandr_Egorov\Study\StudyProjects\problems_database\problems_app\build\classes\main\ru\egalvi\problem\config\JPAConfiguration.class]
DEBUG - sPathBeanDefinitionScanner - Identified candidate component class: file [D:\Aleksandr_Egorov\Study\StudyProjects\problems_database\problems_app\build\classes\main\ru\egalvi\problem\config\OrikaMappings.class]
DEBUG - StandardEnvironment        - Initializing new StandardEnvironment
DEBUG - StandardEnvironment        - Adding [systemProperties] PropertySource with lowest search precedence
DEBUG - StandardEnvironment        - Adding [systemEnvironment] PropertySource with lowest search precedence
DEBUG - StandardEnvironment        - Initialized StandardEnvironment with PropertySources [systemProperties,systemEnvironment]
DEBUG - ingResourcePatternResolver - Looking for matching resources in directory tree [D:\Aleksandr_Egorov\Study\StudyProjects\problems_database\problems_app\build\classes\main\ru\egalvi\problem\persistence\repository]
DEBUG - ingResourcePatternResolver - Searching directory [D:\Aleksandr_Egorov\Study\StudyProjects\problems_database\problems_app\build\classes\main\ru\egalvi\problem\persistence\repository] for files matching pattern [D:/Aleksandr_Egorov/Study/StudyProjects/problems_database/problems_app/build/classes/main/ru/egalvi/problem/persistence/repository/**/*.class]
DEBUG - ingResourcePatternResolver - Resolved location pattern [classpath*:ru/egalvi/problem/persistence/repository/**/*.class] to resources [file [D:\Aleksandr_Egorov\Study\StudyProjects\problems_database\problems_app\build\classes\main\ru\egalvi\problem\persistence\repository\CategoryRepository.class], file [D:\Aleksandr_Egorov\Study\StudyProjects\problems_database\problems_app\build\classes\main\ru\egalvi\problem\persistence\repository\DisciplineRepository.class], file [D:\Aleksandr_Egorov\Study\StudyProjects\problems_database\problems_app\build\classes\main\ru\egalvi\problem\persistence\repository\ProblemRepository.class], file [D:\Aleksandr_Egorov\Study\StudyProjects\problems_database\problems_app\build\classes\main\ru\egalvi\problem\persistence\repository\SolutionRepository.class]]
DEBUG - epositoryComponentProvider - Identified candidate component class: file [D:\Aleksandr_Egorov\Study\StudyProjects\problems_database\problems_app\build\classes\main\ru\egalvi\problem\persistence\repository\DisciplineRepository.class]
DEBUG - StandardEnvironment        - Initializing new StandardEnvironment
DEBUG - StandardEnvironment        - Adding [systemProperties] PropertySource with lowest search precedence
DEBUG - StandardEnvironment        - Adding [systemEnvironment] PropertySource with lowest search precedence
DEBUG - StandardEnvironment        - Initialized StandardEnvironment with PropertySources [systemProperties,systemEnvironment]
DEBUG - ingResourcePatternResolver - Looking for matching resources in directory tree [D:\Aleksandr_Egorov\Study\StudyProjects\problems_database\problems_app\build\classes\main\ru\egalvi\problem\persistence\repository]
DEBUG - ingResourcePatternResolver - Searching directory [D:\Aleksandr_Egorov\Study\StudyProjects\problems_database\problems_app\build\classes\main\ru\egalvi\problem\persistence\repository] for files matching pattern [D:/Aleksandr_Egorov/Study/StudyProjects/problems_database/problems_app/build/classes/main/ru/egalvi/problem/persistence/repository/**/*.class]
DEBUG - ingResourcePatternResolver - Resolved location pattern [classpath*:ru/egalvi/problem/persistence/repository/**/*.class] to resources [file [D:\Aleksandr_Egorov\Study\StudyProjects\problems_database\problems_app\build\classes\main\ru\egalvi\problem\persistence\repository\CategoryRepository.class], file [D:\Aleksandr_Egorov\Study\StudyProjects\problems_database\problems_app\build\classes\main\ru\egalvi\problem\persistence\repository\DisciplineRepository.class], file [D:\Aleksandr_Egorov\Study\StudyProjects\problems_database\problems_app\build\classes\main\ru\egalvi\problem\persistence\repository\ProblemRepository.class], file [D:\Aleksandr_Egorov\Study\StudyProjects\problems_database\problems_app\build\classes\main\ru\egalvi\problem\persistence\repository\SolutionRepository.class]]
DEBUG - StandardEnvironment        - Adding [class path resource [application.properties]] PropertySource with lowest search precedence
DEBUG - nClassBeanDefinitionReader - Registering bean definition for @Bean method ru.egalvi.problem.config.JPAConfiguration.dataSource()
DEBUG - nClassBeanDefinitionReader - Registering bean definition for @Bean method ru.egalvi.problem.config.JPAConfiguration.entityManager()
DEBUG - nClassBeanDefinitionReader - Registering bean definition for @Bean method ru.egalvi.problem.config.JPAConfiguration.messageSource()
DEBUG - nClassBeanDefinitionReader - Registering bean definition for @Bean method ru.egalvi.problem.config.JPAConfiguration.viewResolver()
DEBUG - nClassBeanDefinitionReader - Registering bean definition for @Bean method ru.egalvi.problem.config.JPAConfiguration.entityManagerFactoryBean()
DEBUG - nClassBeanDefinitionReader - Registering bean definition for @Bean method ru.egalvi.problem.config.JPAConfiguration.transactionManager()
DEBUG - nClassBeanDefinitionReader - Registering bean definition for @Bean method ru.egalvi.problem.config.JPAConfiguration.hibernateExceptionTranslator()
DEBUG - StandardEnvironment        - Initializing new StandardEnvironment
DEBUG - StandardEnvironment        - Adding [systemProperties] PropertySource with lowest search precedence
DEBUG - StandardEnvironment        - Adding [systemEnvironment] PropertySource with lowest search precedence
DEBUG - StandardEnvironment        - Initialized StandardEnvironment with PropertySources [systemProperties,systemEnvironment]
INFO  - XmlBeanDefinitionReader    - Loading XML bean definitions from class path resource [applicationContext.xml]
DEBUG - DefaultDocumentLoader      - Using JAXP provider [com.sun.org.apache.xerces.internal.jaxp.DocumentBuilderFactoryImpl]
DEBUG - PluggableSchemaResolver    - Loading schema mappings from [META-INF/spring.schemas]
DEBUG - PluggableSchemaResolver    - Loaded schema mappings: {http://www.springframework.org/schema/data/jpa/spring-jpa-1.2.xsd=org/springframework/data/jpa/repository/config/spring-jpa-1.2.xsd, http://www.springframework.org/schema/jee/spring-jee-3.2.xsd=org/springframework/ejb/config/spring-jee-3.2.xsd, http://www.springframework.org/schema/util/spring-util.xsd=org/springframework/beans/factory/xml/spring-util-3.2.xsd, http://www.springframework.org/schema/mvc/spring-mvc-3.1.xsd=org/springframework/web/servlet/config/spring-mvc-3.1.xsd, http://www.springframework.org/schema/task/spring-task.xsd=org/springframework/scheduling/config/spring-task-3.2.xsd, http://www.springframework.org/schema/beans/spring-beans-3.1.xsd=org/springframework/beans/factory/xml/spring-beans-3.1.xsd, http://www.springframework.org/schema/cache/spring-cache.xsd=org/springframework/cache/config/spring-cache-3.2.xsd, http://www.springframework.org/schema/aop/spring-aop-3.0.xsd=org/springframework/aop/config/spring-aop-3.0.xsd, http://www.springframework.org/schema/task/spring-task-3.1.xsd=org/springframework/scheduling/config/spring-task-3.1.xsd, http://www.springframework.org/schema/aop/spring-aop-2.0.xsd=org/springframework/aop/config/spring-aop-2.0.xsd, http://www.springframework.org/schema/tool/spring-tool-2.5.xsd=org/springframework/beans/factory/xml/spring-tool-2.5.xsd, http://www.springframework.org/schema/beans/spring-beans.xsd=org/springframework/beans/factory/xml/spring-beans-3.2.xsd, http://www.springframework.org/schema/jee/spring-jee-2.5.xsd=org/springframework/ejb/config/spring-jee-2.5.xsd, http://www.springframework.org/schema/jdbc/spring-jdbc-3.1.xsd=org/springframework/jdbc/config/spring-jdbc-3.1.xsd, http://www.springframework.org/schema/tool/spring-tool-3.1.xsd=org/springframework/beans/factory/xml/spring-tool-3.1.xsd, http://www.springframework.org/schema/data/jpa/spring-jpa-1.1.xsd=org/springframework/data/jpa/repository/config/spring-jpa-1.1.xsd, http://www.springframework.org/schema/jee/spring-jee-3.1.xsd=org/springframework/ejb/config/spring-jee-3.1.xsd, http://www.springframework.org/schema/aop/spring-aop.xsd=org/springframework/aop/config/spring-aop-3.2.xsd, http://www.springframework.org/schema/context/spring-context-3.2.xsd=org/springframework/context/config/spring-context-3.2.xsd, http://www.springframework.org/schema/tx/spring-tx-3.2.xsd=org/springframework/transaction/config/spring-tx-3.2.xsd, http://www.springframework.org/schema/beans/spring-beans-2.0.xsd=org/springframework/beans/factory/xml/spring-beans-2.0.xsd, http://www.springframework.org/schema/util/spring-util-3.2.xsd=org/springframework/beans/factory/xml/spring-util-3.2.xsd, http://www.springframework.org/schema/mvc/spring-mvc-3.0.xsd=org/springframework/web/servlet/config/spring-mvc-3.0.xsd, http://www.springframework.org/schema/lang/spring-lang-3.2.xsd=org/springframework/scripting/config/spring-lang-3.2.xsd, http://www.springframework.org/schema/beans/spring-beans-3.0.xsd=org/springframework/beans/factory/xml/spring-beans-3.0.xsd, http://www.springframework.org/schema/cache/spring-cache-3.2.xsd=org/springframework/cache/config/spring-cache-3.2.xsd, http://www.springframework.org/schema/task/spring-task-3.0.xsd=org/springframework/scheduling/config/spring-task-3.0.xsd, http://www.springframework.org/schema/data/repository/spring-repository-1.5.xsd=org/springframework/data/repository/config/spring-repository-1.5.xsd, http://www.springframework.org/schema/context/spring-context-2.5.xsd=org/springframework/context/config/spring-context-2.5.xsd, http://www.springframework.org/schema/tx/spring-tx-2.5.xsd=org/springframework/transaction/config/spring-tx-2.5.xsd, http://www.springframework.org/schema/jdbc/spring-jdbc-3.0.xsd=org/springframework/jdbc/config/spring-jdbc-3.0.xsd, http://www.springframework.org/schema/tool/spring-tool-3.0.xsd=org/springframework/beans/factory/xml/spring-tool-3.0.xsd, http://www.springframework.org/schema/lang/spring-lang.xsd=org/springframework/scripting/config/spring-lang-3.2.xsd, http://www.springframework.org/schema/tx/spring-tx.xsd=org/springframework/transaction/config/spring-tx-3.2.xsd, http://www.springframework.org/schema/tool/spring-tool-2.0.xsd=org/springframework/beans/factory/xml/spring-tool-2.0.xsd, http://www.springframework.org/schema/util/spring-util-2.5.xsd=org/springframework/beans/factory/xml/spring-util-2.5.xsd, http://www.springframework.org/schema/lang/spring-lang-2.5.xsd=org/springframework/scripting/config/spring-lang-2.5.xsd, http://www.springframework.org/schema/data/jpa/spring-jpa-1.0.xsd=org/springframework/data/jpa/repository/config/spring-jpa-1.0.xsd, http://www.springframework.org/schema/aop/spring-aop-3.2.xsd=org/springframework/aop/config/spring-aop-3.2.xsd, http://www.springframework.org/schema/jee/spring-jee-3.0.xsd=org/springframework/ejb/config/spring-jee-3.0.xsd, http://www.springframework.org/schema/jee/spring-jee-2.0.xsd=org/springframework/ejb/config/spring-jee-2.0.xsd, http://www.springframework.org/schema/context/spring-context-3.1.xsd=org/springframework/context/config/spring-context-3.1.xsd, http://www.springframework.org/schema/tx/spring-tx-3.1.xsd=org/springframework/transaction/config/spring-tx-3.1.xsd, http://www.springframework.org/schema/util/spring-util-3.1.xsd=org/springframework/beans/factory/xml/spring-util-3.1.xsd, http://www.springframework.org/schema/lang/spring-lang-3.1.xsd=org/springframework/scripting/config/spring-lang-3.1.xsd, http://www.springframework.org/schema/cache/spring-cache-3.1.xsd=org/springframework/cache/config/spring-cache-3.1.xsd, http://www.springframework.org/schema/context/spring-context.xsd=org/springframework/context/config/spring-context-3.2.xsd, http://www.springframework.org/schema/jee/spring-jee.xsd=org/springframework/ejb/config/spring-jee-3.2.xsd, http://www.springframework.org/schema/data/jpa/spring-jpa.xsd=org/springframework/data/jpa/repository/config/spring-jpa-1.3.xsd, http://www.springframework.org/schema/data/repository/spring-repository-1.4.xsd=org/springframework/data/repository/config/spring-repository-1.4.xsd, http://www.springframework.org/schema/data/jpa/spring-jpa-1.3.xsd=org/springframework/data/jpa/repository/config/spring-jpa-1.3.xsd, http://www.springframework.org/schema/aop/spring-aop-2.5.xsd=org/springframework/aop/config/spring-aop-2.5.xsd, http://www.springframework.org/schema/data/repository/spring-repository.xsd=org/springframework/data/repository/config/spring-repository-1.5.xsd, http://www.springframework.org/schema/mvc/spring-mvc.xsd=org/springframework/web/servlet/config/spring-mvc-3.2.xsd, http://www.springframework.org/schema/jdbc/spring-jdbc.xsd=org/springframework/jdbc/config/spring-jdbc-3.2.xsd, http://www.springframework.org/schema/mvc/spring-mvc-3.2.xsd=org/springframework/web/servlet/config/spring-mvc-3.2.xsd, http://www.springframework.org/schema/data/repository/spring-repository-1.0.xsd=org/springframework/data/repository/config/spring-repository-1.0.xsd, http://www.springframework.org/schema/beans/spring-beans-3.2.xsd=org/springframework/beans/factory/xml/spring-beans-3.2.xsd, http://www.springframework.org/schema/tx/spring-tx-2.0.xsd=org/springframework/transaction/config/spring-tx-2.0.xsd, http://www.springframework.org/schema/aop/spring-aop-3.1.xsd=org/springframework/aop/config/spring-aop-3.1.xsd, http://www.springframework.org/schema/task/spring-task-3.2.xsd=org/springframework/scheduling/config/spring-task-3.2.xsd, http://www.springframework.org/schema/context/spring-context-3.0.xsd=org/springframework/context/config/spring-context-3.0.xsd, http://www.springframework.org/schema/tx/spring-tx-3.0.xsd=org/springframework/transaction/config/spring-tx-3.0.xsd, http://www.springframework.org/schema/tool/spring-tool.xsd=org/springframework/beans/factory/xml/spring-tool-3.2.xsd, http://www.springframework.org/schema/util/spring-util-3.0.xsd=org/springframework/beans/factory/xml/spring-util-3.0.xsd, http://www.springframework.org/schema/lang/spring-lang-3.0.xsd=org/springframework/scripting/config/spring-lang-3.0.xsd, http://www.springframework.org/schema/util/spring-util-2.0.xsd=org/springframework/beans/factory/xml/spring-util-2.0.xsd, http://www.springframework.org/schema/lang/spring-lang-2.0.xsd=org/springframework/scripting/config/spring-lang-2.0.xsd, http://www.springframework.org/schema/jdbc/spring-jdbc-3.2.xsd=org/springframework/jdbc/config/spring-jdbc-3.2.xsd, http://www.springframework.org/schema/tool/spring-tool-3.2.xsd=org/springframework/beans/factory/xml/spring-tool-3.2.xsd, http://www.springframework.org/schema/beans/spring-beans-2.5.xsd=org/springframework/beans/factory/xml/spring-beans-2.5.xsd}
DEBUG - PluggableSchemaResolver    - Found XML schema [http://www.springframework.org/schema/beans/spring-beans-3.1.xsd] in classpath: org/springframework/beans/factory/xml/spring-beans-3.1.xsd
DEBUG - PluggableSchemaResolver    - Found XML schema [http://www.springframework.org/schema/mvc/spring-mvc-3.1.xsd] in classpath: org/springframework/web/servlet/config/spring-mvc-3.1.xsd
DEBUG - PluggableSchemaResolver    - Found XML schema [http://www.springframework.org/schema/tool/spring-tool-3.1.xsd] in classpath: org/springframework/beans/factory/xml/spring-tool-3.1.xsd
DEBUG - PluggableSchemaResolver    - Found XML schema [http://www.springframework.org/schema/data/jpa/spring-jpa-1.0.xsd] in classpath: org/springframework/data/jpa/repository/config/spring-jpa-1.0.xsd
DEBUG - PluggableSchemaResolver    - Found XML schema [http://www.springframework.org/schema/data/repository/spring-repository-1.0.xsd] in classpath: org/springframework/data/repository/config/spring-repository-1.0.xsd
DEBUG - PluggableSchemaResolver    - Found XML schema [http://www.springframework.org/schema/context/spring-context.xsd] in classpath: org/springframework/context/config/spring-context-3.2.xsd
DEBUG - anDefinitionDocumentReader - Loading bean definitions
DEBUG - ltNamespaceHandlerResolver - Loaded NamespaceHandler mappings: {http://www.springframework.org/schema/p=org.springframework.beans.factory.xml.SimplePropertyNamespaceHandler, http://www.springframework.org/schema/mvc=org.springframework.web.servlet.config.MvcNamespaceHandler, http://www.springframework.org/schema/util=org.springframework.beans.factory.xml.UtilNamespaceHandler, http://www.springframework.org/schema/jee=org.springframework.ejb.config.JeeNamespaceHandler, http://www.springframework.org/schema/aop=org.springframework.aop.config.AopNamespaceHandler, http://www.springframework.org/schema/data/repository=org.springframework.data.repository.config.RepositoryNameSpaceHandler, http://www.springframework.org/schema/jdbc=org.springframework.jdbc.config.JdbcNamespaceHandler, http://www.springframework.org/schema/data/jpa=org.springframework.data.jpa.repository.config.JpaRepositoryNameSpaceHandler, http://www.springframework.org/schema/cache=org.springframework.cache.config.CacheNamespaceHandler, http://www.springframework.org/schema/c=org.springframework.beans.factory.xml.SimpleConstructorNamespaceHandler, http://www.springframework.org/schema/tx=org.springframework.transaction.config.TxNamespaceHandler, http://www.springframework.org/schema/task=org.springframework.scheduling.config.TaskNamespaceHandler, http://www.springframework.org/schema/lang=org.springframework.scripting.config.LangNamespaceHandler, http://www.springframework.org/schema/context=org.springframework.context.config.ContextNamespaceHandler}
DEBUG - StandardEnvironment        - Initializing new StandardEnvironment
DEBUG - StandardEnvironment        - Adding [systemProperties] PropertySource with lowest search precedence
DEBUG - StandardEnvironment        - Adding [systemEnvironment] PropertySource with lowest search precedence
DEBUG - StandardEnvironment        - Initialized StandardEnvironment with PropertySources [systemProperties,systemEnvironment]
DEBUG - ingResourcePatternResolver - Looking for matching resources in directory tree [D:\Aleksandr_Egorov\Study\StudyProjects\problems_database\problems_app\build\classes\main\ru\egalvi\problem\persistence\repository]
DEBUG - ingResourcePatternResolver - Searching directory [D:\Aleksandr_Egorov\Study\StudyProjects\problems_database\problems_app\build\classes\main\ru\egalvi\problem\persistence\repository] for files matching pattern [D:/Aleksandr_Egorov/Study/StudyProjects/problems_database/problems_app/build/classes/main/ru/egalvi/problem/persistence/repository/**/*.class]
DEBUG - ingResourcePatternResolver - Resolved location pattern [classpath*:ru/egalvi/problem/persistence/repository/**/*.class] to resources [file [D:\Aleksandr_Egorov\Study\StudyProjects\problems_database\problems_app\build\classes\main\ru\egalvi\problem\persistence\repository\CategoryRepository.class], file [D:\Aleksandr_Egorov\Study\StudyProjects\problems_database\problems_app\build\classes\main\ru\egalvi\problem\persistence\repository\DisciplineRepository.class], file [D:\Aleksandr_Egorov\Study\StudyProjects\problems_database\problems_app\build\classes\main\ru\egalvi\problem\persistence\repository\ProblemRepository.class], file [D:\Aleksandr_Egorov\Study\StudyProjects\problems_database\problems_app\build\classes\main\ru\egalvi\problem\persistence\repository\SolutionRepository.class]]
DEBUG - epositoryComponentProvider - Identified candidate component class: file [D:\Aleksandr_Egorov\Study\StudyProjects\problems_database\problems_app\build\classes\main\ru\egalvi\problem\persistence\repository\CategoryRepository.class]
DEBUG - epositoryComponentProvider - Identified candidate component class: file [D:\Aleksandr_Egorov\Study\StudyProjects\problems_database\problems_app\build\classes\main\ru\egalvi\problem\persistence\repository\DisciplineRepository.class]
DEBUG - epositoryComponentProvider - Identified candidate component class: file [D:\Aleksandr_Egorov\Study\StudyProjects\problems_database\problems_app\build\classes\main\ru\egalvi\problem\persistence\repository\ProblemRepository.class]
DEBUG - epositoryComponentProvider - Identified candidate component class: file [D:\Aleksandr_Egorov\Study\StudyProjects\problems_database\problems_app\build\classes\main\ru\egalvi\problem\persistence\repository\SolutionRepository.class]
DEBUG - StandardEnvironment        - Initializing new StandardEnvironment
DEBUG - StandardEnvironment        - Adding [systemProperties] PropertySource with lowest search precedence
DEBUG - StandardEnvironment        - Adding [systemEnvironment] PropertySource with lowest search precedence
DEBUG - StandardEnvironment        - Initialized StandardEnvironment with PropertySources [systemProperties,systemEnvironment]
DEBUG - ingResourcePatternResolver - Looking for matching resources in directory tree [D:\Aleksandr_Egorov\Study\StudyProjects\problems_database\problems_app\build\classes\main\ru\egalvi\problem\persistence\repository]
DEBUG - ingResourcePatternResolver - Searching directory [D:\Aleksandr_Egorov\Study\StudyProjects\problems_database\problems_app\build\classes\main\ru\egalvi\problem\persistence\repository] for files matching pattern [D:/Aleksandr_Egorov/Study/StudyProjects/problems_database/problems_app/build/classes/main/ru/egalvi/problem/persistence/repository/**/*.class]
DEBUG - ingResourcePatternResolver - Resolved location pattern [classpath*:ru/egalvi/problem/persistence/repository/**/*.class] to resources [file [D:\Aleksandr_Egorov\Study\StudyProjects\problems_database\problems_app\build\classes\main\ru\egalvi\problem\persistence\repository\CategoryRepository.class], file [D:\Aleksandr_Egorov\Study\StudyProjects\problems_database\problems_app\build\classes\main\ru\egalvi\problem\persistence\repository\DisciplineRepository.class], file [D:\Aleksandr_Egorov\Study\StudyProjects\problems_database\problems_app\build\classes\main\ru\egalvi\problem\persistence\repository\ProblemRepository.class], file [D:\Aleksandr_Egorov\Study\StudyProjects\problems_database\problems_app\build\classes\main\ru\egalvi\problem\persistence\repository\SolutionRepository.class]]
DEBUG - sitoryBeanDefinitionParser - Registering repository: categoryRepository - Interface: ru.egalvi.problem.persistence.repository.CategoryRepository - Factory: org.springframework.data.jpa.repository.support.JpaRepositoryFactoryBean
DEBUG - StandardEnvironment        - Initializing new StandardEnvironment
DEBUG - StandardEnvironment        - Adding [systemProperties] PropertySource with lowest search precedence
DEBUG - StandardEnvironment        - Adding [systemEnvironment] PropertySource with lowest search precedence
DEBUG - StandardEnvironment        - Initialized StandardEnvironment with PropertySources [systemProperties,systemEnvironment]
DEBUG - ingResourcePatternResolver - Looking for matching resources in directory tree [D:\Aleksandr_Egorov\Study\StudyProjects\problems_database\problems_app\build\classes\main\ru\egalvi\problem\persistence\repository]
DEBUG - ingResourcePatternResolver - Searching directory [D:\Aleksandr_Egorov\Study\StudyProjects\problems_database\problems_app\build\classes\main\ru\egalvi\problem\persistence\repository] for files matching pattern [D:/Aleksandr_Egorov/Study/StudyProjects/problems_database/problems_app/build/classes/main/ru/egalvi/problem/persistence/repository/**/*.class]
DEBUG - ingResourcePatternResolver - Resolved location pattern [classpath*:ru/egalvi/problem/persistence/repository/**/*.class] to resources [file [D:\Aleksandr_Egorov\Study\StudyProjects\problems_database\problems_app\build\classes\main\ru\egalvi\problem\persistence\repository\CategoryRepository.class], file [D:\Aleksandr_Egorov\Study\StudyProjects\problems_database\problems_app\build\classes\main\ru\egalvi\problem\persistence\repository\DisciplineRepository.class], file [D:\Aleksandr_Egorov\Study\StudyProjects\problems_database\problems_app\build\classes\main\ru\egalvi\problem\persistence\repository\ProblemRepository.class], file [D:\Aleksandr_Egorov\Study\StudyProjects\problems_database\problems_app\build\classes\main\ru\egalvi\problem\persistence\repository\SolutionRepository.class]]
DEBUG - sitoryBeanDefinitionParser - Registering repository: disciplineRepository - Interface: ru.egalvi.problem.persistence.repository.DisciplineRepository - Factory: org.springframework.data.jpa.repository.support.JpaRepositoryFactoryBean
INFO  - DefaultListableBeanFactory - Overriding bean definition for bean 'disciplineRepository': replacing [Root bean: class [org.springframework.data.jpa.repository.support.JpaRepositoryFactoryBean]; scope=; abstract=false; lazyInit=false; autowireMode=0; dependencyCheck=0; autowireCandidate=true; primary=false; factoryBeanName=null; factoryMethodName=null; initMethodName=null; destroyMethodName=null] with [Root bean: class [org.springframework.data.jpa.repository.support.JpaRepositoryFactoryBean]; scope=; abstract=false; lazyInit=false; autowireMode=0; dependencyCheck=0; autowireCandidate=true; primary=false; factoryBeanName=null; factoryMethodName=null; initMethodName=null; destroyMethodName=null]
DEBUG - StandardEnvironment        - Initializing new StandardEnvironment
DEBUG - StandardEnvironment        - Adding [systemProperties] PropertySource with lowest search precedence
DEBUG - StandardEnvironment        - Adding [systemEnvironment] PropertySource with lowest search precedence
DEBUG - StandardEnvironment        - Initialized StandardEnvironment with PropertySources [systemProperties,systemEnvironment]
DEBUG - ingResourcePatternResolver - Looking for matching resources in directory tree [D:\Aleksandr_Egorov\Study\StudyProjects\problems_database\problems_app\build\classes\main\ru\egalvi\problem\persistence\repository]
DEBUG - ingResourcePatternResolver - Searching directory [D:\Aleksandr_Egorov\Study\StudyProjects\problems_database\problems_app\build\classes\main\ru\egalvi\problem\persistence\repository] for files matching pattern [D:/Aleksandr_Egorov/Study/StudyProjects/problems_database/problems_app/build/classes/main/ru/egalvi/problem/persistence/repository/**/*.class]
DEBUG - ingResourcePatternResolver - Resolved location pattern [classpath*:ru/egalvi/problem/persistence/repository/**/*.class] to resources [file [D:\Aleksandr_Egorov\Study\StudyProjects\problems_database\problems_app\build\classes\main\ru\egalvi\problem\persistence\repository\CategoryRepository.class], file [D:\Aleksandr_Egorov\Study\StudyProjects\problems_database\problems_app\build\classes\main\ru\egalvi\problem\persistence\repository\DisciplineRepository.class], file [D:\Aleksandr_Egorov\Study\StudyProjects\problems_database\problems_app\build\classes\main\ru\egalvi\problem\persistence\repository\ProblemRepository.class], file [D:\Aleksandr_Egorov\Study\StudyProjects\problems_database\problems_app\build\classes\main\ru\egalvi\problem\persistence\repository\SolutionRepository.class]]
DEBUG - sitoryBeanDefinitionParser - Registering repository: solutionRepository - Interface: ru.egalvi.problem.persistence.repository.SolutionRepository - Factory: org.springframework.data.jpa.repository.support.JpaRepositoryFactoryBean
DEBUG - StandardEnvironment        - Initializing new StandardEnvironment
DEBUG - StandardEnvironment        - Adding [systemProperties] PropertySource with lowest search precedence
DEBUG - StandardEnvironment        - Adding [systemEnvironment] PropertySource with lowest search precedence
DEBUG - StandardEnvironment        - Initialized StandardEnvironment with PropertySources [systemProperties,systemEnvironment]
DEBUG - ingResourcePatternResolver - Looking for matching resources in directory tree [D:\Aleksandr_Egorov\Study\StudyProjects\problems_database\problems_app\build\classes\main\ru\egalvi\problem\persistence\repository]
DEBUG - ingResourcePatternResolver - Searching directory [D:\Aleksandr_Egorov\Study\StudyProjects\problems_database\problems_app\build\classes\main\ru\egalvi\problem\persistence\repository] for files matching pattern [D:/Aleksandr_Egorov/Study/StudyProjects/problems_database/problems_app/build/classes/main/ru/egalvi/problem/persistence/repository/**/*.class]
DEBUG - ingResourcePatternResolver - Resolved location pattern [classpath*:ru/egalvi/problem/persistence/repository/**/*.class] to resources [file [D:\Aleksandr_Egorov\Study\StudyProjects\problems_database\problems_app\build\classes\main\ru\egalvi\problem\persistence\repository\CategoryRepository.class], file [D:\Aleksandr_Egorov\Study\StudyProjects\problems_database\problems_app\build\classes\main\ru\egalvi\problem\persistence\repository\DisciplineRepository.class], file [D:\Aleksandr_Egorov\Study\StudyProjects\problems_database\problems_app\build\classes\main\ru\egalvi\problem\persistence\repository\ProblemRepository.class], file [D:\Aleksandr_Egorov\Study\StudyProjects\problems_database\problems_app\build\classes\main\ru\egalvi\problem\persistence\repository\SolutionRepository.class]]
DEBUG - sitoryBeanDefinitionParser - Registering repository: problemRepository - Interface: ru.egalvi.problem.persistence.repository.ProblemRepository - Factory: org.springframework.data.jpa.repository.support.JpaRepositoryFactoryBean
DEBUG - XmlBeanDefinitionReader    - Loaded 11 bean definitions from location pattern [classpath:applicationContext.xml]
DEBUG - ConfigurationClassEnhancer - Successfully enhanced ru.egalvi.problem.config.JPAConfiguration; enhanced class name is: ru.egalvi.problem.config.JPAConfiguration$$EnhancerByCGLIB$$e4c9bec2
DEBUG - gurationClassPostProcessor - Replacing bean definition 'JPAConfiguration' existing class name 'ru.egalvi.problem.config.JPAConfiguration' with enhanced class name 'ru.egalvi.problem.config.JPAConfiguration$$EnhancerByCGLIB$$e4c9bec2'
DEBUG - DefaultListableBeanFactory - Creating shared instance of singleton bean 'org.springframework.context.annotation.internalAutowiredAnnotationProcessor'
DEBUG - DefaultListableBeanFactory - Creating instance of bean 'org.springframework.context.annotation.internalAutowiredAnnotationProcessor'
DEBUG - DefaultListableBeanFactory - Eagerly caching bean 'org.springframework.context.annotation.internalAutowiredAnnotationProcessor' to allow for resolving potential circular references
DEBUG - DefaultListableBeanFactory - Finished creating instance of bean 'org.springframework.context.annotation.internalAutowiredAnnotationProcessor'
DEBUG - DefaultListableBeanFactory - Creating shared instance of singleton bean 'org.springframework.context.annotation.internalRequiredAnnotationProcessor'
DEBUG - DefaultListableBeanFactory - Creating instance of bean 'org.springframework.context.annotation.internalRequiredAnnotationProcessor'
DEBUG - DefaultListableBeanFactory - Eagerly caching bean 'org.springframework.context.annotation.internalRequiredAnnotationProcessor' to allow for resolving potential circular references
DEBUG - DefaultListableBeanFactory - Finished creating instance of bean 'org.springframework.context.annotation.internalRequiredAnnotationProcessor'
DEBUG - DefaultListableBeanFactory - Creating shared instance of singleton bean 'org.springframework.context.annotation.internalCommonAnnotationProcessor'
DEBUG - DefaultListableBeanFactory - Creating instance of bean 'org.springframework.context.annotation.internalCommonAnnotationProcessor'
DEBUG - DefaultListableBeanFactory - Eagerly caching bean 'org.springframework.context.annotation.internalCommonAnnotationProcessor' to allow for resolving potential circular references
DEBUG - DefaultListableBeanFactory - Finished creating instance of bean 'org.springframework.context.annotation.internalCommonAnnotationProcessor'
DEBUG - DefaultListableBeanFactory - Creating shared instance of singleton bean 'org.springframework.context.annotation.internalPersistenceAnnotationProcessor'
DEBUG - DefaultListableBeanFactory - Creating instance of bean 'org.springframework.context.annotation.internalPersistenceAnnotationProcessor'
DEBUG - DefaultListableBeanFactory - Eagerly caching bean 'org.springframework.context.annotation.internalPersistenceAnnotationProcessor' to allow for resolving potential circular references
DEBUG - DefaultListableBeanFactory - Finished creating instance of bean 'org.springframework.context.annotation.internalPersistenceAnnotationProcessor'
DEBUG - DefaultListableBeanFactory - Creating shared instance of singleton bean 'org.springframework.context.annotation.ConfigurationClassPostProcessor.importAwareProcessor'
DEBUG - DefaultListableBeanFactory - Creating instance of bean 'org.springframework.context.annotation.ConfigurationClassPostProcessor.importAwareProcessor'
DEBUG - DefaultListableBeanFactory - Eagerly caching bean 'org.springframework.context.annotation.ConfigurationClassPostProcessor.importAwareProcessor' to allow for resolving potential circular references
DEBUG - DefaultListableBeanFactory - Finished creating instance of bean 'org.springframework.context.annotation.ConfigurationClassPostProcessor.importAwareProcessor'
DEBUG - DefaultListableBeanFactory - Creating shared instance of singleton bean 'org.springframework.data.repository.core.support.RepositoryInterfaceAwareBeanPostProcessor#0'
DEBUG - DefaultListableBeanFactory - Creating instance of bean 'org.springframework.data.repository.core.support.RepositoryInterfaceAwareBeanPostProcessor#0'
DEBUG - DefaultListableBeanFactory - Eagerly caching bean 'org.springframework.data.repository.core.support.RepositoryInterfaceAwareBeanPostProcessor#0' to allow for resolving potential circular references
DEBUG - DefaultListableBeanFactory - Finished creating instance of bean 'org.springframework.data.repository.core.support.RepositoryInterfaceAwareBeanPostProcessor#0'
DEBUG - DefaultListableBeanFactory - Creating shared instance of singleton bean 'org.springframework.data.repository.core.support.RepositoryInterfaceAwareBeanPostProcessor#1'
DEBUG - DefaultListableBeanFactory - Creating instance of bean 'org.springframework.data.repository.core.support.RepositoryInterfaceAwareBeanPostProcessor#1'
DEBUG - DefaultListableBeanFactory - Eagerly caching bean 'org.springframework.data.repository.core.support.RepositoryInterfaceAwareBeanPostProcessor#1' to allow for resolving potential circular references
DEBUG - DefaultListableBeanFactory - Finished creating instance of bean 'org.springframework.data.repository.core.support.RepositoryInterfaceAwareBeanPostProcessor#1'
DEBUG - DefaultListableBeanFactory - Creating shared instance of singleton bean 'org.springframework.dao.annotation.PersistenceExceptionTranslationPostProcessor#0'
DEBUG - DefaultListableBeanFactory - Creating instance of bean 'org.springframework.dao.annotation.PersistenceExceptionTranslationPostProcessor#0'
DEBUG - DefaultListableBeanFactory - Eagerly caching bean 'org.springframework.dao.annotation.PersistenceExceptionTranslationPostProcessor#0' to allow for resolving potential circular references
DEBUG - DefaultListableBeanFactory - Creating shared instance of singleton bean 'entityManagerFactoryBean'
DEBUG - DefaultListableBeanFactory - Creating instance of bean 'entityManagerFactoryBean'
DEBUG - DefaultListableBeanFactory - Creating shared instance of singleton bean 'JPAConfiguration'
DEBUG - DefaultListableBeanFactory - Creating instance of bean 'JPAConfiguration'
DEBUG - InjectionMetadata          - Registered injected element on class [ru.egalvi.problem.config.JPAConfiguration$$EnhancerByCGLIB$$e4c9bec2]: ResourceElement for private org.springframework.core.env.Environment ru.egalvi.problem.config.JPAConfiguration.environment
DEBUG - DefaultListableBeanFactory - Eagerly caching bean 'JPAConfiguration' to allow for resolving potential circular references
DEBUG - InjectionMetadata          - Processing injected method of bean 'JPAConfiguration': ResourceElement for private org.springframework.core.env.Environment ru.egalvi.problem.config.JPAConfiguration.environment
DEBUG - DefaultListableBeanFactory - Returning cached instance of singleton bean 'environment'
INFO  - GenericApplicationContext  - Bean 'JPAConfiguration' of type [class ru.egalvi.problem.config.JPAConfiguration$$EnhancerByCGLIB$$e4c9bec2] is not eligible for getting processed by all BeanPostProcessors (for example: not eligible for auto-proxying)
DEBUG - DefaultListableBeanFactory - Finished creating instance of bean 'JPAConfiguration'
DEBUG - DefaultListableBeanFactory - Creating shared instance of singleton bean 'dataSource'
DEBUG - DefaultListableBeanFactory - Creating instance of bean 'dataSource'
DEBUG - DefaultListableBeanFactory - Returning cached instance of singleton bean 'JPAConfiguration'
DEBUG - rtySourcesPropertyResolver - Searching for key 'db.driver' in [systemProperties]
DEBUG - rtySourcesPropertyResolver - Searching for key 'db.driver' in [systemEnvironment]
DEBUG - rtySourcesPropertyResolver - Searching for key 'db.driver' in [class path resource [application.properties]]
DEBUG - rtySourcesPropertyResolver - Found key 'db.driver' in [class path resource [application.properties]] with type [String] and value 'org.h2.Driver'
DEBUG - rtySourcesPropertyResolver - Searching for key 'db.url' in [systemProperties]
DEBUG - rtySourcesPropertyResolver - Searching for key 'db.url' in [systemEnvironment]
DEBUG - rtySourcesPropertyResolver - Searching for key 'db.url' in [class path resource [application.properties]]
DEBUG - rtySourcesPropertyResolver - Found key 'db.url' in [class path resource [application.properties]] with type [String] and value 'jdbc:h2:mem:datajpa'
DEBUG - rtySourcesPropertyResolver - Searching for key 'db.username' in [systemProperties]
DEBUG - rtySourcesPropertyResolver - Searching for key 'db.username' in [systemEnvironment]
DEBUG - rtySourcesPropertyResolver - Searching for key 'db.username' in [class path resource [application.properties]]
DEBUG - rtySourcesPropertyResolver - Found key 'db.username' in [class path resource [application.properties]] with type [String] and value 'sa'
DEBUG - rtySourcesPropertyResolver - Searching for key 'db.password' in [systemProperties]
DEBUG - rtySourcesPropertyResolver - Searching for key 'db.password' in [systemEnvironment]
DEBUG - rtySourcesPropertyResolver - Searching for key 'db.password' in [class path resource [application.properties]]
DEBUG - rtySourcesPropertyResolver - Found key 'db.password' in [class path resource [application.properties]] with type [String] and value ''
DEBUG - DefaultListableBeanFactory - Eagerly caching bean 'dataSource' to allow for resolving potential circular references
INFO  - GenericApplicationContext  - Bean 'dataSource' of type [class com.jolbox.bonecp.BoneCPDataSource] is not eligible for getting processed by all BeanPostProcessors (for example: not eligible for auto-proxying)
DEBUG - DefaultListableBeanFactory - Finished creating instance of bean 'dataSource'
DEBUG - rtySourcesPropertyResolver - Searching for key 'entitymanager.packages.to.scan' in [systemProperties]
DEBUG - rtySourcesPropertyResolver - Searching for key 'entitymanager.packages.to.scan' in [systemEnvironment]
DEBUG - rtySourcesPropertyResolver - Searching for key 'entitymanager.packages.to.scan' in [class path resource [application.properties]]
DEBUG - rtySourcesPropertyResolver - Found key 'entitymanager.packages.to.scan' in [class path resource [application.properties]] with type [String] and value 'ru.egalvi.problem.persistence.domain'
DEBUG - rtySourcesPropertyResolver - Searching for key 'hibernate.dialect' in [systemProperties]
DEBUG - rtySourcesPropertyResolver - Searching for key 'hibernate.dialect' in [systemEnvironment]
DEBUG - rtySourcesPropertyResolver - Searching for key 'hibernate.dialect' in [class path resource [application.properties]]
DEBUG - rtySourcesPropertyResolver - Found key 'hibernate.dialect' in [class path resource [application.properties]] with type [String] and value 'org.hibernate.dialect.H2Dialect'
DEBUG - rtySourcesPropertyResolver - Searching for key 'hibernate.format_sql' in [systemProperties]
DEBUG - rtySourcesPropertyResolver - Searching for key 'hibernate.format_sql' in [systemEnvironment]
DEBUG - rtySourcesPropertyResolver - Searching for key 'hibernate.format_sql' in [class path resource [application.properties]]
DEBUG - rtySourcesPropertyResolver - Found key 'hibernate.format_sql' in [class path resource [application.properties]] with type [String] and value 'true'
DEBUG - rtySourcesPropertyResolver - Searching for key 'hibernate.hbm2ddl.auto' in [systemProperties]
DEBUG - rtySourcesPropertyResolver - Searching for key 'hibernate.hbm2ddl.auto' in [systemEnvironment]
DEBUG - rtySourcesPropertyResolver - Searching for key 'hibernate.hbm2ddl.auto' in [class path resource [application.properties]]
DEBUG - rtySourcesPropertyResolver - Found key 'hibernate.hbm2ddl.auto' in [class path resource [application.properties]] with type [String] and value 'update'
DEBUG - rtySourcesPropertyResolver - Searching for key 'hibernate.ejb.naming_strategy' in [systemProperties]
DEBUG - rtySourcesPropertyResolver - Searching for key 'hibernate.ejb.naming_strategy' in [systemEnvironment]
DEBUG - rtySourcesPropertyResolver - Searching for key 'hibernate.ejb.naming_strategy' in [class path resource [application.properties]]
DEBUG - rtySourcesPropertyResolver - Found key 'hibernate.ejb.naming_strategy' in [class path resource [application.properties]] with type [String] and value 'org.hibernate.cfg.ImprovedNamingStrategy'
DEBUG - rtySourcesPropertyResolver - Searching for key 'hibernate.show_sql' in [systemProperties]
DEBUG - rtySourcesPropertyResolver - Searching for key 'hibernate.show_sql' in [systemEnvironment]
DEBUG - rtySourcesPropertyResolver - Searching for key 'hibernate.show_sql' in [class path resource [application.properties]]
DEBUG - rtySourcesPropertyResolver - Found key 'hibernate.show_sql' in [class path resource [application.properties]] with type [String] and value 'true'
DEBUG - DefaultListableBeanFactory - Eagerly caching bean 'entityManagerFactoryBean' to allow for resolving potential circular references
DEBUG - DefaultListableBeanFactory - Invoking afterPropertiesSet() on bean with name 'entityManagerFactoryBean'
DEBUG - ingResourcePatternResolver - Looking for matching resources in directory tree [D:\Aleksandr_Egorov\Study\StudyProjects\problems_database\problems_app\build\classes\main\ru\egalvi\problem\persistence\domain]
DEBUG - ingResourcePatternResolver - Searching directory [D:\Aleksandr_Egorov\Study\StudyProjects\problems_database\problems_app\build\classes\main\ru\egalvi\problem\persistence\domain] for files matching pattern [D:/Aleksandr_Egorov/Study/StudyProjects/problems_database/problems_app/build/classes/main/ru/egalvi/problem/persistence/domain/**/*.class]
DEBUG - ingResourcePatternResolver - Resolved location pattern [classpath*:ru/egalvi/problem/persistence/domain/**/*.class] to resources [file [D:\Aleksandr_Egorov\Study\StudyProjects\problems_database\problems_app\build\classes\main\ru\egalvi\problem\persistence\domain\Category.class], file [D:\Aleksandr_Egorov\Study\StudyProjects\problems_database\problems_app\build\classes\main\ru\egalvi\problem\persistence\domain\Discipline$Builder$1.class], file [D:\Aleksandr_Egorov\Study\StudyProjects\problems_database\problems_app\build\classes\main\ru\egalvi\problem\persistence\domain\Discipline$Builder.class], file [D:\Aleksandr_Egorov\Study\StudyProjects\problems_database\problems_app\build\classes\main\ru\egalvi\problem\persistence\domain\Discipline.class], file [D:\Aleksandr_Egorov\Study\StudyProjects\problems_database\problems_app\build\classes\main\ru\egalvi\problem\persistence\domain\Problem.class], file [D:\Aleksandr_Egorov\Study\StudyProjects\problems_database\problems_app\build\classes\main\ru\egalvi\problem\persistence\domain\Solution.class]]
INFO  - erEntityManagerFactoryBean - Building JPA container EntityManagerFactory for persistence unit 'default'
DEBUG - logging                    - Logging Provider: org.jboss.logging.Log4jLoggerProvider
DEBUG - BasicTypeRegistry          - Adding type registration boolean -> org.hibernate.type.BooleanType@24661903
DEBUG - BasicTypeRegistry          - Adding type registration boolean -> org.hibernate.type.BooleanType@24661903
DEBUG - BasicTypeRegistry          - Adding type registration java.lang.Boolean -> org.hibernate.type.BooleanType@24661903
DEBUG - BasicTypeRegistry          - Adding type registration numeric_boolean -> org.hibernate.type.NumericBooleanType@7ede7cf
DEBUG - BasicTypeRegistry          - Adding type registration true_false -> org.hibernate.type.TrueFalseType@1e7b9427
DEBUG - BasicTypeRegistry          - Adding type registration yes_no -> org.hibernate.type.YesNoType@504b9ec5
DEBUG - BasicTypeRegistry          - Adding type registration byte -> org.hibernate.type.ByteType@4bdc0b99
DEBUG - BasicTypeRegistry          - Adding type registration byte -> org.hibernate.type.ByteType@4bdc0b99
DEBUG - BasicTypeRegistry          - Adding type registration java.lang.Byte -> org.hibernate.type.ByteType@4bdc0b99
DEBUG - BasicTypeRegistry          - Adding type registration character -> org.hibernate.type.CharacterType@571737cd
DEBUG - BasicTypeRegistry          - Adding type registration char -> org.hibernate.type.CharacterType@571737cd
DEBUG - BasicTypeRegistry          - Adding type registration java.lang.Character -> org.hibernate.type.CharacterType@571737cd
DEBUG - BasicTypeRegistry          - Adding type registration short -> org.hibernate.type.ShortType@5ff3bbc4
DEBUG - BasicTypeRegistry          - Adding type registration short -> org.hibernate.type.ShortType@5ff3bbc4
DEBUG - BasicTypeRegistry          - Adding type registration java.lang.Short -> org.hibernate.type.ShortType@5ff3bbc4
DEBUG - BasicTypeRegistry          - Adding type registration integer -> org.hibernate.type.IntegerType@3913e70e
DEBUG - BasicTypeRegistry          - Adding type registration int -> org.hibernate.type.IntegerType@3913e70e
DEBUG - BasicTypeRegistry          - Adding type registration java.lang.Integer -> org.hibernate.type.IntegerType@3913e70e
DEBUG - BasicTypeRegistry          - Adding type registration long -> org.hibernate.type.LongType@2973bbbe
DEBUG - BasicTypeRegistry          - Adding type registration long -> org.hibernate.type.LongType@2973bbbe
DEBUG - BasicTypeRegistry          - Adding type registration java.lang.Long -> org.hibernate.type.LongType@2973bbbe
DEBUG - BasicTypeRegistry          - Adding type registration float -> org.hibernate.type.FloatType@42f38187
DEBUG - BasicTypeRegistry          - Adding type registration float -> org.hibernate.type.FloatType@42f38187
DEBUG - BasicTypeRegistry          - Adding type registration java.lang.Float -> org.hibernate.type.FloatType@42f38187
DEBUG - BasicTypeRegistry          - Adding type registration double -> org.hibernate.type.DoubleType@3850c651
DEBUG - BasicTypeRegistry          - Adding type registration double -> org.hibernate.type.DoubleType@3850c651
DEBUG - BasicTypeRegistry          - Adding type registration java.lang.Double -> org.hibernate.type.DoubleType@3850c651
DEBUG - BasicTypeRegistry          - Adding type registration big_decimal -> org.hibernate.type.BigDecimalType@53437f0
DEBUG - BasicTypeRegistry          - Adding type registration java.math.BigDecimal -> org.hibernate.type.BigDecimalType@53437f0
DEBUG - BasicTypeRegistry          - Adding type registration big_integer -> org.hibernate.type.BigIntegerType@22d6d956
DEBUG - BasicTypeRegistry          - Adding type registration java.math.BigInteger -> org.hibernate.type.BigIntegerType@22d6d956
DEBUG - BasicTypeRegistry          - Adding type registration string -> org.hibernate.type.StringType@47b36583
DEBUG - BasicTypeRegistry          - Adding type registration java.lang.String -> org.hibernate.type.StringType@47b36583
DEBUG - BasicTypeRegistry          - Adding type registration url -> org.hibernate.type.UrlType@3d314e55
DEBUG - BasicTypeRegistry          - Adding type registration java.net.URL -> org.hibernate.type.UrlType@3d314e55
DEBUG - BasicTypeRegistry          - Adding type registration date -> org.hibernate.type.DateType@2bc25a1d
DEBUG - BasicTypeRegistry          - Adding type registration java.sql.Date -> org.hibernate.type.DateType@2bc25a1d
DEBUG - BasicTypeRegistry          - Adding type registration time -> org.hibernate.type.TimeType@2e7aa0d3
DEBUG - BasicTypeRegistry          - Adding type registration java.sql.Time -> org.hibernate.type.TimeType@2e7aa0d3
DEBUG - BasicTypeRegistry          - Adding type registration timestamp -> org.hibernate.type.TimestampType@274e30c7
DEBUG - BasicTypeRegistry          - Adding type registration java.sql.Timestamp -> org.hibernate.type.TimestampType@274e30c7
DEBUG - BasicTypeRegistry          - Adding type registration java.util.Date -> org.hibernate.type.TimestampType@274e30c7
DEBUG - BasicTypeRegistry          - Adding type registration dbtimestamp -> org.hibernate.type.DbTimestampType@660382ce
DEBUG - BasicTypeRegistry          - Adding type registration calendar -> org.hibernate.type.CalendarType@4a523b16
DEBUG - BasicTypeRegistry          - Adding type registration java.util.Calendar -> org.hibernate.type.CalendarType@4a523b16
DEBUG - BasicTypeRegistry          - Adding type registration java.util.GregorianCalendar -> org.hibernate.type.CalendarType@4a523b16
DEBUG - BasicTypeRegistry          - Adding type registration calendar_date -> org.hibernate.type.CalendarDateType@70e71bb9
DEBUG - BasicTypeRegistry          - Adding type registration locale -> org.hibernate.type.LocaleType@22e6cc80
DEBUG - BasicTypeRegistry          - Adding type registration java.util.Locale -> org.hibernate.type.LocaleType@22e6cc80
DEBUG - BasicTypeRegistry          - Adding type registration currency -> org.hibernate.type.CurrencyType@71b17530
DEBUG - BasicTypeRegistry          - Adding type registration java.util.Currency -> org.hibernate.type.CurrencyType@71b17530
DEBUG - BasicTypeRegistry          - Adding type registration timezone -> org.hibernate.type.TimeZoneType@271a42a2
DEBUG - BasicTypeRegistry          - Adding type registration java.util.TimeZone -> org.hibernate.type.TimeZoneType@271a42a2
DEBUG - BasicTypeRegistry          - Adding type registration class -> org.hibernate.type.ClassType@5309b8c0
DEBUG - BasicTypeRegistry          - Adding type registration java.lang.Class -> org.hibernate.type.ClassType@5309b8c0
DEBUG - BasicTypeRegistry          - Adding type registration uuid-binary -> org.hibernate.type.UUIDBinaryType@317b71d9
DEBUG - BasicTypeRegistry          - Adding type registration java.util.UUID -> org.hibernate.type.UUIDBinaryType@317b71d9
DEBUG - BasicTypeRegistry          - Adding type registration uuid-char -> org.hibernate.type.UUIDCharType@adf5c79
DEBUG - BasicTypeRegistry          - Adding type registration pg-uuid -> org.hibernate.type.PostgresUUIDType@61a4f49c
DEBUG - BasicTypeRegistry          - Adding type registration binary -> org.hibernate.type.BinaryType@213fdeca
DEBUG - BasicTypeRegistry          - Adding type registration byte[] -> org.hibernate.type.BinaryType@213fdeca
DEBUG - BasicTypeRegistry          - Adding type registration [B -> org.hibernate.type.BinaryType@213fdeca
DEBUG - BasicTypeRegistry          - Adding type registration wrapper-binary -> org.hibernate.type.WrapperBinaryType@2e77d075
DEBUG - BasicTypeRegistry          - Adding type registration Byte[] -> org.hibernate.type.WrapperBinaryType@2e77d075
DEBUG - BasicTypeRegistry          - Adding type registration [Ljava.lang.Byte; -> org.hibernate.type.WrapperBinaryType@2e77d075
DEBUG - BasicTypeRegistry          - Adding type registration image -> org.hibernate.type.ImageType@1bc94f42
DEBUG - BasicTypeRegistry          - Adding type registration characters -> org.hibernate.type.CharArrayType@2231e8d4
DEBUG - BasicTypeRegistry          - Adding type registration char[] -> org.hibernate.type.CharArrayType@2231e8d4
DEBUG - BasicTypeRegistry          - Adding type registration [C -> org.hibernate.type.CharArrayType@2231e8d4
DEBUG - BasicTypeRegistry          - Adding type registration wrapper-characters -> org.hibernate.type.CharacterArrayType@66fcb593
DEBUG - BasicTypeRegistry          - Adding type registration [Ljava.lang.Character; -> org.hibernate.type.CharacterArrayType@66fcb593
DEBUG - BasicTypeRegistry          - Adding type registration Character[] -> org.hibernate.type.CharacterArrayType@66fcb593
DEBUG - BasicTypeRegistry          - Adding type registration text -> org.hibernate.type.TextType@7447d144
DEBUG - BasicTypeRegistry          - Adding type registration blob -> org.hibernate.type.BlobType@2545f23e
DEBUG - BasicTypeRegistry          - Adding type registration java.sql.Blob -> org.hibernate.type.BlobType@2545f23e
DEBUG - BasicTypeRegistry          - Adding type registration materialized_blob -> org.hibernate.type.MaterializedBlobType@5768f863
DEBUG - BasicTypeRegistry          - Adding type registration clob -> org.hibernate.type.ClobType@123dac34
DEBUG - BasicTypeRegistry          - Adding type registration java.sql.Clob -> org.hibernate.type.ClobType@123dac34
DEBUG - BasicTypeRegistry          - Adding type registration materialized_clob -> org.hibernate.type.MaterializedClobType@291677a6
DEBUG - BasicTypeRegistry          - Adding type registration serializable -> org.hibernate.type.SerializableType@764d86d6
DEBUG - BasicTypeRegistry          - Adding type registration object -> org.hibernate.type.ObjectType@50d2de1
DEBUG - BasicTypeRegistry          - Adding type registration java.lang.Object -> org.hibernate.type.ObjectType@50d2de1
DEBUG - BasicTypeRegistry          - Adding type registration imm_date -> org.hibernate.type.AdaptedImmutableType@398b0a62
DEBUG - BasicTypeRegistry          - Adding type registration imm_time -> org.hibernate.type.AdaptedImmutableType@5756c571
DEBUG - BasicTypeRegistry          - Adding type registration imm_timestamp -> org.hibernate.type.AdaptedImmutableType@1bcaa83
DEBUG - BasicTypeRegistry          - Adding type registration imm_dbtimestamp -> org.hibernate.type.AdaptedImmutableType@95e7f59
DEBUG - BasicTypeRegistry          - Adding type registration imm_calendar -> org.hibernate.type.AdaptedImmutableType@1afab0dd
DEBUG - BasicTypeRegistry          - Adding type registration imm_calendar_date -> org.hibernate.type.AdaptedImmutableType@40718b01
DEBUG - BasicTypeRegistry          - Adding type registration imm_binary -> org.hibernate.type.AdaptedImmutableType@5e5d0fb4
DEBUG - BasicTypeRegistry          - Adding type registration imm_serializable -> org.hibernate.type.AdaptedImmutableType@2fb222d2
INFO  - Version                    - HCANN000001: Hibernate Commons Annotations {4.0.1.Final}
INFO  - Version                    - HHH000412: Hibernate Core {4.0.1.Final}
INFO  - Environment                - HHH000206: hibernate.properties not found
INFO  - Environment                - HHH000021: Bytecode provider name : javassist
DEBUG - IdentifierGeneratorFactory - Registering IdentifierGenerator strategy [uuid2] -> [org.hibernate.id.UUIDGenerator]
DEBUG - IdentifierGeneratorFactory - Registering IdentifierGenerator strategy [guid] -> [org.hibernate.id.GUIDGenerator]
DEBUG - IdentifierGeneratorFactory - Registering IdentifierGenerator strategy [uuid] -> [org.hibernate.id.UUIDHexGenerator]
DEBUG - IdentifierGeneratorFactory - Registering IdentifierGenerator strategy [uuid.hex] -> [org.hibernate.id.UUIDHexGenerator]
DEBUG - IdentifierGeneratorFactory - Registering IdentifierGenerator strategy [hilo] -> [org.hibernate.id.TableHiLoGenerator]
DEBUG - IdentifierGeneratorFactory - Registering IdentifierGenerator strategy [assigned] -> [org.hibernate.id.Assigned]
DEBUG - IdentifierGeneratorFactory - Registering IdentifierGenerator strategy [identity] -> [org.hibernate.id.IdentityGenerator]
DEBUG - IdentifierGeneratorFactory - Registering IdentifierGenerator strategy [select] -> [org.hibernate.id.SelectGenerator]
DEBUG - IdentifierGeneratorFactory - Registering IdentifierGenerator strategy [sequence] -> [org.hibernate.id.SequenceGenerator]
DEBUG - IdentifierGeneratorFactory - Registering IdentifierGenerator strategy [seqhilo] -> [org.hibernate.id.SequenceHiLoGenerator]
DEBUG - IdentifierGeneratorFactory - Registering IdentifierGenerator strategy [increment] -> [org.hibernate.id.IncrementGenerator]
DEBUG - IdentifierGeneratorFactory - Registering IdentifierGenerator strategy [foreign] -> [org.hibernate.id.ForeignGenerator]
DEBUG - IdentifierGeneratorFactory - Registering IdentifierGenerator strategy [sequence-identity] -> [org.hibernate.id.SequenceIdentityGenerator]
DEBUG - IdentifierGeneratorFactory - Registering IdentifierGenerator strategy [enhanced-sequence] -> [org.hibernate.id.enhanced.SequenceStyleGenerator]
DEBUG - IdentifierGeneratorFactory - Registering IdentifierGenerator strategy [enhanced-table] -> [org.hibernate.id.enhanced.TableGenerator]
DEBUG - BasicTypeRegistry          - Adding type registration boolean -> org.hibernate.type.BooleanType@24661903
DEBUG - BasicTypeRegistry          - Adding type registration boolean -> org.hibernate.type.BooleanType@24661903
DEBUG - BasicTypeRegistry          - Adding type registration java.lang.Boolean -> org.hibernate.type.BooleanType@24661903
DEBUG - BasicTypeRegistry          - Adding type registration numeric_boolean -> org.hibernate.type.NumericBooleanType@7ede7cf
DEBUG - BasicTypeRegistry          - Adding type registration true_false -> org.hibernate.type.TrueFalseType@1e7b9427
DEBUG - BasicTypeRegistry          - Adding type registration yes_no -> org.hibernate.type.YesNoType@504b9ec5
DEBUG - BasicTypeRegistry          - Adding type registration byte -> org.hibernate.type.ByteType@4bdc0b99
DEBUG - BasicTypeRegistry          - Adding type registration byte -> org.hibernate.type.ByteType@4bdc0b99
DEBUG - BasicTypeRegistry          - Adding type registration java.lang.Byte -> org.hibernate.type.ByteType@4bdc0b99
DEBUG - BasicTypeRegistry          - Adding type registration character -> org.hibernate.type.CharacterType@571737cd
DEBUG - BasicTypeRegistry          - Adding type registration char -> org.hibernate.type.CharacterType@571737cd
DEBUG - BasicTypeRegistry          - Adding type registration java.lang.Character -> org.hibernate.type.CharacterType@571737cd
DEBUG - BasicTypeRegistry          - Adding type registration short -> org.hibernate.type.ShortType@5ff3bbc4
DEBUG - BasicTypeRegistry          - Adding type registration short -> org.hibernate.type.ShortType@5ff3bbc4
DEBUG - BasicTypeRegistry          - Adding type registration java.lang.Short -> org.hibernate.type.ShortType@5ff3bbc4
DEBUG - BasicTypeRegistry          - Adding type registration integer -> org.hibernate.type.IntegerType@3913e70e
DEBUG - BasicTypeRegistry          - Adding type registration int -> org.hibernate.type.IntegerType@3913e70e
DEBUG - BasicTypeRegistry          - Adding type registration java.lang.Integer -> org.hibernate.type.IntegerType@3913e70e
DEBUG - BasicTypeRegistry          - Adding type registration long -> org.hibernate.type.LongType@2973bbbe
DEBUG - BasicTypeRegistry          - Adding type registration long -> org.hibernate.type.LongType@2973bbbe
DEBUG - BasicTypeRegistry          - Adding type registration java.lang.Long -> org.hibernate.type.LongType@2973bbbe
DEBUG - BasicTypeRegistry          - Adding type registration float -> org.hibernate.type.FloatType@42f38187
DEBUG - BasicTypeRegistry          - Adding type registration float -> org.hibernate.type.FloatType@42f38187
DEBUG - BasicTypeRegistry          - Adding type registration java.lang.Float -> org.hibernate.type.FloatType@42f38187
DEBUG - BasicTypeRegistry          - Adding type registration double -> org.hibernate.type.DoubleType@3850c651
DEBUG - BasicTypeRegistry          - Adding type registration double -> org.hibernate.type.DoubleType@3850c651
DEBUG - BasicTypeRegistry          - Adding type registration java.lang.Double -> org.hibernate.type.DoubleType@3850c651
DEBUG - BasicTypeRegistry          - Adding type registration big_decimal -> org.hibernate.type.BigDecimalType@53437f0
DEBUG - BasicTypeRegistry          - Adding type registration java.math.BigDecimal -> org.hibernate.type.BigDecimalType@53437f0
DEBUG - BasicTypeRegistry          - Adding type registration big_integer -> org.hibernate.type.BigIntegerType@22d6d956
DEBUG - BasicTypeRegistry          - Adding type registration java.math.BigInteger -> org.hibernate.type.BigIntegerType@22d6d956
DEBUG - BasicTypeRegistry          - Adding type registration string -> org.hibernate.type.StringType@47b36583
DEBUG - BasicTypeRegistry          - Adding type registration java.lang.String -> org.hibernate.type.StringType@47b36583
DEBUG - BasicTypeRegistry          - Adding type registration url -> org.hibernate.type.UrlType@3d314e55
DEBUG - BasicTypeRegistry          - Adding type registration java.net.URL -> org.hibernate.type.UrlType@3d314e55
DEBUG - BasicTypeRegistry          - Adding type registration date -> org.hibernate.type.DateType@2bc25a1d
DEBUG - BasicTypeRegistry          - Adding type registration java.sql.Date -> org.hibernate.type.DateType@2bc25a1d
DEBUG - BasicTypeRegistry          - Adding type registration time -> org.hibernate.type.TimeType@2e7aa0d3
DEBUG - BasicTypeRegistry          - Adding type registration java.sql.Time -> org.hibernate.type.TimeType@2e7aa0d3
DEBUG - BasicTypeRegistry          - Adding type registration timestamp -> org.hibernate.type.TimestampType@274e30c7
DEBUG - BasicTypeRegistry          - Adding type registration java.sql.Timestamp -> org.hibernate.type.TimestampType@274e30c7
DEBUG - BasicTypeRegistry          - Adding type registration java.util.Date -> org.hibernate.type.TimestampType@274e30c7
DEBUG - BasicTypeRegistry          - Adding type registration dbtimestamp -> org.hibernate.type.DbTimestampType@660382ce
DEBUG - BasicTypeRegistry          - Adding type registration calendar -> org.hibernate.type.CalendarType@4a523b16
DEBUG - BasicTypeRegistry          - Adding type registration java.util.Calendar -> org.hibernate.type.CalendarType@4a523b16
DEBUG - BasicTypeRegistry          - Adding type registration java.util.GregorianCalendar -> org.hibernate.type.CalendarType@4a523b16
DEBUG - BasicTypeRegistry          - Adding type registration calendar_date -> org.hibernate.type.CalendarDateType@70e71bb9
DEBUG - BasicTypeRegistry          - Adding type registration locale -> org.hibernate.type.LocaleType@22e6cc80
DEBUG - BasicTypeRegistry          - Adding type registration java.util.Locale -> org.hibernate.type.LocaleType@22e6cc80
DEBUG - BasicTypeRegistry          - Adding type registration currency -> org.hibernate.type.CurrencyType@71b17530
DEBUG - BasicTypeRegistry          - Adding type registration java.util.Currency -> org.hibernate.type.CurrencyType@71b17530
DEBUG - BasicTypeRegistry          - Adding type registration timezone -> org.hibernate.type.TimeZoneType@271a42a2
DEBUG - BasicTypeRegistry          - Adding type registration java.util.TimeZone -> org.hibernate.type.TimeZoneType@271a42a2
DEBUG - BasicTypeRegistry          - Adding type registration class -> org.hibernate.type.ClassType@5309b8c0
DEBUG - BasicTypeRegistry          - Adding type registration java.lang.Class -> org.hibernate.type.ClassType@5309b8c0
DEBUG - BasicTypeRegistry          - Adding type registration uuid-binary -> org.hibernate.type.UUIDBinaryType@317b71d9
DEBUG - BasicTypeRegistry          - Adding type registration java.util.UUID -> org.hibernate.type.UUIDBinaryType@317b71d9
DEBUG - BasicTypeRegistry          - Adding type registration uuid-char -> org.hibernate.type.UUIDCharType@adf5c79
DEBUG - BasicTypeRegistry          - Adding type registration pg-uuid -> org.hibernate.type.PostgresUUIDType@61a4f49c
DEBUG - BasicTypeRegistry          - Adding type registration binary -> org.hibernate.type.BinaryType@213fdeca
DEBUG - BasicTypeRegistry          - Adding type registration byte[] -> org.hibernate.type.BinaryType@213fdeca
DEBUG - BasicTypeRegistry          - Adding type registration [B -> org.hibernate.type.BinaryType@213fdeca
DEBUG - BasicTypeRegistry          - Adding type registration wrapper-binary -> org.hibernate.type.WrapperBinaryType@2e77d075
DEBUG - BasicTypeRegistry          - Adding type registration Byte[] -> org.hibernate.type.WrapperBinaryType@2e77d075
DEBUG - BasicTypeRegistry          - Adding type registration [Ljava.lang.Byte; -> org.hibernate.type.WrapperBinaryType@2e77d075
DEBUG - BasicTypeRegistry          - Adding type registration image -> org.hibernate.type.ImageType@1bc94f42
DEBUG - BasicTypeRegistry          - Adding type registration characters -> org.hibernate.type.CharArrayType@2231e8d4
DEBUG - BasicTypeRegistry          - Adding type registration char[] -> org.hibernate.type.CharArrayType@2231e8d4
DEBUG - BasicTypeRegistry          - Adding type registration [C -> org.hibernate.type.CharArrayType@2231e8d4
DEBUG - BasicTypeRegistry          - Adding type registration wrapper-characters -> org.hibernate.type.CharacterArrayType@66fcb593
DEBUG - BasicTypeRegistry          - Adding type registration [Ljava.lang.Character; -> org.hibernate.type.CharacterArrayType@66fcb593
DEBUG - BasicTypeRegistry          - Adding type registration Character[] -> org.hibernate.type.CharacterArrayType@66fcb593
DEBUG - BasicTypeRegistry          - Adding type registration text -> org.hibernate.type.TextType@7447d144
DEBUG - BasicTypeRegistry          - Adding type registration blob -> org.hibernate.type.BlobType@2545f23e
DEBUG - BasicTypeRegistry          - Adding type registration java.sql.Blob -> org.hibernate.type.BlobType@2545f23e
DEBUG - BasicTypeRegistry          - Adding type registration materialized_blob -> org.hibernate.type.MaterializedBlobType@5768f863
DEBUG - BasicTypeRegistry          - Adding type registration clob -> org.hibernate.type.ClobType@123dac34
DEBUG - BasicTypeRegistry          - Adding type registration java.sql.Clob -> org.hibernate.type.ClobType@123dac34
DEBUG - BasicTypeRegistry          - Adding type registration materialized_clob -> org.hibernate.type.MaterializedClobType@291677a6
DEBUG - BasicTypeRegistry          - Adding type registration serializable -> org.hibernate.type.SerializableType@764d86d6
DEBUG - BasicTypeRegistry          - Adding type registration object -> org.hibernate.type.ObjectType@50d2de1
DEBUG - BasicTypeRegistry          - Adding type registration java.lang.Object -> org.hibernate.type.ObjectType@50d2de1
DEBUG - BasicTypeRegistry          - Adding type registration imm_date -> org.hibernate.type.AdaptedImmutableType@e53c0ce
DEBUG - BasicTypeRegistry          - Adding type registration imm_time -> org.hibernate.type.AdaptedImmutableType@1c971bbb
DEBUG - BasicTypeRegistry          - Adding type registration imm_timestamp -> org.hibernate.type.AdaptedImmutableType@49da0a7
DEBUG - BasicTypeRegistry          - Adding type registration imm_dbtimestamp -> org.hibernate.type.AdaptedImmutableType@89e364f
DEBUG - BasicTypeRegistry          - Adding type registration imm_calendar -> org.hibernate.type.AdaptedImmutableType@4aff80f4
DEBUG - BasicTypeRegistry          - Adding type registration imm_calendar_date -> org.hibernate.type.AdaptedImmutableType@4c6b39a3
DEBUG - BasicTypeRegistry          - Adding type registration imm_binary -> org.hibernate.type.AdaptedImmutableType@13952387
DEBUG - BasicTypeRegistry          - Adding type registration imm_serializable -> org.hibernate.type.AdaptedImmutableType@244f7e1c
DEBUG - IdentifierGeneratorFactory - Registering IdentifierGenerator strategy [uuid2] -> [org.hibernate.id.UUIDGenerator]
DEBUG - IdentifierGeneratorFactory - Registering IdentifierGenerator strategy [guid] -> [org.hibernate.id.GUIDGenerator]
DEBUG - IdentifierGeneratorFactory - Registering IdentifierGenerator strategy [uuid] -> [org.hibernate.id.UUIDHexGenerator]
DEBUG - IdentifierGeneratorFactory - Registering IdentifierGenerator strategy [uuid.hex] -> [org.hibernate.id.UUIDHexGenerator]
DEBUG - IdentifierGeneratorFactory - Registering IdentifierGenerator strategy [hilo] -> [org.hibernate.id.TableHiLoGenerator]
DEBUG - IdentifierGeneratorFactory - Registering IdentifierGenerator strategy [assigned] -> [org.hibernate.id.Assigned]
DEBUG - IdentifierGeneratorFactory - Registering IdentifierGenerator strategy [identity] -> [org.hibernate.id.IdentityGenerator]
DEBUG - IdentifierGeneratorFactory - Registering IdentifierGenerator strategy [select] -> [org.hibernate.id.SelectGenerator]
DEBUG - IdentifierGeneratorFactory - Registering IdentifierGenerator strategy [sequence] -> [org.hibernate.id.SequenceGenerator]
DEBUG - IdentifierGeneratorFactory - Registering IdentifierGenerator strategy [seqhilo] -> [org.hibernate.id.SequenceHiLoGenerator]
DEBUG - IdentifierGeneratorFactory - Registering IdentifierGenerator strategy [increment] -> [org.hibernate.id.IncrementGenerator]
DEBUG - IdentifierGeneratorFactory - Registering IdentifierGenerator strategy [foreign] -> [org.hibernate.id.ForeignGenerator]
DEBUG - IdentifierGeneratorFactory - Registering IdentifierGenerator strategy [sequence-identity] -> [org.hibernate.id.SequenceIdentityGenerator]
DEBUG - IdentifierGeneratorFactory - Registering IdentifierGenerator strategy [enhanced-sequence] -> [org.hibernate.id.enhanced.SequenceStyleGenerator]
DEBUG - IdentifierGeneratorFactory - Registering IdentifierGenerator strategy [enhanced-table] -> [org.hibernate.id.enhanced.TableGenerator]
DEBUG - Ejb3Configuration          - Processing PersistenceUnitInfo [
	name: default
	persistence provider classname: null
	classloader: sun.misc.Launcher$AppClassLoader@1901b54e
	Temporary classloader: org.springframework.instrument.classloading.SimpleThrowawayClassLoader@576f8821
	excludeUnlistedClasses: true
	JTA datasource: null
	Non JTA datasource: JDBC URL = jdbc:h2:mem:datajpa, Username = sa, partitions = 1, max (per partition) = 10, min (per partition) = 0, idle max age = 60 min, idle test period = 240 min, strategy = DEFAULT
	Transaction type: RESOURCE_LOCAL
	PU root URL: file:/D:/Aleksandr_Egorov/Study/StudyProjects/problems_database/problems_app/build/classes/test/
	Shared Cache Mode: UNSPECIFIED
	Validation Mode: AUTO
	Jar files URLs []
	Managed classes names [
		ru.egalvi.problem.persistence.domain.Category
		ru.egalvi.problem.persistence.domain.Discipline
		ru.egalvi.problem.persistence.domain.Problem
		ru.egalvi.problem.persistence.domain.Solution]
	Mapping files names []
	Properties []
DEBUG - Ejb3Configuration          - Detect class: true; detect hbm: true
DEBUG - AbstractJarVisitor         - Searching mapped entities in jar/par: file:/D:/Aleksandr_Egorov/Study/StudyProjects/problems_database/problems_app/build/classes/test/
DEBUG - AbstractJarVisitor         - Filtering: ru.egalvi.problem.persistance.domain.fixture.JPAAssertions$1
DEBUG - AbstractJarVisitor         - Filtering: ru.egalvi.problem.persistance.domain.fixture.JPAAssertions$2
DEBUG - AbstractJarVisitor         - Filtering: ru.egalvi.problem.persistance.domain.fixture.JPAAssertions$ResultCollector
DEBUG - AbstractJarVisitor         - Filtering: ru.egalvi.problem.persistance.domain.fixture.JPAAssertions
DEBUG - AbstractJarVisitor         - Filtering: ru.egalvi.problem.persistance.integration.EntityMappingIntegrationTests
DEBUG - AbstractJarVisitor         - Filtering: ru.egalvi.problem.persistence.service.impl.RepositoryDisciplineServiceTest$1
DEBUG - AbstractJarVisitor         - Filtering: ru.egalvi.problem.persistence.service.impl.RepositoryDisciplineServiceTest
DEBUG - IntegratorServiceImpl      - Adding Integrator [org.hibernate.cfg.beanvalidation.BeanValidationIntegrator].
DEBUG - IntegratorServiceImpl      - Adding Integrator [org.hibernate.ejb.event.JpaIntegrator].
DEBUG - NamingHelper               - No JNDI name configured for binding Ejb3Configuration
DEBUG - Configuration              - Preparing to build session factory with filters : {}
DEBUG - Configuration              - Processing hbm.xml files
DEBUG - Configuration              - Process annotated classes
DEBUG - AnnotationBinder           - Binding entity from annotated class: ru.egalvi.problem.persistence.domain.Category
DEBUG - Ejb3Column                 - Binding column: Ejb3DiscriminatorColumn{logicalColumnName'DTYPE', discriminatorTypeName='string'}
DEBUG - EntityBinder               - Import with entity name category
DEBUG - EntityBinder               - Bind entity ru.egalvi.problem.persistence.domain.Category on table category
DEBUG - Ejb3Column                 - Binding column: Ejb3Column{table=org.hibernate.mapping.Table(category), mappingColumn=idcategory, insertable=true, updatable=true, unique=false}
DEBUG - PropertyBinder             - MetadataSourceProcessor property id with lazy=false
DEBUG - SimpleValueBinder          - building SimpleValue for id
DEBUG - PropertyBinder             - Building property id
DEBUG - Ejb3Column                 - Binding column: Ejb3JoinColumn{logicalColumnName='null', referencedColumn='null', mappedBy='parent'}
DEBUG - Ejb3Column                 - Binding column: Ejb3Column{table=org.hibernate.mapping.Table(category), mappingColumn=children, insertable=true, updatable=true, unique=false}
DEBUG - Ejb3Column                 - Binding column: Ejb3Column{table=org.hibernate.mapping.Table(category), mappingColumn=null, insertable=true, updatable=true, unique=false}
DEBUG - Ejb3Column                 - Binding column: Ejb3Column{table=org.hibernate.mapping.Table(category), mappingColumn=element, insertable=true, updatable=true, unique=false}
DEBUG - Ejb3Column                 - Binding column: Ejb3Column{table=org.hibernate.mapping.Table(category), mappingColumn=children_key, insertable=true, updatable=true, unique=false}
DEBUG - Ejb3Column                 - Binding column: Ejb3JoinColumn{logicalColumnName='children_KEY', referencedColumn='null', mappedBy='null'}
DEBUG - Ejb3Column                 - Binding column: Ejb3JoinColumn{logicalColumnName='null', referencedColumn='null', mappedBy='parent'}
DEBUG - Ejb3Column                 - Binding column: Ejb3JoinColumn{logicalColumnName='null', referencedColumn='null', mappedBy='parent'}
DEBUG - CollectionBinder           - Collection role: ru.egalvi.problem.persistence.domain.Category.children
DEBUG - PropertyBinder             - Building property children
DEBUG - Ejb3Column                 - Binding column: Ejb3JoinColumn{logicalColumnName='iddiscipline', referencedColumn='', mappedBy=''}
DEBUG - Ejb3Column                 - Binding column: Ejb3Column{table=org.hibernate.mapping.Table(category), mappingColumn=discipline, insertable=true, updatable=true, unique=false}
DEBUG - PropertyBinder             - Building property discipline
DEBUG - Ejb3Column                 - Binding column: Ejb3Column{table=org.hibernate.mapping.Table(category), mappingColumn=name, insertable=true, updatable=true, unique=false}
DEBUG - PropertyBinder             - MetadataSourceProcessor property name with lazy=false
DEBUG - SimpleValueBinder          - building SimpleValue for name
DEBUG - PropertyBinder             - Building property name
DEBUG - Ejb3Column                 - Binding column: Ejb3JoinColumn{logicalColumnName='idparentcategory', referencedColumn='', mappedBy=''}
DEBUG - Ejb3Column                 - Binding column: Ejb3Column{table=org.hibernate.mapping.Table(category), mappingColumn=parent, insertable=true, updatable=true, unique=false}
DEBUG - PropertyBinder             - Building property parent
DEBUG - Ejb3Column                 - Binding column: Ejb3JoinColumn{logicalColumnName='null', referencedColumn='null', mappedBy='category'}
DEBUG - Ejb3Column                 - Binding column: Ejb3Column{table=org.hibernate.mapping.Table(category), mappingColumn=problems, insertable=true, updatable=true, unique=false}
DEBUG - Ejb3Column                 - Binding column: Ejb3Column{table=org.hibernate.mapping.Table(category), mappingColumn=null, insertable=true, updatable=true, unique=false}
DEBUG - Ejb3Column                 - Binding column: Ejb3Column{table=org.hibernate.mapping.Table(category), mappingColumn=element, insertable=true, updatable=true, unique=false}
DEBUG - Ejb3Column                 - Binding column: Ejb3Column{table=org.hibernate.mapping.Table(category), mappingColumn=problems_key, insertable=true, updatable=true, unique=false}
DEBUG - Ejb3Column                 - Binding column: Ejb3JoinColumn{logicalColumnName='problems_KEY', referencedColumn='null', mappedBy='null'}
DEBUG - Ejb3Column                 - Binding column: Ejb3JoinColumn{logicalColumnName='null', referencedColumn='null', mappedBy='category'}
DEBUG - Ejb3Column                 - Binding column: Ejb3JoinColumn{logicalColumnName='null', referencedColumn='null', mappedBy='category'}
DEBUG - CollectionBinder           - Collection role: ru.egalvi.problem.persistence.domain.Category.problems
DEBUG - PropertyBinder             - Building property problems
DEBUG - AnnotationBinder           - Binding entity from annotated class: ru.egalvi.problem.persistence.domain.Discipline
DEBUG - Ejb3Column                 - Binding column: Ejb3DiscriminatorColumn{logicalColumnName'DTYPE', discriminatorTypeName='string'}
DEBUG - EntityBinder               - Import with entity name Discipline
DEBUG - EntityBinder               - Bind entity ru.egalvi.problem.persistence.domain.Discipline on table discipline
DEBUG - Ejb3Column                 - Binding column: Ejb3Column{table=org.hibernate.mapping.Table(discipline), mappingColumn=iddiscipline, insertable=true, updatable=true, unique=false}
DEBUG - PropertyBinder             - MetadataSourceProcessor property id with lazy=false
DEBUG - SimpleValueBinder          - building SimpleValue for id
DEBUG - PropertyBinder             - Building property id
DEBUG - Ejb3Column                 - Binding column: Ejb3JoinColumn{logicalColumnName='null', referencedColumn='null', mappedBy='discipline'}
DEBUG - Ejb3Column                 - Binding column: Ejb3Column{table=org.hibernate.mapping.Table(discipline), mappingColumn=categories, insertable=true, updatable=true, unique=false}
DEBUG - Ejb3Column                 - Binding column: Ejb3Column{table=org.hibernate.mapping.Table(discipline), mappingColumn=null, insertable=true, updatable=true, unique=false}
DEBUG - Ejb3Column                 - Binding column: Ejb3Column{table=org.hibernate.mapping.Table(discipline), mappingColumn=element, insertable=true, updatable=true, unique=false}
DEBUG - Ejb3Column                 - Binding column: Ejb3Column{table=org.hibernate.mapping.Table(discipline), mappingColumn=categories_key, insertable=true, updatable=true, unique=false}
DEBUG - Ejb3Column                 - Binding column: Ejb3JoinColumn{logicalColumnName='categories_KEY', referencedColumn='null', mappedBy='null'}
DEBUG - Ejb3Column                 - Binding column: Ejb3JoinColumn{logicalColumnName='null', referencedColumn='null', mappedBy='discipline'}
DEBUG - Ejb3Column                 - Binding column: Ejb3JoinColumn{logicalColumnName='null', referencedColumn='null', mappedBy='discipline'}
DEBUG - CollectionBinder           - Collection role: ru.egalvi.problem.persistence.domain.Discipline.categories
DEBUG - PropertyBinder             - Building property categories
DEBUG - Ejb3Column                 - Binding column: Ejb3Column{table=org.hibernate.mapping.Table(discipline), mappingColumn=name, insertable=true, updatable=true, unique=false}
DEBUG - PropertyBinder             - MetadataSourceProcessor property name with lazy=false
DEBUG - SimpleValueBinder          - building SimpleValue for name
DEBUG - PropertyBinder             - Building property name
DEBUG - AnnotationBinder           - Binding entity from annotated class: ru.egalvi.problem.persistence.domain.Problem
DEBUG - Ejb3Column                 - Binding column: Ejb3DiscriminatorColumn{logicalColumnName'DTYPE', discriminatorTypeName='string'}
DEBUG - EntityBinder               - Import with entity name problem
DEBUG - EntityBinder               - Bind entity ru.egalvi.problem.persistence.domain.Problem on table problem
DEBUG - Ejb3Column                 - Binding column: Ejb3Column{table=org.hibernate.mapping.Table(problem), mappingColumn=idproblem, insertable=true, updatable=true, unique=false}
DEBUG - PropertyBinder             - MetadataSourceProcessor property id with lazy=false
DEBUG - SimpleValueBinder          - building SimpleValue for id
DEBUG - PropertyBinder             - Building property id
DEBUG - Ejb3Column                 - Binding column: Ejb3JoinColumn{logicalColumnName='idcategory', referencedColumn='', mappedBy=''}
DEBUG - Ejb3Column                 - Binding column: Ejb3Column{table=org.hibernate.mapping.Table(problem), mappingColumn=category, insertable=true, updatable=true, unique=false}
DEBUG - PropertyBinder             - Building property category
DEBUG - Ejb3Column                 - Binding column: Ejb3JoinColumn{logicalColumnName='null', referencedColumn='null', mappedBy='problem'}
DEBUG - Ejb3Column                 - Binding column: Ejb3Column{table=org.hibernate.mapping.Table(problem), mappingColumn=solution, insertable=true, updatable=true, unique=false}
DEBUG - Ejb3Column                 - Binding column: Ejb3Column{table=org.hibernate.mapping.Table(problem), mappingColumn=null, insertable=true, updatable=true, unique=false}
DEBUG - Ejb3Column                 - Binding column: Ejb3Column{table=org.hibernate.mapping.Table(problem), mappingColumn=element, insertable=true, updatable=true, unique=false}
DEBUG - Ejb3Column                 - Binding column: Ejb3Column{table=org.hibernate.mapping.Table(problem), mappingColumn=solution_key, insertable=true, updatable=true, unique=false}
DEBUG - Ejb3Column                 - Binding column: Ejb3JoinColumn{logicalColumnName='solution_KEY', referencedColumn='null', mappedBy='null'}
DEBUG - Ejb3Column                 - Binding column: Ejb3JoinColumn{logicalColumnName='null', referencedColumn='null', mappedBy='problem'}
DEBUG - Ejb3Column                 - Binding column: Ejb3JoinColumn{logicalColumnName='null', referencedColumn='null', mappedBy='problem'}
DEBUG - CollectionBinder           - Collection role: ru.egalvi.problem.persistence.domain.Problem.solution
DEBUG - PropertyBinder             - Building property solution
DEBUG - Ejb3Column                 - Binding column: Ejb3Column{table=org.hibernate.mapping.Table(problem), mappingColumn=text, insertable=true, updatable=true, unique=false}
DEBUG - PropertyBinder             - MetadataSourceProcessor property text with lazy=false
DEBUG - SimpleValueBinder          - building SimpleValue for text
DEBUG - PropertyBinder             - Building property text
DEBUG - AnnotationBinder           - Binding entity from annotated class: ru.egalvi.problem.persistence.domain.Solution
DEBUG - Ejb3Column                 - Binding column: Ejb3DiscriminatorColumn{logicalColumnName'DTYPE', discriminatorTypeName='string'}
DEBUG - EntityBinder               - Import with entity name solution
DEBUG - EntityBinder               - Bind entity ru.egalvi.problem.persistence.domain.Solution on table solution
DEBUG - Ejb3Column                 - Binding column: Ejb3Column{table=org.hibernate.mapping.Table(solution), mappingColumn=idsolution, insertable=true, updatable=true, unique=false}
DEBUG - PropertyBinder             - MetadataSourceProcessor property id with lazy=false
DEBUG - SimpleValueBinder          - building SimpleValue for id
DEBUG - PropertyBinder             - Building property id
DEBUG - Ejb3Column                 - Binding column: Ejb3Column{table=org.hibernate.mapping.Table(solution), mappingColumn=comment, insertable=true, updatable=true, unique=false}
DEBUG - PropertyBinder             - MetadataSourceProcessor property comment with lazy=false
DEBUG - SimpleValueBinder          - building SimpleValue for comment
DEBUG - PropertyBinder             - Building property comment
DEBUG - Ejb3Column                 - Binding column: Ejb3Column{table=org.hibernate.mapping.Table(solution), mappingColumn=file, insertable=true, updatable=true, unique=false}
DEBUG - PropertyBinder             - MetadataSourceProcessor property file with lazy=false
DEBUG - SimpleValueBinder          - building SimpleValue for file
DEBUG - PropertyBinder             - Building property file
DEBUG - Ejb3Column                 - Binding column: Ejb3Column{table=org.hibernate.mapping.Table(solution), mappingColumn=name, insertable=true, updatable=true, unique=false}
DEBUG - PropertyBinder             - MetadataSourceProcessor property name with lazy=false
DEBUG - SimpleValueBinder          - building SimpleValue for name
DEBUG - PropertyBinder             - Building property name
DEBUG - Ejb3Column                 - Binding column: Ejb3Column{table=org.hibernate.mapping.Table(solution), mappingColumn=page_num, insertable=true, updatable=true, unique=false}
DEBUG - PropertyBinder             - MetadataSourceProcessor property pageNum with lazy=false
DEBUG - SimpleValueBinder          - building SimpleValue for pageNum
DEBUG - PropertyBinder             - Building property pageNum
DEBUG - Ejb3Column                 - Binding column: Ejb3JoinColumn{logicalColumnName='idproblem', referencedColumn='', mappedBy=''}
DEBUG - Ejb3Column                 - Binding column: Ejb3Column{table=org.hibernate.mapping.Table(solution), mappingColumn=problem, insertable=true, updatable=true, unique=false}
DEBUG - PropertyBinder             - Building property problem
DEBUG - SimpleValueBinder          - Setting SimpleValue typeName for id
DEBUG - SimpleValueBinder          - Setting SimpleValue typeName for name
DEBUG - SimpleValueBinder          - Setting SimpleValue typeName for id
DEBUG - SimpleValueBinder          - Setting SimpleValue typeName for name
DEBUG - SimpleValueBinder          - Setting SimpleValue typeName for id
DEBUG - SimpleValueBinder          - Setting SimpleValue typeName for text
DEBUG - SimpleValueBinder          - Setting SimpleValue typeName for id
DEBUG - SimpleValueBinder          - Setting SimpleValue typeName for comment
DEBUG - SimpleValueBinder          - Setting SimpleValue typeName for file
DEBUG - SimpleValueBinder          - Setting SimpleValue typeName for name
DEBUG - SimpleValueBinder          - Setting SimpleValue typeName for pageNum
DEBUG - Configuration              - Processing fk mappings (*ToOne and JoinedSubclass)
DEBUG - Configuration              - Processing extends queue
DEBUG - Configuration              - Processing extends queue
DEBUG - Configuration              - Processing collection mappings
DEBUG - CollectionSecondPass       - Second pass for collection: ru.egalvi.problem.persistence.domain.Category.children
DEBUG - CollectionBinder           - Binding a OneToMany: ru.egalvi.problem.persistence.domain.Category.children through a foreign key
DEBUG - CollectionBinder           - Mapping collection: ru.egalvi.problem.persistence.domain.Category.children -> category
DEBUG - TableBinder                - Retrieving property ru.egalvi.problem.persistence.domain.Category.parent
DEBUG - CollectionSecondPass       - Mapped collection key: idparentcategory, one-to-many: ru.egalvi.problem.persistence.domain.Category
DEBUG - CollectionSecondPass       - Second pass for collection: ru.egalvi.problem.persistence.domain.Category.problems
DEBUG - CollectionBinder           - Binding a OneToMany: ru.egalvi.problem.persistence.domain.Category.problems through a foreign key
DEBUG - CollectionBinder           - Mapping collection: ru.egalvi.problem.persistence.domain.Category.problems -> problem
DEBUG - TableBinder                - Retrieving property ru.egalvi.problem.persistence.domain.Problem.category
DEBUG - CollectionSecondPass       - Mapped collection key: idcategory, one-to-many: ru.egalvi.problem.persistence.domain.Problem
DEBUG - CollectionSecondPass       - Second pass for collection: ru.egalvi.problem.persistence.domain.Discipline.categories
DEBUG - CollectionBinder           - Binding a OneToMany: ru.egalvi.problem.persistence.domain.Discipline.categories through a foreign key
DEBUG - CollectionBinder           - Mapping collection: ru.egalvi.problem.persistence.domain.Discipline.categories -> category
DEBUG - TableBinder                - Retrieving property ru.egalvi.problem.persistence.domain.Category.discipline
DEBUG - CollectionSecondPass       - Mapped collection key: iddiscipline, one-to-many: ru.egalvi.problem.persistence.domain.Category
DEBUG - CollectionSecondPass       - Second pass for collection: ru.egalvi.problem.persistence.domain.Problem.solution
DEBUG - CollectionBinder           - Binding a OneToMany: ru.egalvi.problem.persistence.domain.Problem.solution through a foreign key
DEBUG - CollectionBinder           - Mapping collection: ru.egalvi.problem.persistence.domain.Problem.solution -> solution
DEBUG - TableBinder                - Retrieving property ru.egalvi.problem.persistence.domain.Solution.problem
DEBUG - CollectionSecondPass       - Mapped collection key: idproblem, one-to-many: ru.egalvi.problem.persistence.domain.Solution
DEBUG - Configuration              - Processing native query and ResultSetMapping mappings
DEBUG - Configuration              - Processing association property references
DEBUG - Configuration              - Processing foreign key constraints
DEBUG - Configuration              - Resolving reference to class: ru.egalvi.problem.persistence.domain.Category
DEBUG - Configuration              - Resolving reference to class: ru.egalvi.problem.persistence.domain.Discipline
DEBUG - Configuration              - Resolving reference to class: ru.egalvi.problem.persistence.domain.Category
DEBUG - Configuration              - Resolving reference to class: ru.egalvi.problem.persistence.domain.Discipline
DEBUG - Configuration              - Resolving reference to class: ru.egalvi.problem.persistence.domain.Problem
INFO  - onnectionProviderInitiator - HHH000130: Instantiating explicit connection provider: org.hibernate.ejb.connection.InjectedDataSourceConnectionProvider
DEBUG - BoneCPDataSource           - JDBC URL = jdbc:h2:mem:datajpa, Username = sa, partitions = 1, max (per partition) = 10, min (per partition) = 0, idle max age = 60 min, idle test period = 240 min, strategy = DEFAULT
DEBUG - JdbcServicesImpl           - Database ->
       name : H2
    version : 1.3.173 (2013-07-28)
      major : 1
      minor : 3
DEBUG - JdbcServicesImpl           - Driver ->
       name : H2 JDBC Driver
    version : 1.3.173 (2013-07-28)
      major : 1
      minor : 3
DEBUG - JdbcServicesImpl           - JDBC version : 4.0
INFO  - Dialect                    - HHH000400: Using dialect: org.hibernate.dialect.H2Dialect
DEBUG - SettingsFactory            - Automatic flush during beforeCompletion(): disabled
DEBUG - SettingsFactory            - Automatic session close at end of transaction: disabled
DEBUG - SettingsFactory            - JDBC batch size: 15
DEBUG - SettingsFactory            - JDBC batch updates for versioned data: disabled
DEBUG - SettingsFactory            - Scrollable result sets: enabled
DEBUG - SettingsFactory            - Wrap result sets: disabled
DEBUG - SettingsFactory            - JDBC3 getGeneratedKeys(): enabled
DEBUG - SettingsFactory            - Connection release mode: auto
INFO  - ransactionFactoryInitiator - HHH000268: Transaction strategy: org.hibernate.engine.transaction.internal.jdbc.JdbcTransactionFactory
DEBUG - SettingsFactory            - Default batch fetch size: 1
DEBUG - SettingsFactory            - Generate SQL with comments: disabled
DEBUG - SettingsFactory            - Order SQL updates by primary key: disabled
DEBUG - SettingsFactory            - Order SQL inserts for batching: disabled
DEBUG - SettingsFactory            - Query translator: org.hibernate.hql.internal.ast.ASTQueryTranslatorFactory
INFO  - ASTQueryTranslatorFactory  - HHH000397: Using ASTQueryTranslatorFactory
DEBUG - SettingsFactory            - Query language substitutions: {}
DEBUG - SettingsFactory            - JPA-QL strict compliance: enabled
DEBUG - SettingsFactory            - Second-level cache: enabled
DEBUG - SettingsFactory            - Query cache: disabled
DEBUG - SettingsFactory            - Cache region factory : org.hibernate.cache.internal.NoCachingRegionFactory
DEBUG - SettingsFactory            - org.hibernate.cache.internal.NoCachingRegionFactory did not provide constructor accepting java.util.Properties; attempting no-arg constructor.
DEBUG - SettingsFactory            - Optimize cache for minimal puts: disabled
DEBUG - SettingsFactory            - Structured second-level cache entries: disabled
DEBUG - SettingsFactory            - Statistics: disabled
DEBUG - SettingsFactory            - Deleted entity synthetic identifier rollback: disabled
DEBUG - SettingsFactory            - Default entity-mode: pojo
DEBUG - SettingsFactory            - Named query checking : enabled
DEBUG - SettingsFactory            - Check Nullability in Core (should be disabled when Bean Validation is on): enabled
DEBUG - SettingsFactory            - multi-tenancy strategy : NONE
DEBUG - SessionFactoryImpl         - Building session factory
DEBUG - SessionFactoryImpl         - Session factory constructed with filter configurations : {}
DEBUG - SessionFactoryImpl         - Instantiating session factory with properties: {java.vendor=Oracle Corporation, sun.java.launcher=SUN_STANDARD, sun.management.compiler=HotSpot 64-Bit Tiered Compilers, hibernate.ejb.discard_pc_on_close=false, hibernate.transaction.flush_before_completion=false, os.name=Windows 7, sun.boot.class.path=C:\Program Files\Java\jdk1.7.0_45\jre\lib\resources.jar;C:\Program Files\Java\jdk1.7.0_45\jre\lib\rt.jar;C:\Program Files\Java\jdk1.7.0_45\jre\lib\sunrsasign.jar;C:\Program Files\Java\jdk1.7.0_45\jre\lib\jsse.jar;C:\Program Files\Java\jdk1.7.0_45\jre\lib\jce.jar;C:\Program Files\Java\jdk1.7.0_45\jre\lib\charsets.jar;C:\Program Files\Java\jdk1.7.0_45\jre\lib\jfr.jar;C:\Program Files\Java\jdk1.7.0_45\jre\classes, user.country.format=RU, sun.desktop=windows, java.vm.specification.vendor=Oracle Corporation, java.runtime.version=1.7.0_45-b18, hibernate.connection.autocommit=true, user.name=Aleksandr_Egorov, user.language.format=ru, javax.persistence.validation.mode=AUTO, hibernate.connection.release_mode=auto, user.language=en, sun.boot.library.path=C:\Program Files\Java\jdk1.7.0_45\jre\bin, java.version=1.7.0_45, user.timezone=Europe/Moscow, sun.arch.data.model=64, java.endorsed.dirs=C:\Program Files\Java\jdk1.7.0_45\jre\lib\endorsed, sun.cpu.isalist=amd64, sun.jnu.encoding=Cp1251, file.encoding.pkg=sun.io, file.separator=\, java.specification.name=Java Platform API Specification, hibernate.format_sql=true, java.class.version=51.0, user.country=US, java.home=C:\Program Files\Java\jdk1.7.0_45\jre, java.vm.info=mixed mode, os.version=6.1, hibernate.transaction.factory_class=org.hibernate.engine.transaction.internal.jdbc.JdbcTransactionFactory, hibernate.connection.datasource=JDBC URL = jdbc:h2:mem:datajpa, Username = sa, partitions = 1, max (per partition) = 10, min (per partition) = 0, idle max age = 60 min, idle test period = 240 min, strategy = DEFAULT, hibernate.query.jpaql_strict_compliance=true, path.separator=;, java.vm.version=24.45-b08, user.variant=, java.awt.printerjob=sun.awt.windows.WPrinterJob, sun.io.unicode.encoding=UnicodeLittle, awt.toolkit=sun.awt.windows.WToolkit, user.script=, user.home=C:\Users\Aleksandr_Egorov, java.specification.vendor=Oracle Corporation, hibernate.hbm2ddl.auto=update, org.gradle.test.worker=1, java.library.path=C:\Program Files\Java\jdk1.7.0_45\bin;C:\WINDOWS\Sun\Java\bin;C:\WINDOWS\system32;C:\WINDOWS;C:\Program Files\CollabNet\Subversion Client;C:\WINDOWS\system32;C:\WINDOWS;C:\WINDOWS\System32\Wbem;C:\WINDOWS\System32\WindowsPowerShell\v1.0\;c:\Users\Aleksandr_Egorov\java\projects\author\crx-quickstart\opt\filevault\vault-cli-2.4.18\bin\;C:\Program Files\maven\bin;C:\Program Files\nodejs\;C:\Program Files\nodejs\node_modules\dustjs-linkedin\bin;C:\Program Files (x86)\QuickTime\QTSystem\;C:\Program Files\TortoiseSVN\bin;d:\Aleksandr_Egorov\utils\cobertura-2.0.3\;C:\Program Files (x86)\Git\cmd;C:\Users\Aleksandr_Egorov\AppData\Roaming\npm;C:\Program Files\gradle\gradle-2.0\bin;C:\Program Files (x86)\Nmap;C:\Program Files\Java\jre6\bin;C:\Program Files\Java\jdk1.7.0_45\bin;., java.vendor.url=http://java.oracle.com/, java.vm.vendor=Oracle Corporation, hibernate.dialect=org.hibernate.dialect.H2Dialect, java.runtime.name=Java(TM) SE Runtime Environment, sun.java.command=jarjar.org.gradle.process.internal.launcher.GradleWorkerMain, java.class.path=D:\Aleksandr_Egorov\Study\StudyProjects\problems_database\problems_app\build\classes\test;D:\Aleksandr_Egorov\Study\StudyProjects\problems_database\problems_app\build\resources\test;D:\Aleksandr_Egorov\Study\StudyProjects\problems_database\problems_app\build\classes\main;D:\Aleksandr_Egorov\Study\StudyProjects\problems_database\problems_app\build\resources\main;C:\Users\Aleksandr_Egorov\.gradle\caches\modules-2\files-2.1\org.apache.commons\commons-lang3\3.0.1\4c3f3e51174a0260a2c5e78da49fac4710803aa5\commons-lang3-3.0.1.jar;C:\Users\Aleksandr_Egorov\.gradle\caches\modules-2\files-2.1\org.springframework.data\spring-data-jpa\1.3.4.RELEASE\a0e46521691c6de2a703c09991ee609625cb5b6e\spring-data-jpa-1.3.4.RELEASE.jar;C:\Users\Aleksandr_Egorov\.gradle\caches\modules-2\files-2.1\org.hibernate.javax.persistence\hibernate-jpa-2.0-api\1.0.1.Final\3306a165afa81938fc3d8a0948e891de9f6b192b\hibernate-jpa-2.0-api-1.0.1.Final.jar;C:\Users\Aleksandr_Egorov\.gradle\caches\modules-2\files-2.1\org.hibernate\hibernate-entitymanager\4.0.1.Final\c582284b9faaa35f92462181541c5f2d4ca9eb38\hibernate-entitymanager-4.0.1.Final.jar;C:\Users\Aleksandr_Egorov\.gradle\caches\modules-2\files-2.1\com.jolbox\bonecp\0.8.0.RELEASE\cec24ee9345b3678472bb1b8fdd6aa6b9428beb8\bonecp-0.8.0.RELEASE.jar;C:\Users\Aleksandr_Egorov\.gradle\caches\modules-2\files-2.1\javax.servlet\javax.servlet-api\3.1.0\3cd63d075497751784b2fa84be59432f4905bf7c\javax.servlet-api-3.1.0.jar;C:\Users\Aleksandr_Egorov\.gradle\caches\modules-2\files-2.1\javax.servlet\jstl\1.1.2\3375e43c620df4f1114959400ff9bb90d12a2feb\jstl-1.1.2.jar;C:\Users\Aleksandr_Egorov\.gradle\caches\modules-2\files-2.1\cglib\cglib\2.2.2\a47a971686474124562bdd4a7ccbd8ac8c3e8b11\cglib-2.2.2.jar;C:\Users\Aleksandr_Egorov\.gradle\caches\modules-2\files-2.1\ma.glasnost.orika\orika-core\1.4.5\5cea31f248b8805ae5a49aac0b74cefc16f9d865\orika-core-1.4.5.jar;C:\Users\Aleksandr_Egorov\.gradle\caches\modules-2\files-2.1\org.springframework\spring-core\3.2.3.RELEASE\accdd65db57e79e49f2af037bb76f5a55a580f00\spring-core-3.2.3.RELEASE.jar;C:\Users\Aleksandr_Egorov\.gradle\caches\modules-2\files-2.1\org.springframework\spring-orm\3.2.3.RELEASE\5e2a9788a140adc944dd1b9766abe40531b002c6\spring-orm-3.2.3.RELEASE.jar;C:\Users\Aleksandr_Egorov\.gradle\caches\modules-2\files-2.1\org.springframework\spring-aop\3.2.3.RELEASE\a70bec95e45a29cad126d250699d0ed0fedfe28a\spring-aop-3.2.3.RELEASE.jar;C:\Users\Aleksandr_Egorov\.gradle\caches\modules-2\files-2.1\org.springframework\spring-beans\3.2.3.RELEASE\a48eb92ef51e0aed7d23dcaa54225b8f24808db4\spring-beans-3.2.3.RELEASE.jar;C:\Users\Aleksandr_Egorov\.gradle\caches\modules-2\files-2.1\org.springframework\spring-tx\3.2.3.RELEASE\40d76c7b27769a3235547bd329d20878df343b19\spring-tx-3.2.3.RELEASE.jar;C:\Users\Aleksandr_Egorov\.gradle\caches\modules-2\files-2.1\org.springframework\spring-expression\3.2.3.RELEASE\51e4c94a79892c0a2d15c5efda8c5b336ebf5c37\spring-expression-3.2.3.RELEASE.jar;C:\Users\Aleksandr_Egorov\.gradle\caches\modules-2\files-2.1\org.springframework\spring-context\3.2.3.RELEASE\12ad5920647556704f79cc579d4e133430741c5\spring-context-3.2.3.RELEASE.jar;C:\Users\Aleksandr_Egorov\.gradle\caches\modules-2\files-2.1\org.springframework\spring-context-support\3.2.3.RELEASE\9c8034c5cc7cb2a9603549577e66035248be64e5\spring-context-support-3.2.3.RELEASE.jar;C:\Users\Aleksandr_Egorov\.gradle\caches\modules-2\files-2.1\org.springframework\spring-web\3.2.3.RELEASE\833c5e9a60f82209a3f669a5026dfa8de57c1df3\spring-web-3.2.3.RELEASE.jar;C:\Users\Aleksandr_Egorov\.gradle\caches\modules-2\files-2.1\org.springframework\spring-webmvc\3.2.3.RELEASE\6d6d1b53c53dbefd0d8c15f2d5c194ced1f8d53c\spring-webmvc-3.2.3.RELEASE.jar;C:\Users\Aleksandr_Egorov\.gradle\caches\modules-2\files-2.1\org.springframework\spring-jdbc\3.2.3.RELEASE\426d245731dca3315fe421300db6316d509c5d85\spring-jdbc-3.2.3.RELEASE.jar;C:\Users\Aleksandr_Egorov\.gradle\caches\modules-2\files-2.1\org.slf4j\slf4j-api\1.7.5\6b262da268f8ad9eff941b25503a9198f0a0ac93\slf4j-api-1.7.5.jar;C:\Users\Aleksandr_Egorov\.gradle\caches\modules-2\files-2.1\com.h2database\h2\1.3.173\3d9cc700d2c6b0b7a9bb59bd2b850e6518b6c209\h2-1.3.173.jar;C:\Users\Aleksandr_Egorov\.gradle\caches\modules-2\files-2.1\org.slf4j\slf4j-log4j12\1.7.5\6edffc576ce104ec769d954618764f39f0f0f10d\slf4j-log4j12-1.7.5.jar;C:\Users\Aleksandr_Egorov\.gradle\caches\modules-2\files-2.1\org.springframework\spring-test\3.2.3.RELEASE\b431cc81467f229346d23ea6d3f7a17558b1e368\spring-test-3.2.3.RELEASE.jar;C:\Users\Aleksandr_Egorov\.gradle\caches\modules-2\files-2.1\org.mockito\mockito-all\1.9.5\79a8984096fc6591c1e3690e07d41be506356fa5\mockito-all-1.9.5.jar;C:\Users\Aleksandr_Egorov\.gradle\caches\modules-2\files-2.1\org.springframework.data\spring-data-commons\1.5.2.RELEASE\a5e254fdfdbac0511e03ab4281525ecde1fefdee\spring-data-commons-1.5.2.RELEASE.jar;C:\Users\Aleksandr_Egorov\.gradle\caches\modules-2\files-2.1\org.aspectj\aspectjrt\1.7.2\2704a4284193598dd42f1dd4ff1ea3e757c875e9\aspectjrt-1.7.2.jar;C:\Users\Aleksandr_Egorov\.gradle\caches\modules-2\files-2.1\org.slf4j\jcl-over-slf4j\1.7.1\a11c000cf26e42ba30b7fb5bd60630a57783fe2d\jcl-over-slf4j-1.7.1.jar;C:\Users\Aleksandr_Egorov\.gradle\caches\modules-2\files-2.1\org.jboss.spec.javax.transaction\jboss-transaction-api_1.1_spec\1.0.0.Final\2ab6236535e085d86f37fd97ddfdd35c88c1a419\jboss-transaction-api_1.1_spec-1.0.0.Final.jar;C:\Users\Aleksandr_Egorov\.gradle\caches\modules-2\files-2.1\dom4j\dom4j\1.6.1\5d3ccc056b6f056dbf0dddfdf43894b9065a8f94\dom4j-1.6.1.jar;C:\Users\Aleksandr_Egorov\.gradle\caches\modules-2\files-2.1\org.hibernate\hibernate-core\4.0.1.Final\9e1b7e06d8148394632bcaeb7a5f68748c69dce4\hibernate-core-4.0.1.Final.jar;C:\Users\Aleksandr_Egorov\.gradle\caches\modules-2\files-2.1\org.jboss.logging\jboss-logging\3.1.0.CR2\28725380c07f917ace4e511db21cc45e9ae5a72b\jboss-logging-3.1.0.CR2.jar;C:\Users\Aleksandr_Egorov\.gradle\caches\modules-2\files-2.1\org.hibernate.common\hibernate-commons-annotations\4.0.1.Final\78bcf608d997d0529be2f4f781fdc89e801c9e88\hibernate-commons-annotations-4.0.1.Final.jar;C:\Users\Aleksandr_Egorov\.gradle\caches\modules-2\files-2.1\asm\asm\3.3.1\1d5f20b4ea675e6fab6ab79f1cd60ec268ddc015\asm-3.3.1.jar;C:\Users\Aleksandr_Egorov\.gradle\caches\modules-2\files-2.1\com.thoughtworks.paranamer\paranamer\2.3\4a85963a752c0a2f715c3924bfc686865e7e1bc6\paranamer-2.3.jar;C:\Users\Aleksandr_Egorov\.gradle\caches\modules-2\files-2.1\com.googlecode.concurrentlinkedhashmap\concurrentlinkedhashmap-lru\1.2_jdk5\d49f4f513e7023ab567002e2a92eba29210ad87c\concurrentlinkedhashmap-lru-1.2_jdk5.jar;C:\Users\Aleksandr_Egorov\.gradle\caches\modules-2\files-2.1\com.carrotsearch\java-sizeof\0.0.4\7a347178c4f234692088a1dff85d551ae28f5af9\java-sizeof-0.0.4.jar;C:\Users\Aleksandr_Egorov\.gradle\caches\modules-2\files-2.1\aopalliance\aopalliance\1.0\235ba8b489512805ac13a8f9ea77a1ca5ebe3e8\aopalliance-1.0.jar;C:\Users\Aleksandr_Egorov\.gradle\caches\modules-2\files-2.1\log4j\log4j\1.2.17\5af35056b4d257e4b64b9e8069c0746e8b08629f\log4j-1.2.17.jar;C:\Users\Aleksandr_Egorov\.gradle\caches\modules-2\files-2.1\xml-apis\xml-apis\1.0.b2\3136ca936f64c9d68529f048c2618bd356bf85c9\xml-apis-1.0.b2.jar;C:\Users\Aleksandr_Egorov\.gradle\caches\modules-2\files-2.1\commons-collections\commons-collections\3.2.1\761ea405b9b37ced573d2df0d1e3a4e0f9edc668\commons-collections-3.2.1.jar;C:\Users\Aleksandr_Egorov\.gradle\caches\modules-2\files-2.1\antlr\antlr\2.7.7\83cd2cd674a217ade95a4bb83a8a14f351f48bd0\antlr-2.7.7.jar;C:\Users\Aleksandr_Egorov\.gradle\caches\modules-2\files-2.1\junit\junit\4.12-beta-1\f516376d8dbcaf37ab11975cd7807e5e1782a847\junit-4.12-beta-1.jar;C:\Users\Aleksandr_Egorov\.gradle\caches\modules-2\files-2.1\org.hamcrest\hamcrest-core\1.3\42a25dc3219429f0e5d060061f71acb49bf010a0\hamcrest-core-1.3.jar;C:\Users\Aleksandr_Egorov\.gradle\caches\modules-2\files-2.1\commons-logging\commons-logging\1.1.1\5043bfebc3db072ed80fbd362e7caf00e885d8ae\commons-logging-1.1.1.jar;C:\Users\Aleksandr_Egorov\.gradle\caches\modules-2\files-2.1\com.google.guava\guava\15.0\ed727a8d9f247e2050281cb083f1c77b09dcb5cd\guava-15.0.jar;C:\Users\Aleksandr_Egorov\.gradle\caches\modules-2\files-2.1\org.javassist\javassist\3.16.1-GA\315891b371395271977af518d4db5cee1a0bc9bf\javassist-3.16.1-GA.jar, hibernate.bytecode.use_reflection_optimizer=false, java.vm.specification.name=Java Virtual Machine Specification, java.vm.specification.version=1.7, sun.cpu.endian=little, hibernate.ejb.naming_strategy=org.hibernate.cfg.ImprovedNamingStrategy, sun.os.patch.level=Service Pack 1, hibernate.connection.provider_class=org.hibernate.ejb.connection.InjectedDataSourceConnectionProvider, java.io.tmpdir=C:\Users\ALEKSA~1\AppData\Local\Temp\, java.vendor.url.bug=http://bugreport.sun.com/bugreport/, javax.persistence.sharedCache.mode=UNSPECIFIED, os.arch=amd64, java.awt.graphicsenv=sun.awt.Win32GraphicsEnvironment, java.ext.dirs=C:\Program Files\Java\jdk1.7.0_45\jre\lib\ext;C:\WINDOWS\Sun\Java\lib\ext, user.dir=D:\Aleksandr_Egorov\Study\StudyProjects\problems_database\problems_app, line.separator=
, java.vm.name=Java HotSpot(TM) 64-Bit Server VM, file.encoding=windows-1251, hibernate.use_identifier_rollback=false, java.specification.version=1.7, hibernate.show_sql=true}
DEBUG - IdentifierGeneratorFactory - Setting dialect [org.hibernate.dialect.H2Dialect]
DEBUG - IdentifierGeneratorFactory - Setting dialect [org.hibernate.dialect.H2Dialect]
DEBUG - IdentifierGeneratorFactory - Setting dialect [org.hibernate.dialect.H2Dialect]
DEBUG - IdentifierGeneratorFactory - Setting dialect [org.hibernate.dialect.H2Dialect]
DEBUG - AbstractEntityPersister    - Static SQL for entity: ru.egalvi.problem.persistence.domain.Solution
DEBUG - AbstractEntityPersister    -  Version select: select idsolution from solution where idsolution =?
DEBUG - AbstractEntityPersister    -  Snapshot select: select solution_.idsolution, solution_.comment as comment3_, solution_.file as file3_, solution_.name as name3_, solution_.page_num as page5_3_, solution_.idproblem as idproblem3_ from solution solution_ where solution_.idsolution=?
DEBUG - AbstractEntityPersister    -  Insert 0: insert into solution (comment, file, name, page_num, idproblem, idsolution) values (?, ?, ?, ?, ?, ?)
DEBUG - AbstractEntityPersister    -  Update 0: update solution set comment=?, file=?, name=?, page_num=?, idproblem=? where idsolution=?
DEBUG - AbstractEntityPersister    -  Delete 0: delete from solution where idsolution=?
DEBUG - AbstractEntityPersister    -  Identity insert: insert into solution (idsolution, comment, file, name, page_num, idproblem) values (null, ?, ?, ?, ?, ?)
DEBUG - AbstractEntityPersister    - Static SQL for entity: ru.egalvi.problem.persistence.domain.Discipline
DEBUG - AbstractEntityPersister    -  Version select: select iddiscipline from discipline where iddiscipline =?
DEBUG - AbstractEntityPersister    -  Snapshot select: select discipline_.iddiscipline, discipline_.name as name1_ from discipline discipline_ where discipline_.iddiscipline=?
DEBUG - AbstractEntityPersister    -  Insert 0: insert into discipline (name, iddiscipline) values (?, ?)
DEBUG - AbstractEntityPersister    -  Update 0: update discipline set name=? where iddiscipline=?
DEBUG - AbstractEntityPersister    -  Delete 0: delete from discipline where iddiscipline=?
DEBUG - AbstractEntityPersister    -  Identity insert: insert into discipline (iddiscipline, name) values (null, ?)
DEBUG - AbstractEntityPersister    - Static SQL for entity: ru.egalvi.problem.persistence.domain.Category
DEBUG - AbstractEntityPersister    -  Version select: select idcategory from category where idcategory =?
DEBUG - AbstractEntityPersister    -  Snapshot select: select category_.idcategory, category_.iddiscipline as iddiscip3_0_, category_.name as name0_, category_.idparentcategory as idparent4_0_ from category category_ where category_.idcategory=?
DEBUG - AbstractEntityPersister    -  Insert 0: insert into category (iddiscipline, name, idparentcategory, idcategory) values (?, ?, ?, ?)
DEBUG - AbstractEntityPersister    -  Update 0: update category set iddiscipline=?, name=?, idparentcategory=? where idcategory=?
DEBUG - AbstractEntityPersister    -  Delete 0: delete from category where idcategory=?
DEBUG - AbstractEntityPersister    -  Identity insert: insert into category (idcategory, iddiscipline, name, idparentcategory) values (null, ?, ?, ?)
DEBUG - AbstractEntityPersister    - Static SQL for entity: ru.egalvi.problem.persistence.domain.Problem
DEBUG - AbstractEntityPersister    -  Version select: select idproblem from problem where idproblem =?
DEBUG - AbstractEntityPersister    -  Snapshot select: select problem_.idproblem, problem_.idcategory as idcategory2_, problem_.text as text2_ from problem problem_ where problem_.idproblem=?
DEBUG - AbstractEntityPersister    -  Insert 0: insert into problem (idcategory, text, idproblem) values (?, ?, ?)
DEBUG - AbstractEntityPersister    -  Update 0: update problem set idcategory=?, text=? where idproblem=?
DEBUG - AbstractEntityPersister    -  Delete 0: delete from problem where idproblem=?
DEBUG - AbstractEntityPersister    -  Identity insert: insert into problem (idproblem, idcategory, text) values (null, ?, ?)
DEBUG - bstractCollectionPersister - Static SQL for collection: ru.egalvi.problem.persistence.domain.Category.children
DEBUG - bstractCollectionPersister -  Row insert: update category set idparentcategory=? where idcategory=?
DEBUG - bstractCollectionPersister -  Row delete: update category set idparentcategory=null where idparentcategory=? and idcategory=?
DEBUG - bstractCollectionPersister -  One-shot delete: update category set idparentcategory=null where idparentcategory=?
DEBUG - bstractCollectionPersister - Static SQL for collection: ru.egalvi.problem.persistence.domain.Problem.solution
DEBUG - bstractCollectionPersister -  Row insert: update solution set idproblem=? where idsolution=?
DEBUG - bstractCollectionPersister -  Row delete: update solution set idproblem=null where idproblem=? and idsolution=?
DEBUG - bstractCollectionPersister -  One-shot delete: update solution set idproblem=null where idproblem=?
DEBUG - bstractCollectionPersister - Static SQL for collection: ru.egalvi.problem.persistence.domain.Category.problems
DEBUG - bstractCollectionPersister -  Row insert: update problem set idcategory=? where idproblem=?
DEBUG - bstractCollectionPersister -  Row delete: update problem set idcategory=null where idcategory=? and idproblem=?
DEBUG - bstractCollectionPersister -  One-shot delete: update problem set idcategory=null where idcategory=?
DEBUG - bstractCollectionPersister - Static SQL for collection: ru.egalvi.problem.persistence.domain.Discipline.categories
DEBUG - bstractCollectionPersister -  Row insert: update category set iddiscipline=? where idcategory=?
DEBUG - bstractCollectionPersister -  Row delete: update category set iddiscipline=null where iddiscipline=? and idcategory=?
DEBUG - bstractCollectionPersister -  One-shot delete: update category set iddiscipline=null where iddiscipline=?
DEBUG - Loader                     - Static select for entity ru.egalvi.problem.persistence.domain.Solution [NONE]: select solution0_.idsolution as idsolution3_2_, solution0_.comment as comment3_2_, solution0_.file as file3_2_, solution0_.name as name3_2_, solution0_.page_num as page5_3_2_, solution0_.idproblem as idproblem3_2_, problem1_.idproblem as idproblem2_0_, problem1_.idcategory as idcategory2_0_, problem1_.text as text2_0_, discipline2_.iddiscipline as iddiscip1_1_1_, discipline2_.name as name1_1_ from solution solution0_ left outer join problem problem1_ on solution0_.idproblem=problem1_.idproblem left outer join discipline discipline2_ on problem1_.idcategory=discipline2_.iddiscipline where solution0_.idsolution=?
DEBUG - Loader                     - Static select for entity ru.egalvi.problem.persistence.domain.Solution [READ]: select solution0_.idsolution as idsolution3_2_, solution0_.comment as comment3_2_, solution0_.file as file3_2_, solution0_.name as name3_2_, solution0_.page_num as page5_3_2_, solution0_.idproblem as idproblem3_2_, problem1_.idproblem as idproblem2_0_, problem1_.idcategory as idcategory2_0_, problem1_.text as text2_0_, discipline2_.iddiscipline as iddiscip1_1_1_, discipline2_.name as name1_1_ from solution solution0_ left outer join problem problem1_ on solution0_.idproblem=problem1_.idproblem left outer join discipline discipline2_ on problem1_.idcategory=discipline2_.iddiscipline where solution0_.idsolution=?
DEBUG - Loader                     - Static select for entity ru.egalvi.problem.persistence.domain.Solution [UPGRADE]: select solution0_.idsolution as idsolution3_0_, solution0_.comment as comment3_0_, solution0_.file as file3_0_, solution0_.name as name3_0_, solution0_.page_num as page5_3_0_, solution0_.idproblem as idproblem3_0_ from solution solution0_ where solution0_.idsolution=? for update
DEBUG - Loader                     - Static select for entity ru.egalvi.problem.persistence.domain.Solution [UPGRADE_NOWAIT]: select solution0_.idsolution as idsolution3_0_, solution0_.comment as comment3_0_, solution0_.file as file3_0_, solution0_.name as name3_0_, solution0_.page_num as page5_3_0_, solution0_.idproblem as idproblem3_0_ from solution solution0_ where solution0_.idsolution=? for update
DEBUG - Loader                     - Static select for entity ru.egalvi.problem.persistence.domain.Solution [FORCE]: select solution0_.idsolution as idsolution3_0_, solution0_.comment as comment3_0_, solution0_.file as file3_0_, solution0_.name as name3_0_, solution0_.page_num as page5_3_0_, solution0_.idproblem as idproblem3_0_ from solution solution0_ where solution0_.idsolution=? for update
DEBUG - Loader                     - Static select for entity ru.egalvi.problem.persistence.domain.Solution [PESSIMISTIC_READ]: select solution0_.idsolution as idsolution3_0_, solution0_.comment as comment3_0_, solution0_.file as file3_0_, solution0_.name as name3_0_, solution0_.page_num as page5_3_0_, solution0_.idproblem as idproblem3_0_ from solution solution0_ where solution0_.idsolution=? for update
DEBUG - Loader                     - Static select for entity ru.egalvi.problem.persistence.domain.Solution [PESSIMISTIC_WRITE]: select solution0_.idsolution as idsolution3_0_, solution0_.comment as comment3_0_, solution0_.file as file3_0_, solution0_.name as name3_0_, solution0_.page_num as page5_3_0_, solution0_.idproblem as idproblem3_0_ from solution solution0_ where solution0_.idsolution=? for update
DEBUG - Loader                     - Static select for entity ru.egalvi.problem.persistence.domain.Solution [PESSIMISTIC_FORCE_INCREMENT]: select solution0_.idsolution as idsolution3_0_, solution0_.comment as comment3_0_, solution0_.file as file3_0_, solution0_.name as name3_0_, solution0_.page_num as page5_3_0_, solution0_.idproblem as idproblem3_0_ from solution solution0_ where solution0_.idsolution=? for update
DEBUG - Loader                     - Static select for entity ru.egalvi.problem.persistence.domain.Solution [OPTIMISTIC]: select solution0_.idsolution as idsolution3_0_, solution0_.comment as comment3_0_, solution0_.file as file3_0_, solution0_.name as name3_0_, solution0_.page_num as page5_3_0_, solution0_.idproblem as idproblem3_0_ from solution solution0_ where solution0_.idsolution=?
DEBUG - Loader                     - Static select for entity ru.egalvi.problem.persistence.domain.Solution [OPTIMISTIC_FORCE_INCREMENT]: select solution0_.idsolution as idsolution3_0_, solution0_.comment as comment3_0_, solution0_.file as file3_0_, solution0_.name as name3_0_, solution0_.page_num as page5_3_0_, solution0_.idproblem as idproblem3_0_ from solution solution0_ where solution0_.idsolution=?
DEBUG - Loader                     - Static select for action ACTION_MERGE on entity ru.egalvi.problem.persistence.domain.Solution: select solution0_.idsolution as idsolution3_0_, solution0_.comment as comment3_0_, solution0_.file as file3_0_, solution0_.name as name3_0_, solution0_.page_num as page5_3_0_, solution0_.idproblem as idproblem3_0_ from solution solution0_ where solution0_.idsolution=?
DEBUG - Loader                     - Static select for action ACTION_REFRESH on entity ru.egalvi.problem.persistence.domain.Solution: select solution0_.idsolution as idsolution3_0_, solution0_.comment as comment3_0_, solution0_.file as file3_0_, solution0_.name as name3_0_, solution0_.page_num as page5_3_0_, solution0_.idproblem as idproblem3_0_ from solution solution0_ where solution0_.idsolution=?
DEBUG - Loader                     - Static select for entity ru.egalvi.problem.persistence.domain.Discipline [NONE]: select discipline0_.iddiscipline as iddiscip1_1_0_, discipline0_.name as name1_0_ from discipline discipline0_ where discipline0_.iddiscipline=?
DEBUG - Loader                     - Static select for entity ru.egalvi.problem.persistence.domain.Discipline [READ]: select discipline0_.iddiscipline as iddiscip1_1_0_, discipline0_.name as name1_0_ from discipline discipline0_ where discipline0_.iddiscipline=?
DEBUG - Loader                     - Static select for entity ru.egalvi.problem.persistence.domain.Discipline [UPGRADE]: select discipline0_.iddiscipline as iddiscip1_1_0_, discipline0_.name as name1_0_ from discipline discipline0_ where discipline0_.iddiscipline=? for update
DEBUG - Loader                     - Static select for entity ru.egalvi.problem.persistence.domain.Discipline [UPGRADE_NOWAIT]: select discipline0_.iddiscipline as iddiscip1_1_0_, discipline0_.name as name1_0_ from discipline discipline0_ where discipline0_.iddiscipline=? for update
DEBUG - Loader                     - Static select for entity ru.egalvi.problem.persistence.domain.Discipline [FORCE]: select discipline0_.iddiscipline as iddiscip1_1_0_, discipline0_.name as name1_0_ from discipline discipline0_ where discipline0_.iddiscipline=? for update
DEBUG - Loader                     - Static select for entity ru.egalvi.problem.persistence.domain.Discipline [PESSIMISTIC_READ]: select discipline0_.iddiscipline as iddiscip1_1_0_, discipline0_.name as name1_0_ from discipline discipline0_ where discipline0_.iddiscipline=? for update
DEBUG - Loader                     - Static select for entity ru.egalvi.problem.persistence.domain.Discipline [PESSIMISTIC_WRITE]: select discipline0_.iddiscipline as iddiscip1_1_0_, discipline0_.name as name1_0_ from discipline discipline0_ where discipline0_.iddiscipline=? for update
DEBUG - Loader                     - Static select for entity ru.egalvi.problem.persistence.domain.Discipline [PESSIMISTIC_FORCE_INCREMENT]: select discipline0_.iddiscipline as iddiscip1_1_0_, discipline0_.name as name1_0_ from discipline discipline0_ where discipline0_.iddiscipline=? for update
DEBUG - Loader                     - Static select for entity ru.egalvi.problem.persistence.domain.Discipline [OPTIMISTIC]: select discipline0_.iddiscipline as iddiscip1_1_0_, discipline0_.name as name1_0_ from discipline discipline0_ where discipline0_.iddiscipline=?
DEBUG - Loader                     - Static select for entity ru.egalvi.problem.persistence.domain.Discipline [OPTIMISTIC_FORCE_INCREMENT]: select discipline0_.iddiscipline as iddiscip1_1_0_, discipline0_.name as name1_0_ from discipline discipline0_ where discipline0_.iddiscipline=?
DEBUG - Loader                     - Static select for action ACTION_MERGE on entity ru.egalvi.problem.persistence.domain.Discipline: select discipline0_.iddiscipline as iddiscip1_1_1_, discipline0_.name as name1_1_, categories1_.iddiscipline as iddiscip3_1_3_, categories1_.idcategory as idcategory3_, categories1_.idcategory as idcategory0_0_, categories1_.iddiscipline as iddiscip3_0_0_, categories1_.name as name0_0_, categories1_.idparentcategory as idparent4_0_0_ from discipline discipline0_ left outer join category categories1_ on discipline0_.iddiscipline=categories1_.iddiscipline where discipline0_.iddiscipline=?
DEBUG - Loader                     - Static select for action ACTION_REFRESH on entity ru.egalvi.problem.persistence.domain.Discipline: select discipline0_.iddiscipline as iddiscip1_1_1_, discipline0_.name as name1_1_, categories1_.iddiscipline as iddiscip3_1_3_, categories1_.idcategory as idcategory3_, categories1_.idcategory as idcategory0_0_, categories1_.iddiscipline as iddiscip3_0_0_, categories1_.name as name0_0_, categories1_.idparentcategory as idparent4_0_0_ from discipline discipline0_ left outer join category categories1_ on discipline0_.iddiscipline=categories1_.iddiscipline where discipline0_.iddiscipline=?
DEBUG - Loader                     - Static select for entity ru.egalvi.problem.persistence.domain.Category [NONE]: select category0_.idcategory as idcategory0_2_, category0_.iddiscipline as iddiscip3_0_2_, category0_.name as name0_2_, category0_.idparentcategory as idparent4_0_2_, discipline1_.iddiscipline as iddiscip1_1_0_, discipline1_.name as name1_0_, category2_.idcategory as idcategory0_1_, category2_.iddiscipline as iddiscip3_0_1_, category2_.name as name0_1_, category2_.idparentcategory as idparent4_0_1_ from category category0_ left outer join discipline discipline1_ on category0_.iddiscipline=discipline1_.iddiscipline left outer join category category2_ on category0_.idparentcategory=category2_.idcategory where category0_.idcategory=?
DEBUG - Loader                     - Static select for entity ru.egalvi.problem.persistence.domain.Category [READ]: select category0_.idcategory as idcategory0_2_, category0_.iddiscipline as iddiscip3_0_2_, category0_.name as name0_2_, category0_.idparentcategory as idparent4_0_2_, discipline1_.iddiscipline as iddiscip1_1_0_, discipline1_.name as name1_0_, category2_.idcategory as idcategory0_1_, category2_.iddiscipline as iddiscip3_0_1_, category2_.name as name0_1_, category2_.idparentcategory as idparent4_0_1_ from category category0_ left outer join discipline discipline1_ on category0_.iddiscipline=discipline1_.iddiscipline left outer join category category2_ on category0_.idparentcategory=category2_.idcategory where category0_.idcategory=?
DEBUG - Loader                     - Static select for entity ru.egalvi.problem.persistence.domain.Category [UPGRADE]: select category0_.idcategory as idcategory0_0_, category0_.iddiscipline as iddiscip3_0_0_, category0_.name as name0_0_, category0_.idparentcategory as idparent4_0_0_ from category category0_ where category0_.idcategory=? for update
DEBUG - Loader                     - Static select for entity ru.egalvi.problem.persistence.domain.Category [UPGRADE_NOWAIT]: select category0_.idcategory as idcategory0_0_, category0_.iddiscipline as iddiscip3_0_0_, category0_.name as name0_0_, category0_.idparentcategory as idparent4_0_0_ from category category0_ where category0_.idcategory=? for update
DEBUG - Loader                     - Static select for entity ru.egalvi.problem.persistence.domain.Category [FORCE]: select category0_.idcategory as idcategory0_0_, category0_.iddiscipline as iddiscip3_0_0_, category0_.name as name0_0_, category0_.idparentcategory as idparent4_0_0_ from category category0_ where category0_.idcategory=? for update
DEBUG - Loader                     - Static select for entity ru.egalvi.problem.persistence.domain.Category [PESSIMISTIC_READ]: select category0_.idcategory as idcategory0_0_, category0_.iddiscipline as iddiscip3_0_0_, category0_.name as name0_0_, category0_.idparentcategory as idparent4_0_0_ from category category0_ where category0_.idcategory=? for update
DEBUG - Loader                     - Static select for entity ru.egalvi.problem.persistence.domain.Category [PESSIMISTIC_WRITE]: select category0_.idcategory as idcategory0_0_, category0_.iddiscipline as iddiscip3_0_0_, category0_.name as name0_0_, category0_.idparentcategory as idparent4_0_0_ from category category0_ where category0_.idcategory=? for update
DEBUG - Loader                     - Static select for entity ru.egalvi.problem.persistence.domain.Category [PESSIMISTIC_FORCE_INCREMENT]: select category0_.idcategory as idcategory0_0_, category0_.iddiscipline as iddiscip3_0_0_, category0_.name as name0_0_, category0_.idparentcategory as idparent4_0_0_ from category category0_ where category0_.idcategory=? for update
DEBUG - Loader                     - Static select for entity ru.egalvi.problem.persistence.domain.Category [OPTIMISTIC]: select category0_.idcategory as idcategory0_0_, category0_.iddiscipline as iddiscip3_0_0_, category0_.name as name0_0_, category0_.idparentcategory as idparent4_0_0_ from category category0_ where category0_.idcategory=?
DEBUG - Loader                     - Static select for entity ru.egalvi.problem.persistence.domain.Category [OPTIMISTIC_FORCE_INCREMENT]: select category0_.idcategory as idcategory0_0_, category0_.iddiscipline as iddiscip3_0_0_, category0_.name as name0_0_, category0_.idparentcategory as idparent4_0_0_ from category category0_ where category0_.idcategory=?
DEBUG - Loader                     - Static select for action ACTION_MERGE on entity ru.egalvi.problem.persistence.domain.Category: select category0_.idcategory as idcategory0_1_, category0_.iddiscipline as iddiscip3_0_1_, category0_.name as name0_1_, category0_.idparentcategory as idparent4_0_1_, problems1_.idcategory as idcategory0_3_, problems1_.idproblem as idproblem3_, problems1_.idproblem as idproblem2_0_, problems1_.idcategory as idcategory2_0_, problems1_.text as text2_0_ from category category0_ left outer join problem problems1_ on category0_.idcategory=problems1_.idcategory where category0_.idcategory=?
DEBUG - Loader                     - Static select for action ACTION_REFRESH on entity ru.egalvi.problem.persistence.domain.Category: select category0_.idcategory as idcategory0_1_, category0_.iddiscipline as iddiscip3_0_1_, category0_.name as name0_1_, category0_.idparentcategory as idparent4_0_1_, problems1_.idcategory as idcategory0_3_, problems1_.idproblem as idproblem3_, problems1_.idproblem as idproblem2_0_, problems1_.idcategory as idcategory2_0_, problems1_.text as text2_0_ from category category0_ left outer join problem problems1_ on category0_.idcategory=problems1_.idcategory where category0_.idcategory=?
DEBUG - Loader                     - Static select for entity ru.egalvi.problem.persistence.domain.Problem [NONE]: select problem0_.idproblem as idproblem2_1_, problem0_.idcategory as idcategory2_1_, problem0_.text as text2_1_, discipline1_.iddiscipline as iddiscip1_1_0_, discipline1_.name as name1_0_ from problem problem0_ left outer join discipline discipline1_ on problem0_.idcategory=discipline1_.iddiscipline where problem0_.idproblem=?
DEBUG - Loader                     - Static select for entity ru.egalvi.problem.persistence.domain.Problem [READ]: select problem0_.idproblem as idproblem2_1_, problem0_.idcategory as idcategory2_1_, problem0_.text as text2_1_, discipline1_.iddiscipline as iddiscip1_1_0_, discipline1_.name as name1_0_ from problem problem0_ left outer join discipline discipline1_ on problem0_.idcategory=discipline1_.iddiscipline where problem0_.idproblem=?
DEBUG - Loader                     - Static select for entity ru.egalvi.problem.persistence.domain.Problem [UPGRADE]: select problem0_.idproblem as idproblem2_0_, problem0_.idcategory as idcategory2_0_, problem0_.text as text2_0_ from problem problem0_ where problem0_.idproblem=? for update
DEBUG - Loader                     - Static select for entity ru.egalvi.problem.persistence.domain.Problem [UPGRADE_NOWAIT]: select problem0_.idproblem as idproblem2_0_, problem0_.idcategory as idcategory2_0_, problem0_.text as text2_0_ from problem problem0_ where problem0_.idproblem=? for update
DEBUG - Loader                     - Static select for entity ru.egalvi.problem.persistence.domain.Problem [FORCE]: select problem0_.idproblem as idproblem2_0_, problem0_.idcategory as idcategory2_0_, problem0_.text as text2_0_ from problem problem0_ where problem0_.idproblem=? for update
DEBUG - Loader                     - Static select for entity ru.egalvi.problem.persistence.domain.Problem [PESSIMISTIC_READ]: select problem0_.idproblem as idproblem2_0_, problem0_.idcategory as idcategory2_0_, problem0_.text as text2_0_ from problem problem0_ where problem0_.idproblem=? for update
DEBUG - Loader                     - Static select for entity ru.egalvi.problem.persistence.domain.Problem [PESSIMISTIC_WRITE]: select problem0_.idproblem as idproblem2_0_, problem0_.idcategory as idcategory2_0_, problem0_.text as text2_0_ from problem problem0_ where problem0_.idproblem=? for update
DEBUG - Loader                     - Static select for entity ru.egalvi.problem.persistence.domain.Problem [PESSIMISTIC_FORCE_INCREMENT]: select problem0_.idproblem as idproblem2_0_, problem0_.idcategory as idcategory2_0_, problem0_.text as text2_0_ from problem problem0_ where problem0_.idproblem=? for update
DEBUG - Loader                     - Static select for entity ru.egalvi.problem.persistence.domain.Problem [OPTIMISTIC]: select problem0_.idproblem as idproblem2_0_, problem0_.idcategory as idcategory2_0_, problem0_.text as text2_0_ from problem problem0_ where problem0_.idproblem=?
DEBUG - Loader                     - Static select for entity ru.egalvi.problem.persistence.domain.Problem [OPTIMISTIC_FORCE_INCREMENT]: select problem0_.idproblem as idproblem2_0_, problem0_.idcategory as idcategory2_0_, problem0_.text as text2_0_ from problem problem0_ where problem0_.idproblem=?
DEBUG - Loader                     - Static select for action ACTION_MERGE on entity ru.egalvi.problem.persistence.domain.Problem: select problem0_.idproblem as idproblem2_0_, problem0_.idcategory as idcategory2_0_, problem0_.text as text2_0_ from problem problem0_ where problem0_.idproblem=?
DEBUG - Loader                     - Static select for action ACTION_REFRESH on entity ru.egalvi.problem.persistence.domain.Problem: select problem0_.idproblem as idproblem2_0_, problem0_.idcategory as idcategory2_0_, problem0_.text as text2_0_ from problem problem0_ where problem0_.idproblem=?
DEBUG - OneToManyLoader            - Static select for one-to-many ru.egalvi.problem.persistence.domain.Category.children: select children0_.idparentcategory as idparent4_0_2_, children0_.idcategory as idcategory2_, children0_.idcategory as idcategory0_1_, children0_.iddiscipline as iddiscip3_0_1_, children0_.name as name0_1_, children0_.idparentcategory as idparent4_0_1_, discipline1_.iddiscipline as iddiscip1_1_0_, discipline1_.name as name1_0_ from category children0_ left outer join discipline discipline1_ on children0_.iddiscipline=discipline1_.iddiscipline where children0_.idparentcategory=?
DEBUG - OneToManyLoader            - Static select for one-to-many ru.egalvi.problem.persistence.domain.Problem.solution: select solution0_.idproblem as idproblem2_1_, solution0_.idsolution as idsolution1_, solution0_.idsolution as idsolution3_0_, solution0_.comment as comment3_0_, solution0_.file as file3_0_, solution0_.name as name3_0_, solution0_.page_num as page5_3_0_, solution0_.idproblem as idproblem3_0_ from solution solution0_ where solution0_.idproblem=?
DEBUG - OneToManyLoader            - Static select for one-to-many ru.egalvi.problem.persistence.domain.Category.problems: select problems0_.idcategory as idcategory0_1_, problems0_.idproblem as idproblem1_, problems0_.idproblem as idproblem2_0_, problems0_.idcategory as idcategory2_0_, problems0_.text as text2_0_ from problem problems0_ where problems0_.idcategory=?
DEBUG - OneToManyLoader            - Static select for one-to-many ru.egalvi.problem.persistence.domain.Discipline.categories: select categories0_.iddiscipline as iddiscip3_1_2_, categories0_.idcategory as idcategory2_, categories0_.idcategory as idcategory0_1_, categories0_.iddiscipline as iddiscip3_0_1_, categories0_.name as name0_1_, categories0_.idparentcategory as idparent4_0_1_, category1_.idcategory as idcategory0_0_, category1_.iddiscipline as iddiscip3_0_0_, category1_.name as name0_0_, category1_.idparentcategory as idparent4_0_0_ from category categories0_ left outer join category category1_ on categories0_.idparentcategory=category1_.idcategory where categories0_.iddiscipline=?
DEBUG - SessionFactoryRegistry     - Initializing SessionFactoryRegistry : org.hibernate.internal.SessionFactoryRegistry@ce8b29d
DEBUG - SessionFactoryRegistry     - Registering SessionFactory: 9062f4f2-bc86-4d5e-b7c3-768b36f61d5c (<unnamed>)
DEBUG - SessionFactoryRegistry     - Not binding SessionFactory to JNDI, no JNDI name configured
DEBUG - SessionFactoryImpl         - Instantiated session factory
INFO  - SchemaUpdate               - HHH000228: Running hbm2ddl schema update
INFO  - SchemaUpdate               - HHH000102: Fetching database metadata
INFO  - SchemaUpdate               - HHH000396: Updating schema
DEBUG - Configuration              - Processing hbm.xml files
DEBUG - Configuration              - Process annotated classes
DEBUG - Configuration              - Processing fk mappings (*ToOne and JoinedSubclass)
DEBUG - Configuration              - Processing extends queue
DEBUG - Configuration              - Processing extends queue
DEBUG - Configuration              - Processing collection mappings
DEBUG - Configuration              - Processing native query and ResultSetMapping mappings
DEBUG - Configuration              - Processing association property references
DEBUG - Configuration              - Processing foreign key constraints
DEBUG - Configuration              - Resolving reference to class: ru.egalvi.problem.persistence.domain.Category
DEBUG - Configuration              - Resolving reference to class: ru.egalvi.problem.persistence.domain.Discipline
DEBUG - Configuration              - Resolving reference to class: ru.egalvi.problem.persistence.domain.Category
DEBUG - Configuration              - Resolving reference to class: ru.egalvi.problem.persistence.domain.Discipline
DEBUG - Configuration              - Resolving reference to class: ru.egalvi.problem.persistence.domain.Problem
INFO  - DatabaseMetaData           - HHH000262: Table not found: category
DEBUG - IdentifierGeneratorFactory - Setting dialect [org.hibernate.dialect.H2Dialect]
INFO  - DatabaseMetaData           - HHH000262: Table not found: discipline
DEBUG - IdentifierGeneratorFactory - Setting dialect [org.hibernate.dialect.H2Dialect]
INFO  - DatabaseMetaData           - HHH000262: Table not found: problem
DEBUG - IdentifierGeneratorFactory - Setting dialect [org.hibernate.dialect.H2Dialect]
INFO  - DatabaseMetaData           - HHH000262: Table not found: solution
DEBUG - IdentifierGeneratorFactory - Setting dialect [org.hibernate.dialect.H2Dialect]
INFO  - DatabaseMetaData           - HHH000262: Table not found: category
INFO  - DatabaseMetaData           - HHH000262: Table not found: discipline
INFO  - DatabaseMetaData           - HHH000262: Table not found: problem
INFO  - DatabaseMetaData           - HHH000262: Table not found: solution
DEBUG - IdentifierGeneratorFactory - Setting dialect [org.hibernate.dialect.H2Dialect]
DEBUG - IdentifierGeneratorFactory - Setting dialect [org.hibernate.dialect.H2Dialect]
DEBUG - IdentifierGeneratorFactory - Setting dialect [org.hibernate.dialect.H2Dialect]
DEBUG - IdentifierGeneratorFactory - Setting dialect [org.hibernate.dialect.H2Dialect]
DEBUG - SchemaUpdate               - create table category (idcategory bigint generated by default as identity, name varchar(255), iddiscipline bigint, idparentcategory bigint, primary key (idcategory))
DEBUG - SchemaUpdate               - create table discipline (iddiscipline bigint generated by default as identity, name varchar(255), primary key (iddiscipline))
DEBUG - SchemaUpdate               - create table problem (idproblem bigint generated by default as identity, text varchar(255), idcategory bigint, primary key (idproblem))
DEBUG - SchemaUpdate               - create table solution (idsolution bigint generated by default as identity, comment varchar(255), file binary(255), name varchar(255), page_num integer, idproblem bigint, primary key (idsolution))
DEBUG - SchemaUpdate               - alter table category add constraint FK302BCFEB26F1CA foreign key (idparentcategory) references category
DEBUG - SchemaUpdate               - alter table category add constraint FK302BCFE6C3C6744 foreign key (iddiscipline) references discipline
DEBUG - SchemaUpdate               - alter table problem add constraint FKED8CC29F6E37360 foreign key (idcategory) references category
DEBUG - SchemaUpdate               - alter table problem add constraint FKED8CC29F256BA392 foreign key (idcategory) references discipline
DEBUG - SchemaUpdate               - alter table solution add constraint FK58ED4D79EBA4CF5A foreign key (idproblem) references problem
INFO  - SchemaUpdate               - HHH000232: Schema update complete
DEBUG - SessionFactoryImpl         - Checking 0 named HQL queries
DEBUG - SessionFactoryImpl         - Checking 0 named SQL queries
DEBUG - StatisticsInitiator        - Statistics initialized [enabled=false]
DEBUG - tityManagerFactoryRegistry - Initializing EntityManagerFactoryRegistry : org.hibernate.ejb.internal.EntityManagerFactoryRegistry@4436289f
DEBUG - tityManagerFactoryRegistry - Registering EntityManagerFactory: default 
INFO  - GenericApplicationContext  - Bean 'entityManagerFactoryBean' of type [class org.springframework.orm.jpa.LocalContainerEntityManagerFactoryBean] is not eligible for getting processed by all BeanPostProcessors (for example: not eligible for auto-proxying)
DEBUG - DefaultListableBeanFactory - Finished creating instance of bean 'entityManagerFactoryBean'
DEBUG - DefaultListableBeanFactory - Creating shared instance of singleton bean 'hibernateExceptionTranslator'
DEBUG - DefaultListableBeanFactory - Creating instance of bean 'hibernateExceptionTranslator'
DEBUG - DefaultListableBeanFactory - Returning cached instance of singleton bean 'JPAConfiguration'
DEBUG - DefaultListableBeanFactory - Eagerly caching bean 'hibernateExceptionTranslator' to allow for resolving potential circular references
INFO  - GenericApplicationContext  - Bean 'hibernateExceptionTranslator' of type [class org.springframework.orm.hibernate4.HibernateExceptionTranslator] is not eligible for getting processed by all BeanPostProcessors (for example: not eligible for auto-proxying)
DEBUG - DefaultListableBeanFactory - Finished creating instance of bean 'hibernateExceptionTranslator'
DEBUG - DefaultListableBeanFactory - Finished creating instance of bean 'org.springframework.dao.annotation.PersistenceExceptionTranslationPostProcessor#0'
DEBUG - DefaultListableBeanFactory - Creating shared instance of singleton bean 'messageSource'
DEBUG - DefaultListableBeanFactory - Creating instance of bean 'messageSource'
DEBUG - DefaultListableBeanFactory - Returning cached instance of singleton bean 'JPAConfiguration'
DEBUG - rtySourcesPropertyResolver - Searching for key 'message.source.basename' in [systemProperties]
DEBUG - rtySourcesPropertyResolver - Searching for key 'message.source.basename' in [systemEnvironment]
DEBUG - rtySourcesPropertyResolver - Searching for key 'message.source.basename' in [class path resource [application.properties]]
DEBUG - rtySourcesPropertyResolver - Found key 'message.source.basename' in [class path resource [application.properties]] with type [String] and value 'i18n/messages'
DEBUG - rtySourcesPropertyResolver - Searching for key 'message.source.use.code.as.default.message' in [systemProperties]
DEBUG - rtySourcesPropertyResolver - Searching for key 'message.source.use.code.as.default.message' in [systemEnvironment]
DEBUG - rtySourcesPropertyResolver - Searching for key 'message.source.use.code.as.default.message' in [class path resource [application.properties]]
DEBUG - rtySourcesPropertyResolver - Found key 'message.source.use.code.as.default.message' in [class path resource [application.properties]] with type [String] and value 'true'
DEBUG - DefaultListableBeanFactory - Eagerly caching bean 'messageSource' to allow for resolving potential circular references
DEBUG - DefaultListableBeanFactory - Finished creating instance of bean 'messageSource'
DEBUG - GenericApplicationContext  - Using MessageSource [org.springframework.context.support.ResourceBundleMessageSource: basenames=[i18n/messages]]
DEBUG - GenericApplicationContext  - Unable to locate ApplicationEventMulticaster with name 'applicationEventMulticaster': using default [org.springframework.context.event.SimpleApplicationEventMulticaster@1d9930b]
DEBUG - DefaultListableBeanFactory - Returning cached instance of singleton bean 'entityManagerFactoryBean'
INFO  - DefaultListableBeanFactory - Pre-instantiating singletons in org.springframework.beans.factory.support.DefaultListableBeanFactory@7066e9c0: defining beans [org.springframework.context.annotation.internalConfigurationAnnotationProcessor,org.springframework.context.annotation.internalAutowiredAnnotationProcessor,org.springframework.context.annotation.internalRequiredAnnotationProcessor,org.springframework.context.annotation.internalCommonAnnotationProcessor,org.springframework.context.annotation.internalPersistenceAnnotationProcessor,JPAConfiguration,org.springframework.context.annotation.ConfigurationClassPostProcessor.importAwareProcessor,repositoryDisciplineService,orikaMappings,org.springframework.data.repository.core.support.RepositoryInterfaceAwareBeanPostProcessor#0,org.springframework.dao.annotation.PersistenceExceptionTranslationPostProcessor#0,disciplineRepository,dataSource,entityManager,messageSource,viewResolver,entityManagerFactoryBean,transactionManager,hibernateExceptionTranslator,org.springframework.web.servlet.resource.ResourceHttpRequestHandler#0,org.springframework.web.servlet.handler.SimpleUrlHandlerMapping#0,org.springframework.web.servlet.handler.BeanNameUrlHandlerMapping,org.springframework.web.servlet.mvc.HttpRequestHandlerAdapter,org.springframework.web.servlet.mvc.SimpleControllerHandlerAdapter,org.springframework.web.servlet.resource.DefaultServletHttpRequestHandler#0,org.springframework.web.servlet.handler.SimpleUrlHandlerMapping#1,categoryRepository,solutionRepository,problemRepository,org.springframework.data.repository.core.support.RepositoryInterfaceAwareBeanPostProcessor#1]; root of factory hierarchy
DEBUG - DefaultListableBeanFactory - Returning cached instance of singleton bean 'org.springframework.context.annotation.internalConfigurationAnnotationProcessor'
DEBUG - DefaultListableBeanFactory - Returning cached instance of singleton bean 'org.springframework.context.annotation.internalAutowiredAnnotationProcessor'
DEBUG - DefaultListableBeanFactory - Returning cached instance of singleton bean 'org.springframework.context.annotation.internalRequiredAnnotationProcessor'
DEBUG - DefaultListableBeanFactory - Returning cached instance of singleton bean 'org.springframework.context.annotation.internalCommonAnnotationProcessor'
DEBUG - DefaultListableBeanFactory - Returning cached instance of singleton bean 'org.springframework.context.annotation.internalPersistenceAnnotationProcessor'
DEBUG - DefaultListableBeanFactory - Returning cached instance of singleton bean 'JPAConfiguration'
DEBUG - DefaultListableBeanFactory - Returning cached instance of singleton bean 'org.springframework.context.annotation.ConfigurationClassPostProcessor.importAwareProcessor'
DEBUG - DefaultListableBeanFactory - Creating shared instance of singleton bean 'repositoryDisciplineService'
DEBUG - DefaultListableBeanFactory - Creating instance of bean 'repositoryDisciplineService'
DEBUG - InjectionMetadata          - Registered injected element on class [ru.egalvi.problem.persistence.service.impl.RepositoryDisciplineService]: ResourceElement for private ru.egalvi.problem.persistence.repository.DisciplineRepository ru.egalvi.problem.persistence.service.impl.RepositoryDisciplineService.disciplineRepository
DEBUG - InjectionMetadata          - Registered injected element on class [ru.egalvi.problem.persistence.service.impl.RepositoryDisciplineService]: ResourceElement for private ru.egalvi.problem.config.OrikaMappings ru.egalvi.problem.persistence.service.impl.RepositoryDisciplineService.orikaMappings
DEBUG - DefaultListableBeanFactory - Eagerly caching bean 'repositoryDisciplineService' to allow for resolving potential circular references
DEBUG - InjectionMetadata          - Processing injected method of bean 'repositoryDisciplineService': ResourceElement for private ru.egalvi.problem.persistence.repository.DisciplineRepository ru.egalvi.problem.persistence.service.impl.RepositoryDisciplineService.disciplineRepository
DEBUG - DefaultListableBeanFactory - Creating shared instance of singleton bean 'disciplineRepository'
DEBUG - DefaultListableBeanFactory - Creating instance of bean 'disciplineRepository'
DEBUG - InjectionMetadata          - Registered injected element on class [org.springframework.data.jpa.repository.support.JpaRepositoryFactoryBean]: PersistenceElement for public void org.springframework.data.jpa.repository.support.JpaRepositoryFactoryBean.setEntityManager(javax.persistence.EntityManager)
DEBUG - DefaultListableBeanFactory - Eagerly caching bean 'disciplineRepository' to allow for resolving potential circular references
DEBUG - InjectionMetadata          - Processing injected method of bean 'disciplineRepository': PersistenceElement for public void org.springframework.data.jpa.repository.support.JpaRepositoryFactoryBean.setEntityManager(javax.persistence.EntityManager)
DEBUG - DefaultListableBeanFactory - Returning cached instance of singleton bean 'entityManagerFactoryBean'
DEBUG - DefaultListableBeanFactory - Creating instance of bean '(inner bean)'
DEBUG - DefaultListableBeanFactory - Creating instance of bean '(inner bean)'
DEBUG - DefaultListableBeanFactory - Invoking afterPropertiesSet() on bean with name '(inner bean)'
DEBUG - DefaultListableBeanFactory - Finished creating instance of bean '(inner bean)'
DEBUG - DefaultListableBeanFactory - Finished creating instance of bean '(inner bean)'
DEBUG - DefaultListableBeanFactory - Returning cached instance of singleton bean 'entityManagerFactoryBean'
DEBUG - DefaultListableBeanFactory - Returning cached instance of singleton bean 'hibernateExceptionTranslator'
DEBUG - DefaultListableBeanFactory - Invoking afterPropertiesSet() on bean with name 'disciplineRepository'
DEBUG - tyManagerInvocationHandler - Creating new EntityManager for shared EntityManager invocation
DEBUG - SessionImpl                - Opened session at timestamp: 14108753908
DEBUG - EntityManagerFactoryUtils  - Closing JPA EntityManager
DEBUG - tyManagerInvocationHandler - Creating new EntityManager for shared EntityManager invocation
DEBUG - SessionImpl                - Opened session at timestamp: 14108753908
DEBUG - EntityManagerFactoryUtils  - Closing JPA EntityManager
DEBUG - tyManagerInvocationHandler - Creating new EntityManager for shared EntityManager invocation
DEBUG - SessionImpl                - Opened session at timestamp: 14108753908
DEBUG - EntityManagerFactoryUtils  - Closing JPA EntityManager
DEBUG - tyManagerInvocationHandler - Creating new EntityManager for shared EntityManager invocation
DEBUG - SessionImpl                - Opened session at timestamp: 14108753908
DEBUG - EntityManagerFactoryUtils  - Closing JPA EntityManager
DEBUG - DefaultListableBeanFactory - Finished creating instance of bean 'disciplineRepository'
DEBUG - tyManagerInvocationHandler - Creating new EntityManager for shared EntityManager invocation
DEBUG - SessionImpl                - Opened session at timestamp: 14108753908
DEBUG - EntityManagerFactoryUtils  - Closing JPA EntityManager
DEBUG - tyManagerInvocationHandler - Creating new EntityManager for shared EntityManager invocation
DEBUG - SessionImpl                - Opened session at timestamp: 14108753908
DEBUG - EntityManagerFactoryUtils  - Closing JPA EntityManager
DEBUG - tyManagerInvocationHandler - Creating new EntityManager for shared EntityManager invocation
DEBUG - SessionImpl                - Opened session at timestamp: 14108753908
DEBUG - EntityManagerFactoryUtils  - Closing JPA EntityManager
DEBUG - tyManagerInvocationHandler - Creating new EntityManager for shared EntityManager invocation
DEBUG - SessionImpl                - Opened session at timestamp: 14108753908
DEBUG - EntityManagerFactoryUtils  - Closing JPA EntityManager
DEBUG - SimpleJpaQuery             - Looking up query for method findById
DEBUG - NamedQuery                 - Looking up named query Discipline.findById
DEBUG - tyManagerInvocationHandler - Creating new EntityManager for shared EntityManager invocation
DEBUG - SessionImpl                - Opened session at timestamp: 14108753908
DEBUG - EntityManagerFactoryUtils  - Closing JPA EntityManager
DEBUG - SimpleJpaQuery             - Looking up query for method findByName
DEBUG - NamedQuery                 - Looking up named query Discipline.findByName
DEBUG - tyManagerInvocationHandler - Creating new EntityManager for shared EntityManager invocation
DEBUG - SessionImpl                - Opened session at timestamp: 14108753909
DEBUG - EntityManagerFactoryUtils  - Closing JPA EntityManager
DEBUG - JdkDynamicAopProxy         - Creating JDK dynamic proxy: target source is SingletonTargetSource for target object [org.springframework.data.jpa.repository.support.SimpleJpaRepository@2b89889b]
DEBUG - InjectionMetadata          - Processing injected method of bean 'repositoryDisciplineService': ResourceElement for private ru.egalvi.problem.config.OrikaMappings ru.egalvi.problem.persistence.service.impl.RepositoryDisciplineService.orikaMappings
DEBUG - DefaultListableBeanFactory - Creating shared instance of singleton bean 'orikaMappings'
DEBUG - DefaultListableBeanFactory - Creating instance of bean 'orikaMappings'
DEBUG - DefaultListableBeanFactory - Eagerly caching bean 'orikaMappings' to allow for resolving potential circular references
DEBUG - DefaultListableBeanFactory - Finished creating instance of bean 'orikaMappings'
DEBUG - DefaultListableBeanFactory - Finished creating instance of bean 'repositoryDisciplineService'
DEBUG - DefaultListableBeanFactory - Returning cached instance of singleton bean 'orikaMappings'
DEBUG - DefaultListableBeanFactory - Returning cached instance of singleton bean 'org.springframework.data.repository.core.support.RepositoryInterfaceAwareBeanPostProcessor#0'
DEBUG - DefaultListableBeanFactory - Returning cached instance of singleton bean 'org.springframework.dao.annotation.PersistenceExceptionTranslationPostProcessor#0'
DEBUG - DefaultListableBeanFactory - Returning cached instance of singleton bean 'disciplineRepository'
DEBUG - DefaultListableBeanFactory - Returning cached instance of singleton bean 'dataSource'
DEBUG - DefaultListableBeanFactory - Creating shared instance of singleton bean 'entityManager'
DEBUG - DefaultListableBeanFactory - Creating instance of bean 'entityManager'
DEBUG - DefaultListableBeanFactory - Returning cached instance of singleton bean 'JPAConfiguration'
DEBUG - DefaultListableBeanFactory - Returning cached instance of singleton bean 'entityManagerFactoryBean'
DEBUG - DefaultListableBeanFactory - Autowiring by type from bean name 'entityManager' via factory method to bean named 'entityManagerFactoryBean'
DEBUG - SessionImpl                - Opened session at timestamp: 14108753909
DEBUG - DefaultListableBeanFactory - Eagerly caching bean 'entityManager' to allow for resolving potential circular references
DEBUG - DefaultListableBeanFactory - Finished creating instance of bean 'entityManager'
DEBUG - DefaultListableBeanFactory - Returning cached instance of singleton bean 'messageSource'
DEBUG - DefaultListableBeanFactory - Creating shared instance of singleton bean 'viewResolver'
DEBUG - DefaultListableBeanFactory - Creating instance of bean 'viewResolver'
DEBUG - DefaultListableBeanFactory - Returning cached instance of singleton bean 'JPAConfiguration'
DEBUG - DefaultListableBeanFactory - Eagerly caching bean 'viewResolver' to allow for resolving potential circular references
DEBUG - DefaultListableBeanFactory - Finished creating instance of bean 'viewResolver'
DEBUG - DefaultListableBeanFactory - Returning cached instance of singleton bean 'entityManagerFactoryBean'
DEBUG - DefaultListableBeanFactory - Creating shared instance of singleton bean 'transactionManager'
DEBUG - DefaultListableBeanFactory - Creating instance of bean 'transactionManager'
DEBUG - DefaultListableBeanFactory - Returning cached instance of singleton bean 'JPAConfiguration'
DEBUG - DefaultListableBeanFactory - Returning cached instance of singleton bean 'entityManagerFactoryBean'
DEBUG - DefaultListableBeanFactory - Returning cached instance of singleton bean 'entityManagerFactoryBean'
DEBUG - DefaultListableBeanFactory - Eagerly caching bean 'transactionManager' to allow for resolving potential circular references
DEBUG - DefaultListableBeanFactory - Invoking afterPropertiesSet() on bean with name 'transactionManager'
DEBUG - DefaultListableBeanFactory - Finished creating instance of bean 'transactionManager'
DEBUG - DefaultListableBeanFactory - Returning cached instance of singleton bean 'hibernateExceptionTranslator'
DEBUG - DefaultListableBeanFactory - Creating shared instance of singleton bean 'org.springframework.web.servlet.resource.ResourceHttpRequestHandler#0'
DEBUG - DefaultListableBeanFactory - Creating instance of bean 'org.springframework.web.servlet.resource.ResourceHttpRequestHandler#0'
DEBUG - DefaultListableBeanFactory - Eagerly caching bean 'org.springframework.web.servlet.resource.ResourceHttpRequestHandler#0' to allow for resolving potential circular references
DEBUG - DefaultListableBeanFactory - Invoking afterPropertiesSet() on bean with name 'org.springframework.web.servlet.resource.ResourceHttpRequestHandler#0'
DEBUG - DefaultListableBeanFactory - Finished creating instance of bean 'org.springframework.web.servlet.resource.ResourceHttpRequestHandler#0'
DEBUG - DefaultListableBeanFactory - Creating shared instance of singleton bean 'org.springframework.web.servlet.handler.SimpleUrlHandlerMapping#0'
DEBUG - DefaultListableBeanFactory - Creating instance of bean 'org.springframework.web.servlet.handler.SimpleUrlHandlerMapping#0'
DEBUG - DefaultListableBeanFactory - Eagerly caching bean 'org.springframework.web.servlet.handler.SimpleUrlHandlerMapping#0' to allow for resolving potential circular references
DEBUG - DefaultListableBeanFactory - Returning cached instance of singleton bean 'org.springframework.web.servlet.resource.ResourceHttpRequestHandler#0'
INFO  - SimpleUrlHandlerMapping    - Mapped URL path [/static/**] onto handler 'org.springframework.web.servlet.resource.ResourceHttpRequestHandler#0'
DEBUG - DefaultListableBeanFactory - Finished creating instance of bean 'org.springframework.web.servlet.handler.SimpleUrlHandlerMapping#0'
DEBUG - DefaultListableBeanFactory - Creating shared instance of singleton bean 'org.springframework.web.servlet.handler.BeanNameUrlHandlerMapping'
DEBUG - DefaultListableBeanFactory - Creating instance of bean 'org.springframework.web.servlet.handler.BeanNameUrlHandlerMapping'
DEBUG - DefaultListableBeanFactory - Eagerly caching bean 'org.springframework.web.servlet.handler.BeanNameUrlHandlerMapping' to allow for resolving potential circular references
DEBUG - BeanNameUrlHandlerMapping  - Looking for URL mappings in application context: org.springframework.context.support.GenericApplicationContext@47dce809: startup date [Tue Sep 16 17:49:49 MSK 2014]; root of context hierarchy
DEBUG - BeanNameUrlHandlerMapping  - Rejected bean name 'org.springframework.context.annotation.internalConfigurationAnnotationProcessor': no URL paths identified
DEBUG - BeanNameUrlHandlerMapping  - Rejected bean name 'org.springframework.context.annotation.internalAutowiredAnnotationProcessor': no URL paths identified
DEBUG - BeanNameUrlHandlerMapping  - Rejected bean name 'org.springframework.context.annotation.internalRequiredAnnotationProcessor': no URL paths identified
DEBUG - BeanNameUrlHandlerMapping  - Rejected bean name 'org.springframework.context.annotation.internalCommonAnnotationProcessor': no URL paths identified
DEBUG - BeanNameUrlHandlerMapping  - Rejected bean name 'org.springframework.context.annotation.internalPersistenceAnnotationProcessor': no URL paths identified
DEBUG - BeanNameUrlHandlerMapping  - Rejected bean name 'JPAConfiguration': no URL paths identified
DEBUG - BeanNameUrlHandlerMapping  - Rejected bean name 'org.springframework.context.annotation.ConfigurationClassPostProcessor.importAwareProcessor': no URL paths identified
DEBUG - BeanNameUrlHandlerMapping  - Rejected bean name 'repositoryDisciplineService': no URL paths identified
DEBUG - BeanNameUrlHandlerMapping  - Rejected bean name 'orikaMappings': no URL paths identified
DEBUG - BeanNameUrlHandlerMapping  - Rejected bean name 'org.springframework.data.repository.core.support.RepositoryInterfaceAwareBeanPostProcessor#0': no URL paths identified
DEBUG - BeanNameUrlHandlerMapping  - Rejected bean name 'org.springframework.dao.annotation.PersistenceExceptionTranslationPostProcessor#0': no URL paths identified
DEBUG - BeanNameUrlHandlerMapping  - Rejected bean name 'disciplineRepository': no URL paths identified
DEBUG - BeanNameUrlHandlerMapping  - Rejected bean name 'dataSource': no URL paths identified
DEBUG - BeanNameUrlHandlerMapping  - Rejected bean name 'entityManager': no URL paths identified
DEBUG - BeanNameUrlHandlerMapping  - Rejected bean name 'messageSource': no URL paths identified
DEBUG - BeanNameUrlHandlerMapping  - Rejected bean name 'viewResolver': no URL paths identified
DEBUG - BeanNameUrlHandlerMapping  - Rejected bean name 'entityManagerFactoryBean': no URL paths identified
DEBUG - BeanNameUrlHandlerMapping  - Rejected bean name 'transactionManager': no URL paths identified
DEBUG - BeanNameUrlHandlerMapping  - Rejected bean name 'hibernateExceptionTranslator': no URL paths identified
DEBUG - BeanNameUrlHandlerMapping  - Rejected bean name 'org.springframework.web.servlet.resource.ResourceHttpRequestHandler#0': no URL paths identified
DEBUG - BeanNameUrlHandlerMapping  - Rejected bean name 'org.springframework.web.servlet.handler.SimpleUrlHandlerMapping#0': no URL paths identified
DEBUG - BeanNameUrlHandlerMapping  - Rejected bean name 'org.springframework.web.servlet.handler.BeanNameUrlHandlerMapping': no URL paths identified
DEBUG - BeanNameUrlHandlerMapping  - Rejected bean name 'org.springframework.web.servlet.mvc.HttpRequestHandlerAdapter': no URL paths identified
DEBUG - BeanNameUrlHandlerMapping  - Rejected bean name 'org.springframework.web.servlet.mvc.SimpleControllerHandlerAdapter': no URL paths identified
DEBUG - BeanNameUrlHandlerMapping  - Rejected bean name 'org.springframework.web.servlet.resource.DefaultServletHttpRequestHandler#0': no URL paths identified
DEBUG - BeanNameUrlHandlerMapping  - Rejected bean name 'org.springframework.web.servlet.handler.SimpleUrlHandlerMapping#1': no URL paths identified
DEBUG - BeanNameUrlHandlerMapping  - Rejected bean name 'categoryRepository': no URL paths identified
DEBUG - BeanNameUrlHandlerMapping  - Rejected bean name 'solutionRepository': no URL paths identified
DEBUG - BeanNameUrlHandlerMapping  - Rejected bean name 'problemRepository': no URL paths identified
DEBUG - BeanNameUrlHandlerMapping  - Rejected bean name 'org.springframework.data.repository.core.support.RepositoryInterfaceAwareBeanPostProcessor#1': no URL paths identified
DEBUG - BeanNameUrlHandlerMapping  - Rejected bean name 'environment': no URL paths identified
DEBUG - BeanNameUrlHandlerMapping  - Rejected bean name 'systemProperties': no URL paths identified
DEBUG - BeanNameUrlHandlerMapping  - Rejected bean name 'systemEnvironment': no URL paths identified
DEBUG - BeanNameUrlHandlerMapping  - Rejected bean name 'org.springframework.context.annotation.ConfigurationClassPostProcessor.importRegistry': no URL paths identified
DEBUG - BeanNameUrlHandlerMapping  - Rejected bean name 'applicationEventMulticaster': no URL paths identified
DEBUG - DefaultListableBeanFactory - Finished creating instance of bean 'org.springframework.web.servlet.handler.BeanNameUrlHandlerMapping'
DEBUG - DefaultListableBeanFactory - Creating shared instance of singleton bean 'org.springframework.web.servlet.mvc.HttpRequestHandlerAdapter'
DEBUG - DefaultListableBeanFactory - Creating instance of bean 'org.springframework.web.servlet.mvc.HttpRequestHandlerAdapter'
DEBUG - DefaultListableBeanFactory - Eagerly caching bean 'org.springframework.web.servlet.mvc.HttpRequestHandlerAdapter' to allow for resolving potential circular references
DEBUG - DefaultListableBeanFactory - Finished creating instance of bean 'org.springframework.web.servlet.mvc.HttpRequestHandlerAdapter'
DEBUG - DefaultListableBeanFactory - Creating shared instance of singleton bean 'org.springframework.web.servlet.mvc.SimpleControllerHandlerAdapter'
DEBUG - DefaultListableBeanFactory - Creating instance of bean 'org.springframework.web.servlet.mvc.SimpleControllerHandlerAdapter'
DEBUG - DefaultListableBeanFactory - Eagerly caching bean 'org.springframework.web.servlet.mvc.SimpleControllerHandlerAdapter' to allow for resolving potential circular references
DEBUG - DefaultListableBeanFactory - Finished creating instance of bean 'org.springframework.web.servlet.mvc.SimpleControllerHandlerAdapter'
DEBUG - DefaultListableBeanFactory - Creating shared instance of singleton bean 'org.springframework.web.servlet.resource.DefaultServletHttpRequestHandler#0'
DEBUG - DefaultListableBeanFactory - Creating instance of bean 'org.springframework.web.servlet.resource.DefaultServletHttpRequestHandler#0'
DEBUG - DefaultListableBeanFactory - Eagerly caching bean 'org.springframework.web.servlet.resource.DefaultServletHttpRequestHandler#0' to allow for resolving potential circular references
DEBUG - DefaultListableBeanFactory - Finished creating instance of bean 'org.springframework.web.servlet.resource.DefaultServletHttpRequestHandler#0'
DEBUG - DefaultListableBeanFactory - Creating shared instance of singleton bean 'org.springframework.web.servlet.handler.SimpleUrlHandlerMapping#1'
DEBUG - DefaultListableBeanFactory - Creating instance of bean 'org.springframework.web.servlet.handler.SimpleUrlHandlerMapping#1'
DEBUG - DefaultListableBeanFactory - Eagerly caching bean 'org.springframework.web.servlet.handler.SimpleUrlHandlerMapping#1' to allow for resolving potential circular references
DEBUG - DefaultListableBeanFactory - Returning cached instance of singleton bean 'org.springframework.web.servlet.resource.DefaultServletHttpRequestHandler#0'
INFO  - SimpleUrlHandlerMapping    - Mapped URL path [/**] onto handler 'org.springframework.web.servlet.resource.DefaultServletHttpRequestHandler#0'
DEBUG - DefaultListableBeanFactory - Finished creating instance of bean 'org.springframework.web.servlet.handler.SimpleUrlHandlerMapping#1'
DEBUG - DefaultListableBeanFactory - Creating shared instance of singleton bean 'categoryRepository'
DEBUG - DefaultListableBeanFactory - Creating instance of bean 'categoryRepository'
DEBUG - InjectionMetadata          - Registered injected element on class [org.springframework.data.jpa.repository.support.JpaRepositoryFactoryBean]: PersistenceElement for public void org.springframework.data.jpa.repository.support.JpaRepositoryFactoryBean.setEntityManager(javax.persistence.EntityManager)
DEBUG - DefaultListableBeanFactory - Eagerly caching bean 'categoryRepository' to allow for resolving potential circular references
DEBUG - InjectionMetadata          - Processing injected method of bean 'categoryRepository': PersistenceElement for public void org.springframework.data.jpa.repository.support.JpaRepositoryFactoryBean.setEntityManager(javax.persistence.EntityManager)
DEBUG - DefaultListableBeanFactory - Returning cached instance of singleton bean 'entityManagerFactoryBean'
DEBUG - DefaultListableBeanFactory - Creating instance of bean '(inner bean)#1'
DEBUG - DefaultListableBeanFactory - Creating instance of bean '(inner bean)#1'
DEBUG - DefaultListableBeanFactory - Invoking afterPropertiesSet() on bean with name '(inner bean)#1'
DEBUG - DefaultListableBeanFactory - Finished creating instance of bean '(inner bean)#1'
DEBUG - DefaultListableBeanFactory - Finished creating instance of bean '(inner bean)#1'
DEBUG - DefaultListableBeanFactory - Returning cached instance of singleton bean 'entityManagerFactoryBean'
DEBUG - DefaultListableBeanFactory - Returning cached instance of singleton bean 'hibernateExceptionTranslator'
DEBUG - DefaultListableBeanFactory - Invoking afterPropertiesSet() on bean with name 'categoryRepository'
DEBUG - tyManagerInvocationHandler - Creating new EntityManager for shared EntityManager invocation
DEBUG - SessionImpl                - Opened session at timestamp: 14108753910
DEBUG - EntityManagerFactoryUtils  - Closing JPA EntityManager
DEBUG - tyManagerInvocationHandler - Creating new EntityManager for shared EntityManager invocation
DEBUG - SessionImpl                - Opened session at timestamp: 14108753910
DEBUG - EntityManagerFactoryUtils  - Closing JPA EntityManager
DEBUG - tyManagerInvocationHandler - Creating new EntityManager for shared EntityManager invocation
DEBUG - SessionImpl                - Opened session at timestamp: 14108753910
DEBUG - EntityManagerFactoryUtils  - Closing JPA EntityManager
DEBUG - tyManagerInvocationHandler - Creating new EntityManager for shared EntityManager invocation
DEBUG - SessionImpl                - Opened session at timestamp: 14108753910
DEBUG - EntityManagerFactoryUtils  - Closing JPA EntityManager
DEBUG - DefaultListableBeanFactory - Finished creating instance of bean 'categoryRepository'
DEBUG - DefaultListableBeanFactory - Creating shared instance of singleton bean 'solutionRepository'
DEBUG - DefaultListableBeanFactory - Creating instance of bean 'solutionRepository'
DEBUG - InjectionMetadata          - Registered injected element on class [org.springframework.data.jpa.repository.support.JpaRepositoryFactoryBean]: PersistenceElement for public void org.springframework.data.jpa.repository.support.JpaRepositoryFactoryBean.setEntityManager(javax.persistence.EntityManager)
DEBUG - DefaultListableBeanFactory - Eagerly caching bean 'solutionRepository' to allow for resolving potential circular references
DEBUG - InjectionMetadata          - Processing injected method of bean 'solutionRepository': PersistenceElement for public void org.springframework.data.jpa.repository.support.JpaRepositoryFactoryBean.setEntityManager(javax.persistence.EntityManager)
DEBUG - DefaultListableBeanFactory - Returning cached instance of singleton bean 'entityManagerFactoryBean'
DEBUG - DefaultListableBeanFactory - Creating instance of bean '(inner bean)#2'
DEBUG - DefaultListableBeanFactory - Creating instance of bean '(inner bean)#2'
DEBUG - DefaultListableBeanFactory - Invoking afterPropertiesSet() on bean with name '(inner bean)#2'
DEBUG - DefaultListableBeanFactory - Finished creating instance of bean '(inner bean)#2'
DEBUG - DefaultListableBeanFactory - Finished creating instance of bean '(inner bean)#2'
DEBUG - DefaultListableBeanFactory - Returning cached instance of singleton bean 'entityManagerFactoryBean'
DEBUG - DefaultListableBeanFactory - Returning cached instance of singleton bean 'hibernateExceptionTranslator'
DEBUG - DefaultListableBeanFactory - Invoking afterPropertiesSet() on bean with name 'solutionRepository'
DEBUG - tyManagerInvocationHandler - Creating new EntityManager for shared EntityManager invocation
DEBUG - SessionImpl                - Opened session at timestamp: 14108753910
DEBUG - EntityManagerFactoryUtils  - Closing JPA EntityManager
DEBUG - tyManagerInvocationHandler - Creating new EntityManager for shared EntityManager invocation
DEBUG - SessionImpl                - Opened session at timestamp: 14108753910
DEBUG - EntityManagerFactoryUtils  - Closing JPA EntityManager
DEBUG - tyManagerInvocationHandler - Creating new EntityManager for shared EntityManager invocation
DEBUG - SessionImpl                - Opened session at timestamp: 14108753910
DEBUG - EntityManagerFactoryUtils  - Closing JPA EntityManager
DEBUG - tyManagerInvocationHandler - Creating new EntityManager for shared EntityManager invocation
DEBUG - SessionImpl                - Opened session at timestamp: 14108753910
DEBUG - EntityManagerFactoryUtils  - Closing JPA EntityManager
DEBUG - DefaultListableBeanFactory - Finished creating instance of bean 'solutionRepository'
DEBUG - DefaultListableBeanFactory - Creating shared instance of singleton bean 'problemRepository'
DEBUG - DefaultListableBeanFactory - Creating instance of bean 'problemRepository'
DEBUG - InjectionMetadata          - Registered injected element on class [org.springframework.data.jpa.repository.support.JpaRepositoryFactoryBean]: PersistenceElement for public void org.springframework.data.jpa.repository.support.JpaRepositoryFactoryBean.setEntityManager(javax.persistence.EntityManager)
DEBUG - DefaultListableBeanFactory - Eagerly caching bean 'problemRepository' to allow for resolving potential circular references
DEBUG - InjectionMetadata          - Processing injected method of bean 'problemRepository': PersistenceElement for public void org.springframework.data.jpa.repository.support.JpaRepositoryFactoryBean.setEntityManager(javax.persistence.EntityManager)
DEBUG - DefaultListableBeanFactory - Returning cached instance of singleton bean 'entityManagerFactoryBean'
DEBUG - DefaultListableBeanFactory - Creating instance of bean '(inner bean)#3'
DEBUG - DefaultListableBeanFactory - Creating instance of bean '(inner bean)#3'
DEBUG - DefaultListableBeanFactory - Invoking afterPropertiesSet() on bean with name '(inner bean)#3'
DEBUG - DefaultListableBeanFactory - Finished creating instance of bean '(inner bean)#3'
DEBUG - DefaultListableBeanFactory - Finished creating instance of bean '(inner bean)#3'
DEBUG - DefaultListableBeanFactory - Returning cached instance of singleton bean 'entityManagerFactoryBean'
DEBUG - DefaultListableBeanFactory - Returning cached instance of singleton bean 'hibernateExceptionTranslator'
DEBUG - DefaultListableBeanFactory - Invoking afterPropertiesSet() on bean with name 'problemRepository'
DEBUG - tyManagerInvocationHandler - Creating new EntityManager for shared EntityManager invocation
DEBUG - SessionImpl                - Opened session at timestamp: 14108753910
DEBUG - EntityManagerFactoryUtils  - Closing JPA EntityManager
DEBUG - tyManagerInvocationHandler - Creating new EntityManager for shared EntityManager invocation
DEBUG - SessionImpl                - Opened session at timestamp: 14108753910
DEBUG - EntityManagerFactoryUtils  - Closing JPA EntityManager
DEBUG - tyManagerInvocationHandler - Creating new EntityManager for shared EntityManager invocation
DEBUG - SessionImpl                - Opened session at timestamp: 14108753910
DEBUG - EntityManagerFactoryUtils  - Closing JPA EntityManager
DEBUG - tyManagerInvocationHandler - Creating new EntityManager for shared EntityManager invocation
DEBUG - SessionImpl                - Opened session at timestamp: 14108753910
DEBUG - EntityManagerFactoryUtils  - Closing JPA EntityManager
DEBUG - DefaultListableBeanFactory - Finished creating instance of bean 'problemRepository'
DEBUG - DefaultListableBeanFactory - Returning cached instance of singleton bean 'org.springframework.data.repository.core.support.RepositoryInterfaceAwareBeanPostProcessor#1'
DEBUG - GenericApplicationContext  - Unable to locate LifecycleProcessor with name 'lifecycleProcessor': using default [org.springframework.context.support.DefaultLifecycleProcessor@7d3e8935]
DEBUG - DefaultListableBeanFactory - Returning cached instance of singleton bean 'lifecycleProcessor'
DEBUG - rtySourcesPropertyResolver - Searching for key 'spring.liveBeansView.mbeanDomain' in [systemProperties]
DEBUG - rtySourcesPropertyResolver - Searching for key 'spring.liveBeansView.mbeanDomain' in [systemEnvironment]
DEBUG - rtySourcesPropertyResolver - Searching for key 'spring.liveBeansView.mbeanDomain' in [class path resource [application.properties]]
DEBUG - rtySourcesPropertyResolver - Could not find key 'spring.liveBeansView.mbeanDomain' in any property source. Returning [null]
DEBUG - AwareContextLoaderDelegate - Storing ApplicationContext in cache under key [[MergedContextConfiguration@7d651733 testClass = EntityMappingIntegrationTests, locations = '{}', classes = '{class ru.egalvi.problem.config.JPAConfiguration}', contextInitializerClasses = '[]', activeProfiles = '{}', contextLoader = 'org.springframework.test.context.support.DelegatingSmartContextLoader', parent = [null]]].
DEBUG - ctionTestExecutionListener - Performing dependency injection for test context [[TestContext@3f53447a testClass = EntityMappingIntegrationTests, testInstance = ru.egalvi.problem.persistance.integration.EntityMappingIntegrationTests@73b4c610, testMethod = [null], testException = [null], mergedContextConfiguration = [MergedContextConfiguration@7d651733 testClass = EntityMappingIntegrationTests, locations = '{}', classes = '{class ru.egalvi.problem.config.JPAConfiguration}', contextInitializerClasses = '[]', activeProfiles = '{}', contextLoader = 'org.springframework.test.context.support.DelegatingSmartContextLoader', parent = [null]]]].
DEBUG - AwareContextLoaderDelegate - Retrieved ApplicationContext from cache with key [[MergedContextConfiguration@7d651733 testClass = EntityMappingIntegrationTests, locations = '{}', classes = '{class ru.egalvi.problem.config.JPAConfiguration}', contextInitializerClasses = '[]', activeProfiles = '{}', contextLoader = 'org.springframework.test.context.support.DelegatingSmartContextLoader', parent = [null]]].
DEBUG - InjectionMetadata          - Processing injected method of bean 'ru.egalvi.problem.persistance.integration.EntityMappingIntegrationTests': AutowiredFieldElement for javax.persistence.EntityManager ru.egalvi.problem.persistance.integration.EntityMappingIntegrationTests.manager
DEBUG - DefaultListableBeanFactory - Returning cached instance of singleton bean 'entityManager'
DEBUG - nnotationBeanPostProcessor - Autowiring by type from bean name 'ru.egalvi.problem.persistance.integration.EntityMappingIntegrationTests' to bean named 'entityManager'
DEBUG - AwareContextLoaderDelegate - Retrieved ApplicationContext from cache with key [[MergedContextConfiguration@7d651733 testClass = EntityMappingIntegrationTests, locations = '{}', classes = '{class ru.egalvi.problem.config.JPAConfiguration}', contextInitializerClasses = '[]', activeProfiles = '{}', contextLoader = 'org.springframework.test.context.support.DelegatingSmartContextLoader', parent = [null]]].
DEBUG - TransactionAttributeSource - Adding transactional method 'solutionMapping' with attribute: PROPAGATION_REQUIRED,ISOLATION_DEFAULT; ''
DEBUG - ionalTestExecutionListener - Explicit transaction definition [PROPAGATION_REQUIRED,ISOLATION_DEFAULT; ''] found for test context [TestContext@3f53447a testClass = EntityMappingIntegrationTests, testInstance = ru.egalvi.problem.persistance.integration.EntityMappingIntegrationTests@73b4c610, testMethod = solutionMapping@EntityMappingIntegrationTests, testException = [null], mergedContextConfiguration = [MergedContextConfiguration@7d651733 testClass = EntityMappingIntegrationTests, locations = '{}', classes = '{class ru.egalvi.problem.config.JPAConfiguration}', contextInitializerClasses = '[]', activeProfiles = '{}', contextLoader = 'org.springframework.test.context.support.DelegatingSmartContextLoader', parent = [null]]]
DEBUG - AwareContextLoaderDelegate - Retrieved ApplicationContext from cache with key [[MergedContextConfiguration@7d651733 testClass = EntityMappingIntegrationTests, locations = '{}', classes = '{class ru.egalvi.problem.config.JPAConfiguration}', contextInitializerClasses = '[]', activeProfiles = '{}', contextLoader = 'org.springframework.test.context.support.DelegatingSmartContextLoader', parent = [null]]].
DEBUG - ionalTestExecutionListener - Retrieved @TransactionConfiguration [@org.springframework.test.context.transaction.TransactionConfiguration(transactionManager=transactionManager, defaultRollback=true)] for test class [class ru.egalvi.problem.persistance.integration.EntityMappingIntegrationTests]
DEBUG - ionalTestExecutionListener - Retrieved TransactionConfigurationAttributes [TransactionConfigurationAttributes@565a722b transactionManagerName = 'transactionManager', defaultRollback = true] for class [class ru.egalvi.problem.persistance.integration.EntityMappingIntegrationTests]
DEBUG - DefaultListableBeanFactory - Returning cached instance of singleton bean 'transactionManager'
DEBUG - JpaTransactionManager      - Creating new transaction with name [solutionMapping]: PROPAGATION_REQUIRED,ISOLATION_DEFAULT; ''
DEBUG - SessionImpl                - Opened session at timestamp: 14108753911
DEBUG - JpaTransactionManager      - Opened new EntityManager [org.hibernate.ejb.EntityManagerImpl@401b9a8d] for JPA transaction
DEBUG - AbstractTransactionImpl    - begin
DEBUG - LogicalConnectionImpl      - Obtaining JDBC connection
DEBUG - LogicalConnectionImpl      - Obtained JDBC connection
DEBUG - JdbcTransaction            - initial autocommit status: true
DEBUG - JdbcTransaction            - disabling autocommit
DEBUG - JpaTransactionManager      - Not exposing JPA transaction [org.hibernate.ejb.EntityManagerImpl@401b9a8d] as JDBC transaction because JpaDialect [org.springframework.orm.jpa.DefaultJpaDialect@6b092ccf] does not support JDBC Connection retrieval
DEBUG - ionalTestExecutionListener - No method-level @Rollback override: using default rollback [true] for test context [TestContext@3f53447a testClass = EntityMappingIntegrationTests, testInstance = ru.egalvi.problem.persistance.integration.EntityMappingIntegrationTests@73b4c610, testMethod = solutionMapping@EntityMappingIntegrationTests, testException = [null], mergedContextConfiguration = [MergedContextConfiguration@7d651733 testClass = EntityMappingIntegrationTests, locations = '{}', classes = '{class ru.egalvi.problem.config.JPAConfiguration}', contextInitializerClasses = '[]', activeProfiles = '{}', contextLoader = 'org.springframework.test.context.support.DelegatingSmartContextLoader', parent = [null]]]
INFO  - ionalTestExecutionListener - Began transaction (1): transaction manager [org.springframework.orm.jpa.JpaTransactionManager@4ae85f19]; rollback [true]
DEBUG - LogicalConnectionImpl      - Obtaining JDBC connection
DEBUG - LogicalConnectionImpl      - Obtained JDBC connection
DEBUG - ionalTestExecutionListener - No method-level @Rollback override: using default rollback [true] for test context [TestContext@3f53447a testClass = EntityMappingIntegrationTests, testInstance = ru.egalvi.problem.persistance.integration.EntityMappingIntegrationTests@73b4c610, testMethod = solutionMapping@EntityMappingIntegrationTests, testException = [null], mergedContextConfiguration = [MergedContextConfiguration@7d651733 testClass = EntityMappingIntegrationTests, locations = '{}', classes = '{class ru.egalvi.problem.config.JPAConfiguration}', contextInitializerClasses = '[]', activeProfiles = '{}', contextLoader = 'org.springframework.test.context.support.DelegatingSmartContextLoader', parent = [null]]]
DEBUG - JpaTransactionManager      - Initiating transaction rollback
DEBUG - JpaTransactionManager      - Rolling back JPA transaction on EntityManager [org.hibernate.ejb.EntityManagerImpl@401b9a8d]
DEBUG - AbstractTransactionImpl    - rolling back
DEBUG - JdbcTransaction            - rolled JDBC Connection
DEBUG - JdbcTransaction            - re-enabling autocommit
DEBUG - JpaTransactionManager      - Closing JPA EntityManager [org.hibernate.ejb.EntityManagerImpl@401b9a8d] after transaction
DEBUG - EntityManagerFactoryUtils  - Closing JPA EntityManager
DEBUG - LogicalConnectionImpl      - Releasing JDBC connection
DEBUG - LogicalConnectionImpl      - Released JDBC connection
INFO  - ionalTestExecutionListener - Rolled back transaction after test execution for test context [TestContext@3f53447a testClass = EntityMappingIntegrationTests, testInstance = ru.egalvi.problem.persistance.integration.EntityMappingIntegrationTests@73b4c610, testMethod = solutionMapping@EntityMappingIntegrationTests, testException = [null], mergedContextConfiguration = [MergedContextConfiguration@7d651733 testClass = EntityMappingIntegrationTests, locations = '{}', classes = '{class ru.egalvi.problem.config.JPAConfiguration}', contextInitializerClasses = '[]', activeProfiles = '{}', contextLoader = 'org.springframework.test.context.support.DelegatingSmartContextLoader', parent = [null]]]
DEBUG - ntextTestExecutionListener - After test method: context [[TestContext@3f53447a testClass = EntityMappingIntegrationTests, testInstance = ru.egalvi.problem.persistance.integration.EntityMappingIntegrationTests@73b4c610, testMethod = solutionMapping@EntityMappingIntegrationTests, testException = [null], mergedContextConfiguration = [MergedContextConfiguration@7d651733 testClass = EntityMappingIntegrationTests, locations = '{}', classes = '{class ru.egalvi.problem.config.JPAConfiguration}', contextInitializerClasses = '[]', activeProfiles = '{}', contextLoader = 'org.springframework.test.context.support.DelegatingSmartContextLoader', parent = [null]]]], class dirties context [false], class mode [null], method dirties context [false].
DEBUG - rvletTestExecutionListener - Resetting RequestContextHolder for test context [TestContext@3f53447a testClass = EntityMappingIntegrationTests, testInstance = ru.egalvi.problem.persistance.integration.EntityMappingIntegrationTests@73b4c610, testMethod = solutionMapping@EntityMappingIntegrationTests, testException = [null], mergedContextConfiguration = [MergedContextConfiguration@7d651733 testClass = EntityMappingIntegrationTests, locations = '{}', classes = '{class ru.egalvi.problem.config.JPAConfiguration}', contextInitializerClasses = '[]', activeProfiles = '{}', contextLoader = 'org.springframework.test.context.support.DelegatingSmartContextLoader', parent = [null]]].
DEBUG - ProfileValueUtils          - Retrieved @ProfileValueSourceConfiguration [null] for test class [ru.egalvi.problem.persistance.integration.EntityMappingIntegrationTests]
DEBUG - ProfileValueUtils          - Retrieved ProfileValueSource type [class org.springframework.test.annotation.SystemProfileValueSource] for class [ru.egalvi.problem.persistance.integration.EntityMappingIntegrationTests]
DEBUG - AwareContextLoaderDelegate - Retrieved ApplicationContext from cache with key [[MergedContextConfiguration@7d651733 testClass = EntityMappingIntegrationTests, locations = '{}', classes = '{class ru.egalvi.problem.config.JPAConfiguration}', contextInitializerClasses = '[]', activeProfiles = '{}', contextLoader = 'org.springframework.test.context.support.DelegatingSmartContextLoader', parent = [null]]].
DEBUG - ctionTestExecutionListener - Performing dependency injection for test context [[TestContext@3f53447a testClass = EntityMappingIntegrationTests, testInstance = ru.egalvi.problem.persistance.integration.EntityMappingIntegrationTests@3d0d0e02, testMethod = [null], testException = [null], mergedContextConfiguration = [MergedContextConfiguration@7d651733 testClass = EntityMappingIntegrationTests, locations = '{}', classes = '{class ru.egalvi.problem.config.JPAConfiguration}', contextInitializerClasses = '[]', activeProfiles = '{}', contextLoader = 'org.springframework.test.context.support.DelegatingSmartContextLoader', parent = [null]]]].
DEBUG - AwareContextLoaderDelegate - Retrieved ApplicationContext from cache with key [[MergedContextConfiguration@7d651733 testClass = EntityMappingIntegrationTests, locations = '{}', classes = '{class ru.egalvi.problem.config.JPAConfiguration}', contextInitializerClasses = '[]', activeProfiles = '{}', contextLoader = 'org.springframework.test.context.support.DelegatingSmartContextLoader', parent = [null]]].
DEBUG - InjectionMetadata          - Processing injected method of bean 'ru.egalvi.problem.persistance.integration.EntityMappingIntegrationTests': AutowiredFieldElement for javax.persistence.EntityManager ru.egalvi.problem.persistance.integration.EntityMappingIntegrationTests.manager
DEBUG - DefaultListableBeanFactory - Returning cached instance of singleton bean 'entityManager'
DEBUG - AwareContextLoaderDelegate - Retrieved ApplicationContext from cache with key [[MergedContextConfiguration@7d651733 testClass = EntityMappingIntegrationTests, locations = '{}', classes = '{class ru.egalvi.problem.config.JPAConfiguration}', contextInitializerClasses = '[]', activeProfiles = '{}', contextLoader = 'org.springframework.test.context.support.DelegatingSmartContextLoader', parent = [null]]].
DEBUG - TransactionAttributeSource - Adding transactional method 'problemMapping' with attribute: PROPAGATION_REQUIRED,ISOLATION_DEFAULT; ''
DEBUG - ionalTestExecutionListener - Explicit transaction definition [PROPAGATION_REQUIRED,ISOLATION_DEFAULT; ''] found for test context [TestContext@3f53447a testClass = EntityMappingIntegrationTests, testInstance = ru.egalvi.problem.persistance.integration.EntityMappingIntegrationTests@3d0d0e02, testMethod = problemMapping@EntityMappingIntegrationTests, testException = [null], mergedContextConfiguration = [MergedContextConfiguration@7d651733 testClass = EntityMappingIntegrationTests, locations = '{}', classes = '{class ru.egalvi.problem.config.JPAConfiguration}', contextInitializerClasses = '[]', activeProfiles = '{}', contextLoader = 'org.springframework.test.context.support.DelegatingSmartContextLoader', parent = [null]]]
DEBUG - AwareContextLoaderDelegate - Retrieved ApplicationContext from cache with key [[MergedContextConfiguration@7d651733 testClass = EntityMappingIntegrationTests, locations = '{}', classes = '{class ru.egalvi.problem.config.JPAConfiguration}', contextInitializerClasses = '[]', activeProfiles = '{}', contextLoader = 'org.springframework.test.context.support.DelegatingSmartContextLoader', parent = [null]]].
DEBUG - DefaultListableBeanFactory - Returning cached instance of singleton bean 'transactionManager'
DEBUG - JpaTransactionManager      - Creating new transaction with name [problemMapping]: PROPAGATION_REQUIRED,ISOLATION_DEFAULT; ''
DEBUG - SessionImpl                - Opened session at timestamp: 14108753911
DEBUG - JpaTransactionManager      - Opened new EntityManager [org.hibernate.ejb.EntityManagerImpl@2412c49e] for JPA transaction
DEBUG - AbstractTransactionImpl    - begin
DEBUG - LogicalConnectionImpl      - Obtaining JDBC connection
DEBUG - LogicalConnectionImpl      - Obtained JDBC connection
DEBUG - JdbcTransaction            - initial autocommit status: true
DEBUG - JdbcTransaction            - disabling autocommit
DEBUG - JpaTransactionManager      - Not exposing JPA transaction [org.hibernate.ejb.EntityManagerImpl@2412c49e] as JDBC transaction because JpaDialect [org.springframework.orm.jpa.DefaultJpaDialect@6b092ccf] does not support JDBC Connection retrieval
DEBUG - ionalTestExecutionListener - No method-level @Rollback override: using default rollback [true] for test context [TestContext@3f53447a testClass = EntityMappingIntegrationTests, testInstance = ru.egalvi.problem.persistance.integration.EntityMappingIntegrationTests@3d0d0e02, testMethod = problemMapping@EntityMappingIntegrationTests, testException = [null], mergedContextConfiguration = [MergedContextConfiguration@7d651733 testClass = EntityMappingIntegrationTests, locations = '{}', classes = '{class ru.egalvi.problem.config.JPAConfiguration}', contextInitializerClasses = '[]', activeProfiles = '{}', contextLoader = 'org.springframework.test.context.support.DelegatingSmartContextLoader', parent = [null]]]
INFO  - ionalTestExecutionListener - Began transaction (2): transaction manager [org.springframework.orm.jpa.JpaTransactionManager@4ae85f19]; rollback [true]
DEBUG - ionalTestExecutionListener - No method-level @Rollback override: using default rollback [true] for test context [TestContext@3f53447a testClass = EntityMappingIntegrationTests, testInstance = ru.egalvi.problem.persistance.integration.EntityMappingIntegrationTests@3d0d0e02, testMethod = problemMapping@EntityMappingIntegrationTests, testException = [null], mergedContextConfiguration = [MergedContextConfiguration@7d651733 testClass = EntityMappingIntegrationTests, locations = '{}', classes = '{class ru.egalvi.problem.config.JPAConfiguration}', contextInitializerClasses = '[]', activeProfiles = '{}', contextLoader = 'org.springframework.test.context.support.DelegatingSmartContextLoader', parent = [null]]]
DEBUG - JpaTransactionManager      - Initiating transaction rollback
DEBUG - JpaTransactionManager      - Rolling back JPA transaction on EntityManager [org.hibernate.ejb.EntityManagerImpl@2412c49e]
DEBUG - AbstractTransactionImpl    - rolling back
DEBUG - JdbcTransaction            - rolled JDBC Connection
DEBUG - JdbcTransaction            - re-enabling autocommit
DEBUG - JpaTransactionManager      - Closing JPA EntityManager [org.hibernate.ejb.EntityManagerImpl@2412c49e] after transaction
DEBUG - EntityManagerFactoryUtils  - Closing JPA EntityManager
DEBUG - LogicalConnectionImpl      - Releasing JDBC connection
DEBUG - LogicalConnectionImpl      - Released JDBC connection
INFO  - ionalTestExecutionListener - Rolled back transaction after test execution for test context [TestContext@3f53447a testClass = EntityMappingIntegrationTests, testInstance = ru.egalvi.problem.persistance.integration.EntityMappingIntegrationTests@3d0d0e02, testMethod = problemMapping@EntityMappingIntegrationTests, testException = [null], mergedContextConfiguration = [MergedContextConfiguration@7d651733 testClass = EntityMappingIntegrationTests, locations = '{}', classes = '{class ru.egalvi.problem.config.JPAConfiguration}', contextInitializerClasses = '[]', activeProfiles = '{}', contextLoader = 'org.springframework.test.context.support.DelegatingSmartContextLoader', parent = [null]]]
DEBUG - ntextTestExecutionListener - After test method: context [[TestContext@3f53447a testClass = EntityMappingIntegrationTests, testInstance = ru.egalvi.problem.persistance.integration.EntityMappingIntegrationTests@3d0d0e02, testMethod = problemMapping@EntityMappingIntegrationTests, testException = [null], mergedContextConfiguration = [MergedContextConfiguration@7d651733 testClass = EntityMappingIntegrationTests, locations = '{}', classes = '{class ru.egalvi.problem.config.JPAConfiguration}', contextInitializerClasses = '[]', activeProfiles = '{}', contextLoader = 'org.springframework.test.context.support.DelegatingSmartContextLoader', parent = [null]]]], class dirties context [false], class mode [null], method dirties context [false].
DEBUG - rvletTestExecutionListener - Resetting RequestContextHolder for test context [TestContext@3f53447a testClass = EntityMappingIntegrationTests, testInstance = ru.egalvi.problem.persistance.integration.EntityMappingIntegrationTests@3d0d0e02, testMethod = problemMapping@EntityMappingIntegrationTests, testException = [null], mergedContextConfiguration = [MergedContextConfiguration@7d651733 testClass = EntityMappingIntegrationTests, locations = '{}', classes = '{class ru.egalvi.problem.config.JPAConfiguration}', contextInitializerClasses = '[]', activeProfiles = '{}', contextLoader = 'org.springframework.test.context.support.DelegatingSmartContextLoader', parent = [null]]].
DEBUG - ProfileValueUtils          - Retrieved @ProfileValueSourceConfiguration [null] for test class [ru.egalvi.problem.persistance.integration.EntityMappingIntegrationTests]
DEBUG - ProfileValueUtils          - Retrieved ProfileValueSource type [class org.springframework.test.annotation.SystemProfileValueSource] for class [ru.egalvi.problem.persistance.integration.EntityMappingIntegrationTests]
DEBUG - AwareContextLoaderDelegate - Retrieved ApplicationContext from cache with key [[MergedContextConfiguration@7d651733 testClass = EntityMappingIntegrationTests, locations = '{}', classes = '{class ru.egalvi.problem.config.JPAConfiguration}', contextInitializerClasses = '[]', activeProfiles = '{}', contextLoader = 'org.springframework.test.context.support.DelegatingSmartContextLoader', parent = [null]]].
DEBUG - ctionTestExecutionListener - Performing dependency injection for test context [[TestContext@3f53447a testClass = EntityMappingIntegrationTests, testInstance = ru.egalvi.problem.persistance.integration.EntityMappingIntegrationTests@317d9c67, testMethod = [null], testException = [null], mergedContextConfiguration = [MergedContextConfiguration@7d651733 testClass = EntityMappingIntegrationTests, locations = '{}', classes = '{class ru.egalvi.problem.config.JPAConfiguration}', contextInitializerClasses = '[]', activeProfiles = '{}', contextLoader = 'org.springframework.test.context.support.DelegatingSmartContextLoader', parent = [null]]]].
DEBUG - AwareContextLoaderDelegate - Retrieved ApplicationContext from cache with key [[MergedContextConfiguration@7d651733 testClass = EntityMappingIntegrationTests, locations = '{}', classes = '{class ru.egalvi.problem.config.JPAConfiguration}', contextInitializerClasses = '[]', activeProfiles = '{}', contextLoader = 'org.springframework.test.context.support.DelegatingSmartContextLoader', parent = [null]]].
DEBUG - InjectionMetadata          - Processing injected method of bean 'ru.egalvi.problem.persistance.integration.EntityMappingIntegrationTests': AutowiredFieldElement for javax.persistence.EntityManager ru.egalvi.problem.persistance.integration.EntityMappingIntegrationTests.manager
DEBUG - DefaultListableBeanFactory - Returning cached instance of singleton bean 'entityManager'
DEBUG - AwareContextLoaderDelegate - Retrieved ApplicationContext from cache with key [[MergedContextConfiguration@7d651733 testClass = EntityMappingIntegrationTests, locations = '{}', classes = '{class ru.egalvi.problem.config.JPAConfiguration}', contextInitializerClasses = '[]', activeProfiles = '{}', contextLoader = 'org.springframework.test.context.support.DelegatingSmartContextLoader', parent = [null]]].
DEBUG - TransactionAttributeSource - Adding transactional method 'categoryMapping' with attribute: PROPAGATION_REQUIRED,ISOLATION_DEFAULT; ''
DEBUG - ionalTestExecutionListener - Explicit transaction definition [PROPAGATION_REQUIRED,ISOLATION_DEFAULT; ''] found for test context [TestContext@3f53447a testClass = EntityMappingIntegrationTests, testInstance = ru.egalvi.problem.persistance.integration.EntityMappingIntegrationTests@317d9c67, testMethod = categoryMapping@EntityMappingIntegrationTests, testException = [null], mergedContextConfiguration = [MergedContextConfiguration@7d651733 testClass = EntityMappingIntegrationTests, locations = '{}', classes = '{class ru.egalvi.problem.config.JPAConfiguration}', contextInitializerClasses = '[]', activeProfiles = '{}', contextLoader = 'org.springframework.test.context.support.DelegatingSmartContextLoader', parent = [null]]]
DEBUG - AwareContextLoaderDelegate - Retrieved ApplicationContext from cache with key [[MergedContextConfiguration@7d651733 testClass = EntityMappingIntegrationTests, locations = '{}', classes = '{class ru.egalvi.problem.config.JPAConfiguration}', contextInitializerClasses = '[]', activeProfiles = '{}', contextLoader = 'org.springframework.test.context.support.DelegatingSmartContextLoader', parent = [null]]].
DEBUG - DefaultListableBeanFactory - Returning cached instance of singleton bean 'transactionManager'
DEBUG - JpaTransactionManager      - Creating new transaction with name [categoryMapping]: PROPAGATION_REQUIRED,ISOLATION_DEFAULT; ''
DEBUG - SessionImpl                - Opened session at timestamp: 14108753911
DEBUG - JpaTransactionManager      - Opened new EntityManager [org.hibernate.ejb.EntityManagerImpl@2da74793] for JPA transaction
DEBUG - AbstractTransactionImpl    - begin
DEBUG - LogicalConnectionImpl      - Obtaining JDBC connection
DEBUG - LogicalConnectionImpl      - Obtained JDBC connection
DEBUG - JdbcTransaction            - initial autocommit status: true
DEBUG - JdbcTransaction            - disabling autocommit
DEBUG - JpaTransactionManager      - Not exposing JPA transaction [org.hibernate.ejb.EntityManagerImpl@2da74793] as JDBC transaction because JpaDialect [org.springframework.orm.jpa.DefaultJpaDialect@6b092ccf] does not support JDBC Connection retrieval
DEBUG - ionalTestExecutionListener - No method-level @Rollback override: using default rollback [true] for test context [TestContext@3f53447a testClass = EntityMappingIntegrationTests, testInstance = ru.egalvi.problem.persistance.integration.EntityMappingIntegrationTests@317d9c67, testMethod = categoryMapping@EntityMappingIntegrationTests, testException = [null], mergedContextConfiguration = [MergedContextConfiguration@7d651733 testClass = EntityMappingIntegrationTests, locations = '{}', classes = '{class ru.egalvi.problem.config.JPAConfiguration}', contextInitializerClasses = '[]', activeProfiles = '{}', contextLoader = 'org.springframework.test.context.support.DelegatingSmartContextLoader', parent = [null]]]
INFO  - ionalTestExecutionListener - Began transaction (3): transaction manager [org.springframework.orm.jpa.JpaTransactionManager@4ae85f19]; rollback [true]
DEBUG - ionalTestExecutionListener - No method-level @Rollback override: using default rollback [true] for test context [TestContext@3f53447a testClass = EntityMappingIntegrationTests, testInstance = ru.egalvi.problem.persistance.integration.EntityMappingIntegrationTests@317d9c67, testMethod = categoryMapping@EntityMappingIntegrationTests, testException = [null], mergedContextConfiguration = [MergedContextConfiguration@7d651733 testClass = EntityMappingIntegrationTests, locations = '{}', classes = '{class ru.egalvi.problem.config.JPAConfiguration}', contextInitializerClasses = '[]', activeProfiles = '{}', contextLoader = 'org.springframework.test.context.support.DelegatingSmartContextLoader', parent = [null]]]
DEBUG - JpaTransactionManager      - Initiating transaction rollback
DEBUG - JpaTransactionManager      - Rolling back JPA transaction on EntityManager [org.hibernate.ejb.EntityManagerImpl@2da74793]
DEBUG - AbstractTransactionImpl    - rolling back
DEBUG - JdbcTransaction            - rolled JDBC Connection
DEBUG - JdbcTransaction            - re-enabling autocommit
DEBUG - JpaTransactionManager      - Closing JPA EntityManager [org.hibernate.ejb.EntityManagerImpl@2da74793] after transaction
DEBUG - EntityManagerFactoryUtils  - Closing JPA EntityManager
DEBUG - LogicalConnectionImpl      - Releasing JDBC connection
DEBUG - LogicalConnectionImpl      - Released JDBC connection
INFO  - ionalTestExecutionListener - Rolled back transaction after test execution for test context [TestContext@3f53447a testClass = EntityMappingIntegrationTests, testInstance = ru.egalvi.problem.persistance.integration.EntityMappingIntegrationTests@317d9c67, testMethod = categoryMapping@EntityMappingIntegrationTests, testException = [null], mergedContextConfiguration = [MergedContextConfiguration@7d651733 testClass = EntityMappingIntegrationTests, locations = '{}', classes = '{class ru.egalvi.problem.config.JPAConfiguration}', contextInitializerClasses = '[]', activeProfiles = '{}', contextLoader = 'org.springframework.test.context.support.DelegatingSmartContextLoader', parent = [null]]]
DEBUG - ntextTestExecutionListener - After test method: context [[TestContext@3f53447a testClass = EntityMappingIntegrationTests, testInstance = ru.egalvi.problem.persistance.integration.EntityMappingIntegrationTests@317d9c67, testMethod = categoryMapping@EntityMappingIntegrationTests, testException = [null], mergedContextConfiguration = [MergedContextConfiguration@7d651733 testClass = EntityMappingIntegrationTests, locations = '{}', classes = '{class ru.egalvi.problem.config.JPAConfiguration}', contextInitializerClasses = '[]', activeProfiles = '{}', contextLoader = 'org.springframework.test.context.support.DelegatingSmartContextLoader', parent = [null]]]], class dirties context [false], class mode [null], method dirties context [false].
DEBUG - rvletTestExecutionListener - Resetting RequestContextHolder for test context [TestContext@3f53447a testClass = EntityMappingIntegrationTests, testInstance = ru.egalvi.problem.persistance.integration.EntityMappingIntegrationTests@317d9c67, testMethod = categoryMapping@EntityMappingIntegrationTests, testException = [null], mergedContextConfiguration = [MergedContextConfiguration@7d651733 testClass = EntityMappingIntegrationTests, locations = '{}', classes = '{class ru.egalvi.problem.config.JPAConfiguration}', contextInitializerClasses = '[]', activeProfiles = '{}', contextLoader = 'org.springframework.test.context.support.DelegatingSmartContextLoader', parent = [null]]].
DEBUG - ProfileValueUtils          - Retrieved @ProfileValueSourceConfiguration [null] for test class [ru.egalvi.problem.persistance.integration.EntityMappingIntegrationTests]
DEBUG - ProfileValueUtils          - Retrieved ProfileValueSource type [class org.springframework.test.annotation.SystemProfileValueSource] for class [ru.egalvi.problem.persistance.integration.EntityMappingIntegrationTests]
DEBUG - AwareContextLoaderDelegate - Retrieved ApplicationContext from cache with key [[MergedContextConfiguration@7d651733 testClass = EntityMappingIntegrationTests, locations = '{}', classes = '{class ru.egalvi.problem.config.JPAConfiguration}', contextInitializerClasses = '[]', activeProfiles = '{}', contextLoader = 'org.springframework.test.context.support.DelegatingSmartContextLoader', parent = [null]]].
DEBUG - ctionTestExecutionListener - Performing dependency injection for test context [[TestContext@3f53447a testClass = EntityMappingIntegrationTests, testInstance = ru.egalvi.problem.persistance.integration.EntityMappingIntegrationTests@42f1d477, testMethod = [null], testException = [null], mergedContextConfiguration = [MergedContextConfiguration@7d651733 testClass = EntityMappingIntegrationTests, locations = '{}', classes = '{class ru.egalvi.problem.config.JPAConfiguration}', contextInitializerClasses = '[]', activeProfiles = '{}', contextLoader = 'org.springframework.test.context.support.DelegatingSmartContextLoader', parent = [null]]]].
DEBUG - AwareContextLoaderDelegate - Retrieved ApplicationContext from cache with key [[MergedContextConfiguration@7d651733 testClass = EntityMappingIntegrationTests, locations = '{}', classes = '{class ru.egalvi.problem.config.JPAConfiguration}', contextInitializerClasses = '[]', activeProfiles = '{}', contextLoader = 'org.springframework.test.context.support.DelegatingSmartContextLoader', parent = [null]]].
DEBUG - InjectionMetadata          - Processing injected method of bean 'ru.egalvi.problem.persistance.integration.EntityMappingIntegrationTests': AutowiredFieldElement for javax.persistence.EntityManager ru.egalvi.problem.persistance.integration.EntityMappingIntegrationTests.manager
DEBUG - DefaultListableBeanFactory - Returning cached instance of singleton bean 'entityManager'
DEBUG - AwareContextLoaderDelegate - Retrieved ApplicationContext from cache with key [[MergedContextConfiguration@7d651733 testClass = EntityMappingIntegrationTests, locations = '{}', classes = '{class ru.egalvi.problem.config.JPAConfiguration}', contextInitializerClasses = '[]', activeProfiles = '{}', contextLoader = 'org.springframework.test.context.support.DelegatingSmartContextLoader', parent = [null]]].
DEBUG - TransactionAttributeSource - Adding transactional method 'disciplineMapping' with attribute: PROPAGATION_REQUIRED,ISOLATION_DEFAULT; ''
DEBUG - ionalTestExecutionListener - Explicit transaction definition [PROPAGATION_REQUIRED,ISOLATION_DEFAULT; ''] found for test context [TestContext@3f53447a testClass = EntityMappingIntegrationTests, testInstance = ru.egalvi.problem.persistance.integration.EntityMappingIntegrationTests@42f1d477, testMethod = disciplineMapping@EntityMappingIntegrationTests, testException = [null], mergedContextConfiguration = [MergedContextConfiguration@7d651733 testClass = EntityMappingIntegrationTests, locations = '{}', classes = '{class ru.egalvi.problem.config.JPAConfiguration}', contextInitializerClasses = '[]', activeProfiles = '{}', contextLoader = 'org.springframework.test.context.support.DelegatingSmartContextLoader', parent = [null]]]
DEBUG - AwareContextLoaderDelegate - Retrieved ApplicationContext from cache with key [[MergedContextConfiguration@7d651733 testClass = EntityMappingIntegrationTests, locations = '{}', classes = '{class ru.egalvi.problem.config.JPAConfiguration}', contextInitializerClasses = '[]', activeProfiles = '{}', contextLoader = 'org.springframework.test.context.support.DelegatingSmartContextLoader', parent = [null]]].
DEBUG - DefaultListableBeanFactory - Returning cached instance of singleton bean 'transactionManager'
DEBUG - JpaTransactionManager      - Creating new transaction with name [disciplineMapping]: PROPAGATION_REQUIRED,ISOLATION_DEFAULT; ''
DEBUG - SessionImpl                - Opened session at timestamp: 14108753911
DEBUG - JpaTransactionManager      - Opened new EntityManager [org.hibernate.ejb.EntityManagerImpl@12b3f2f7] for JPA transaction
DEBUG - AbstractTransactionImpl    - begin
DEBUG - LogicalConnectionImpl      - Obtaining JDBC connection
DEBUG - LogicalConnectionImpl      - Obtained JDBC connection
DEBUG - JdbcTransaction            - initial autocommit status: true
DEBUG - JdbcTransaction            - disabling autocommit
DEBUG - JpaTransactionManager      - Not exposing JPA transaction [org.hibernate.ejb.EntityManagerImpl@12b3f2f7] as JDBC transaction because JpaDialect [org.springframework.orm.jpa.DefaultJpaDialect@6b092ccf] does not support JDBC Connection retrieval
DEBUG - ionalTestExecutionListener - No method-level @Rollback override: using default rollback [true] for test context [TestContext@3f53447a testClass = EntityMappingIntegrationTests, testInstance = ru.egalvi.problem.persistance.integration.EntityMappingIntegrationTests@42f1d477, testMethod = disciplineMapping@EntityMappingIntegrationTests, testException = [null], mergedContextConfiguration = [MergedContextConfiguration@7d651733 testClass = EntityMappingIntegrationTests, locations = '{}', classes = '{class ru.egalvi.problem.config.JPAConfiguration}', contextInitializerClasses = '[]', activeProfiles = '{}', contextLoader = 'org.springframework.test.context.support.DelegatingSmartContextLoader', parent = [null]]]
INFO  - ionalTestExecutionListener - Began transaction (4): transaction manager [org.springframework.orm.jpa.JpaTransactionManager@4ae85f19]; rollback [true]
DEBUG - ionalTestExecutionListener - No method-level @Rollback override: using default rollback [true] for test context [TestContext@3f53447a testClass = EntityMappingIntegrationTests, testInstance = ru.egalvi.problem.persistance.integration.EntityMappingIntegrationTests@42f1d477, testMethod = disciplineMapping@EntityMappingIntegrationTests, testException = [null], mergedContextConfiguration = [MergedContextConfiguration@7d651733 testClass = EntityMappingIntegrationTests, locations = '{}', classes = '{class ru.egalvi.problem.config.JPAConfiguration}', contextInitializerClasses = '[]', activeProfiles = '{}', contextLoader = 'org.springframework.test.context.support.DelegatingSmartContextLoader', parent = [null]]]
DEBUG - JpaTransactionManager      - Initiating transaction rollback
DEBUG - JpaTransactionManager      - Rolling back JPA transaction on EntityManager [org.hibernate.ejb.EntityManagerImpl@12b3f2f7]
DEBUG - AbstractTransactionImpl    - rolling back
DEBUG - JdbcTransaction            - rolled JDBC Connection
DEBUG - JdbcTransaction            - re-enabling autocommit
DEBUG - JpaTransactionManager      - Closing JPA EntityManager [org.hibernate.ejb.EntityManagerImpl@12b3f2f7] after transaction
DEBUG - EntityManagerFactoryUtils  - Closing JPA EntityManager
DEBUG - LogicalConnectionImpl      - Releasing JDBC connection
DEBUG - LogicalConnectionImpl      - Released JDBC connection
INFO  - ionalTestExecutionListener - Rolled back transaction after test execution for test context [TestContext@3f53447a testClass = EntityMappingIntegrationTests, testInstance = ru.egalvi.problem.persistance.integration.EntityMappingIntegrationTests@42f1d477, testMethod = disciplineMapping@EntityMappingIntegrationTests, testException = [null], mergedContextConfiguration = [MergedContextConfiguration@7d651733 testClass = EntityMappingIntegrationTests, locations = '{}', classes = '{class ru.egalvi.problem.config.JPAConfiguration}', contextInitializerClasses = '[]', activeProfiles = '{}', contextLoader = 'org.springframework.test.context.support.DelegatingSmartContextLoader', parent = [null]]]
DEBUG - ntextTestExecutionListener - After test method: context [[TestContext@3f53447a testClass = EntityMappingIntegrationTests, testInstance = ru.egalvi.problem.persistance.integration.EntityMappingIntegrationTests@42f1d477, testMethod = disciplineMapping@EntityMappingIntegrationTests, testException = [null], mergedContextConfiguration = [MergedContextConfiguration@7d651733 testClass = EntityMappingIntegrationTests, locations = '{}', classes = '{class ru.egalvi.problem.config.JPAConfiguration}', contextInitializerClasses = '[]', activeProfiles = '{}', contextLoader = 'org.springframework.test.context.support.DelegatingSmartContextLoader', parent = [null]]]], class dirties context [false], class mode [null], method dirties context [false].
DEBUG - rvletTestExecutionListener - Resetting RequestContextHolder for test context [TestContext@3f53447a testClass = EntityMappingIntegrationTests, testInstance = ru.egalvi.problem.persistance.integration.EntityMappingIntegrationTests@42f1d477, testMethod = disciplineMapping@EntityMappingIntegrationTests, testException = [null], mergedContextConfiguration = [MergedContextConfiguration@7d651733 testClass = EntityMappingIntegrationTests, locations = '{}', classes = '{class ru.egalvi.problem.config.JPAConfiguration}', contextInitializerClasses = '[]', activeProfiles = '{}', contextLoader = 'org.springframework.test.context.support.DelegatingSmartContextLoader', parent = [null]]].
DEBUG - ntextTestExecutionListener - After test class: context [[TestContext@3f53447a testClass = EntityMappingIntegrationTests, testInstance = [null], testMethod = [null], testException = [null], mergedContextConfiguration = [MergedContextConfiguration@7d651733 testClass = EntityMappingIntegrationTests, locations = '{}', classes = '{class ru.egalvi.problem.config.JPAConfiguration}', contextInitializerClasses = '[]', activeProfiles = '{}', contextLoader = 'org.springframework.test.context.support.DelegatingSmartContextLoader', parent = [null]]]], dirtiesContext [false].
]]></system-out>
  <system-err><![CDATA[]]></system-err>
</testsuite>
